[2022-05-24 21:13:59,557] {processor.py:153} INFO - Started process (PID=67) to work on /home/airflow/.local/lib/python3.7/site-packages/airflow/example_dags/example_latest_only.py
[2022-05-24 21:13:59,559] {processor.py:641} INFO - Processing file /home/airflow/.local/lib/python3.7/site-packages/airflow/example_dags/example_latest_only.py for tasks to queue
[2022-05-24 21:13:59,560] {logging_mixin.py:115} INFO - [2022-05-24 21:13:59,560] {dagbag.py:507} INFO - Filling up the DagBag from /home/airflow/.local/lib/python3.7/site-packages/airflow/example_dags/example_latest_only.py
[2022-05-24 21:13:59,567] {processor.py:651} INFO - DAG(s) dict_keys(['latest_only']) retrieved from /home/airflow/.local/lib/python3.7/site-packages/airflow/example_dags/example_latest_only.py
[2022-05-24 21:13:59,876] {logging_mixin.py:115} INFO - [2022-05-24 21:13:59,875] {manager.py:508} INFO - Created Permission View: can read on DAG:latest_only
[2022-05-24 21:13:59,893] {logging_mixin.py:115} INFO - [2022-05-24 21:13:59,893] {manager.py:508} INFO - Created Permission View: can delete on DAG:latest_only
[2022-05-24 21:13:59,902] {logging_mixin.py:115} INFO - [2022-05-24 21:13:59,901] {manager.py:508} INFO - Created Permission View: can edit on DAG:latest_only
[2022-05-24 21:13:59,903] {logging_mixin.py:115} INFO - [2022-05-24 21:13:59,903] {dag.py:2371} INFO - Sync 1 DAGs
[2022-05-24 21:13:59,914] {logging_mixin.py:115} INFO - [2022-05-24 21:13:59,914] {dag.py:2390} INFO - Creating ORM DAG for latest_only
[2022-05-24 21:13:59,923] {logging_mixin.py:115} INFO - [2022-05-24 21:13:59,923] {dag.py:2919} INFO - Setting next_dagrun for latest_only to 2022-05-24T17:13:59.922973+00:00, run_after=2022-05-24T21:13:59.922973+00:00
[2022-05-24 21:13:59,934] {processor.py:161} INFO - Processing /home/airflow/.local/lib/python3.7/site-packages/airflow/example_dags/example_latest_only.py took 0.381 seconds
[2022-05-24 21:14:29,998] {processor.py:153} INFO - Started process (PID=135) to work on /home/airflow/.local/lib/python3.7/site-packages/airflow/example_dags/example_latest_only.py
[2022-05-24 21:14:30,001] {processor.py:641} INFO - Processing file /home/airflow/.local/lib/python3.7/site-packages/airflow/example_dags/example_latest_only.py for tasks to queue
[2022-05-24 21:14:30,002] {logging_mixin.py:115} INFO - [2022-05-24 21:14:30,002] {dagbag.py:507} INFO - Filling up the DagBag from /home/airflow/.local/lib/python3.7/site-packages/airflow/example_dags/example_latest_only.py
[2022-05-24 21:14:30,010] {processor.py:651} INFO - DAG(s) dict_keys(['latest_only']) retrieved from /home/airflow/.local/lib/python3.7/site-packages/airflow/example_dags/example_latest_only.py
[2022-05-24 21:14:30,050] {logging_mixin.py:115} INFO - [2022-05-24 21:14:30,050] {dag.py:2371} INFO - Sync 1 DAGs
[2022-05-24 21:14:30,086] {logging_mixin.py:115} INFO - [2022-05-24 21:14:30,086] {dag.py:2919} INFO - Setting next_dagrun for latest_only to 2022-05-24T17:14:30.086420+00:00, run_after=2022-05-24T21:14:30.086420+00:00
[2022-05-24 21:14:30,399] {processor.py:161} INFO - Processing /home/airflow/.local/lib/python3.7/site-packages/airflow/example_dags/example_latest_only.py took 0.404 seconds
[2022-05-24 21:15:00,637] {processor.py:153} INFO - Started process (PID=203) to work on /home/airflow/.local/lib/python3.7/site-packages/airflow/example_dags/example_latest_only.py
[2022-05-24 21:15:00,639] {processor.py:641} INFO - Processing file /home/airflow/.local/lib/python3.7/site-packages/airflow/example_dags/example_latest_only.py for tasks to queue
[2022-05-24 21:15:00,640] {logging_mixin.py:115} INFO - [2022-05-24 21:15:00,640] {dagbag.py:507} INFO - Filling up the DagBag from /home/airflow/.local/lib/python3.7/site-packages/airflow/example_dags/example_latest_only.py
[2022-05-24 21:15:00,646] {processor.py:651} INFO - DAG(s) dict_keys(['latest_only']) retrieved from /home/airflow/.local/lib/python3.7/site-packages/airflow/example_dags/example_latest_only.py
[2022-05-24 21:15:00,672] {logging_mixin.py:115} INFO - [2022-05-24 21:15:00,672] {dag.py:2371} INFO - Sync 1 DAGs
[2022-05-24 21:15:00,695] {logging_mixin.py:115} INFO - [2022-05-24 21:15:00,694] {dag.py:2919} INFO - Setting next_dagrun for latest_only to 2022-05-24T17:15:00.694737+00:00, run_after=2022-05-24T21:15:00.694737+00:00
[2022-05-24 21:15:00,703] {processor.py:161} INFO - Processing /home/airflow/.local/lib/python3.7/site-packages/airflow/example_dags/example_latest_only.py took 0.070 seconds
[2022-05-24 21:15:31,128] {processor.py:153} INFO - Started process (PID=273) to work on /home/airflow/.local/lib/python3.7/site-packages/airflow/example_dags/example_latest_only.py
[2022-05-24 21:15:31,130] {processor.py:641} INFO - Processing file /home/airflow/.local/lib/python3.7/site-packages/airflow/example_dags/example_latest_only.py for tasks to queue
[2022-05-24 21:15:31,131] {logging_mixin.py:115} INFO - [2022-05-24 21:15:31,131] {dagbag.py:507} INFO - Filling up the DagBag from /home/airflow/.local/lib/python3.7/site-packages/airflow/example_dags/example_latest_only.py
[2022-05-24 21:15:31,136] {processor.py:651} INFO - DAG(s) dict_keys(['latest_only']) retrieved from /home/airflow/.local/lib/python3.7/site-packages/airflow/example_dags/example_latest_only.py
[2022-05-24 21:15:31,159] {logging_mixin.py:115} INFO - [2022-05-24 21:15:31,159] {dag.py:2371} INFO - Sync 1 DAGs
[2022-05-24 21:15:31,179] {logging_mixin.py:115} INFO - [2022-05-24 21:15:31,179] {dag.py:2919} INFO - Setting next_dagrun for latest_only to 2022-05-24T17:15:31.178820+00:00, run_after=2022-05-24T21:15:31.178820+00:00
[2022-05-24 21:15:31,186] {processor.py:161} INFO - Processing /home/airflow/.local/lib/python3.7/site-packages/airflow/example_dags/example_latest_only.py took 0.060 seconds
[2022-05-24 21:16:01,562] {processor.py:153} INFO - Started process (PID=332) to work on /home/airflow/.local/lib/python3.7/site-packages/airflow/example_dags/example_latest_only.py
[2022-05-24 21:16:01,565] {processor.py:641} INFO - Processing file /home/airflow/.local/lib/python3.7/site-packages/airflow/example_dags/example_latest_only.py for tasks to queue
[2022-05-24 21:16:01,568] {logging_mixin.py:115} INFO - [2022-05-24 21:16:01,568] {dagbag.py:507} INFO - Filling up the DagBag from /home/airflow/.local/lib/python3.7/site-packages/airflow/example_dags/example_latest_only.py
[2022-05-24 21:16:01,580] {processor.py:651} INFO - DAG(s) dict_keys(['latest_only']) retrieved from /home/airflow/.local/lib/python3.7/site-packages/airflow/example_dags/example_latest_only.py
[2022-05-24 21:16:01,620] {logging_mixin.py:115} INFO - [2022-05-24 21:16:01,619] {dag.py:2371} INFO - Sync 1 DAGs
[2022-05-24 21:16:01,643] {logging_mixin.py:115} INFO - [2022-05-24 21:16:01,643] {dag.py:2919} INFO - Setting next_dagrun for latest_only to 2022-05-24T17:16:01.643052+00:00, run_after=2022-05-24T21:16:01.643052+00:00
[2022-05-24 21:16:01,662] {processor.py:161} INFO - Processing /home/airflow/.local/lib/python3.7/site-packages/airflow/example_dags/example_latest_only.py took 0.103 seconds
[2022-05-24 21:16:32,344] {processor.py:153} INFO - Started process (PID=399) to work on /home/airflow/.local/lib/python3.7/site-packages/airflow/example_dags/example_latest_only.py
[2022-05-24 21:16:32,346] {processor.py:641} INFO - Processing file /home/airflow/.local/lib/python3.7/site-packages/airflow/example_dags/example_latest_only.py for tasks to queue
[2022-05-24 21:16:32,347] {logging_mixin.py:115} INFO - [2022-05-24 21:16:32,347] {dagbag.py:507} INFO - Filling up the DagBag from /home/airflow/.local/lib/python3.7/site-packages/airflow/example_dags/example_latest_only.py
[2022-05-24 21:16:32,351] {processor.py:651} INFO - DAG(s) dict_keys(['latest_only']) retrieved from /home/airflow/.local/lib/python3.7/site-packages/airflow/example_dags/example_latest_only.py
[2022-05-24 21:16:32,368] {logging_mixin.py:115} INFO - [2022-05-24 21:16:32,368] {dag.py:2371} INFO - Sync 1 DAGs
[2022-05-24 21:16:32,404] {logging_mixin.py:115} INFO - [2022-05-24 21:16:32,404] {dag.py:2919} INFO - Setting next_dagrun for latest_only to 2022-05-24T17:16:32.404044+00:00, run_after=2022-05-24T21:16:32.404044+00:00
[2022-05-24 21:16:32,435] {processor.py:161} INFO - Processing /home/airflow/.local/lib/python3.7/site-packages/airflow/example_dags/example_latest_only.py took 0.092 seconds
[2022-05-24 21:17:02,518] {processor.py:153} INFO - Started process (PID=463) to work on /home/airflow/.local/lib/python3.7/site-packages/airflow/example_dags/example_latest_only.py
[2022-05-24 21:17:02,520] {processor.py:641} INFO - Processing file /home/airflow/.local/lib/python3.7/site-packages/airflow/example_dags/example_latest_only.py for tasks to queue
[2022-05-24 21:17:02,521] {logging_mixin.py:115} INFO - [2022-05-24 21:17:02,521] {dagbag.py:507} INFO - Filling up the DagBag from /home/airflow/.local/lib/python3.7/site-packages/airflow/example_dags/example_latest_only.py
[2022-05-24 21:17:02,525] {processor.py:651} INFO - DAG(s) dict_keys(['latest_only']) retrieved from /home/airflow/.local/lib/python3.7/site-packages/airflow/example_dags/example_latest_only.py
[2022-05-24 21:17:02,545] {logging_mixin.py:115} INFO - [2022-05-24 21:17:02,545] {dag.py:2371} INFO - Sync 1 DAGs
[2022-05-24 21:17:02,561] {logging_mixin.py:115} INFO - [2022-05-24 21:17:02,561] {dag.py:2919} INFO - Setting next_dagrun for latest_only to 2022-05-24T17:17:02.561474+00:00, run_after=2022-05-24T21:17:02.561474+00:00
[2022-05-24 21:17:02,570] {processor.py:161} INFO - Processing /home/airflow/.local/lib/python3.7/site-packages/airflow/example_dags/example_latest_only.py took 0.054 seconds
[2022-05-24 21:17:33,205] {processor.py:153} INFO - Started process (PID=534) to work on /home/airflow/.local/lib/python3.7/site-packages/airflow/example_dags/example_latest_only.py
[2022-05-24 21:17:33,206] {processor.py:641} INFO - Processing file /home/airflow/.local/lib/python3.7/site-packages/airflow/example_dags/example_latest_only.py for tasks to queue
[2022-05-24 21:17:33,207] {logging_mixin.py:115} INFO - [2022-05-24 21:17:33,207] {dagbag.py:507} INFO - Filling up the DagBag from /home/airflow/.local/lib/python3.7/site-packages/airflow/example_dags/example_latest_only.py
[2022-05-24 21:17:33,211] {processor.py:651} INFO - DAG(s) dict_keys(['latest_only']) retrieved from /home/airflow/.local/lib/python3.7/site-packages/airflow/example_dags/example_latest_only.py
[2022-05-24 21:17:33,228] {logging_mixin.py:115} INFO - [2022-05-24 21:17:33,228] {dag.py:2371} INFO - Sync 1 DAGs
[2022-05-24 21:17:33,243] {logging_mixin.py:115} INFO - [2022-05-24 21:17:33,243] {dag.py:2919} INFO - Setting next_dagrun for latest_only to 2022-05-24T17:17:33.243671+00:00, run_after=2022-05-24T21:17:33.243671+00:00
[2022-05-24 21:17:33,252] {processor.py:161} INFO - Processing /home/airflow/.local/lib/python3.7/site-packages/airflow/example_dags/example_latest_only.py took 0.050 seconds
[2022-05-24 21:18:05,657] {processor.py:153} INFO - Started process (PID=600) to work on /home/airflow/.local/lib/python3.7/site-packages/airflow/example_dags/example_latest_only.py
[2022-05-24 21:18:05,659] {processor.py:641} INFO - Processing file /home/airflow/.local/lib/python3.7/site-packages/airflow/example_dags/example_latest_only.py for tasks to queue
[2022-05-24 21:18:05,660] {logging_mixin.py:115} INFO - [2022-05-24 21:18:05,660] {dagbag.py:507} INFO - Filling up the DagBag from /home/airflow/.local/lib/python3.7/site-packages/airflow/example_dags/example_latest_only.py
[2022-05-24 21:18:05,664] {processor.py:651} INFO - DAG(s) dict_keys(['latest_only']) retrieved from /home/airflow/.local/lib/python3.7/site-packages/airflow/example_dags/example_latest_only.py
[2022-05-24 21:18:05,686] {logging_mixin.py:115} INFO - [2022-05-24 21:18:05,686] {dag.py:2371} INFO - Sync 1 DAGs
[2022-05-24 21:18:05,704] {logging_mixin.py:115} INFO - [2022-05-24 21:18:05,704] {dag.py:2919} INFO - Setting next_dagrun for latest_only to 2022-05-24T17:18:05.704436+00:00, run_after=2022-05-24T21:18:05.704436+00:00
[2022-05-24 21:18:05,712] {processor.py:161} INFO - Processing /home/airflow/.local/lib/python3.7/site-packages/airflow/example_dags/example_latest_only.py took 0.059 seconds
[2022-05-24 21:18:35,945] {processor.py:153} INFO - Started process (PID=659) to work on /home/airflow/.local/lib/python3.7/site-packages/airflow/example_dags/example_latest_only.py
[2022-05-24 21:18:35,946] {processor.py:641} INFO - Processing file /home/airflow/.local/lib/python3.7/site-packages/airflow/example_dags/example_latest_only.py for tasks to queue
[2022-05-24 21:18:35,947] {logging_mixin.py:115} INFO - [2022-05-24 21:18:35,947] {dagbag.py:507} INFO - Filling up the DagBag from /home/airflow/.local/lib/python3.7/site-packages/airflow/example_dags/example_latest_only.py
[2022-05-24 21:18:35,952] {processor.py:651} INFO - DAG(s) dict_keys(['latest_only']) retrieved from /home/airflow/.local/lib/python3.7/site-packages/airflow/example_dags/example_latest_only.py
[2022-05-24 21:18:35,971] {logging_mixin.py:115} INFO - [2022-05-24 21:18:35,971] {dag.py:2371} INFO - Sync 1 DAGs
[2022-05-24 21:18:35,986] {logging_mixin.py:115} INFO - [2022-05-24 21:18:35,986] {dag.py:2919} INFO - Setting next_dagrun for latest_only to 2022-05-24T17:18:35.985867+00:00, run_after=2022-05-24T21:18:35.985867+00:00
[2022-05-24 21:18:35,993] {processor.py:161} INFO - Processing /home/airflow/.local/lib/python3.7/site-packages/airflow/example_dags/example_latest_only.py took 0.050 seconds
[2022-05-24 21:19:06,180] {processor.py:153} INFO - Started process (PID=725) to work on /home/airflow/.local/lib/python3.7/site-packages/airflow/example_dags/example_latest_only.py
[2022-05-24 21:19:06,181] {processor.py:641} INFO - Processing file /home/airflow/.local/lib/python3.7/site-packages/airflow/example_dags/example_latest_only.py for tasks to queue
[2022-05-24 21:19:06,182] {logging_mixin.py:115} INFO - [2022-05-24 21:19:06,182] {dagbag.py:507} INFO - Filling up the DagBag from /home/airflow/.local/lib/python3.7/site-packages/airflow/example_dags/example_latest_only.py
[2022-05-24 21:19:06,186] {processor.py:651} INFO - DAG(s) dict_keys(['latest_only']) retrieved from /home/airflow/.local/lib/python3.7/site-packages/airflow/example_dags/example_latest_only.py
[2022-05-24 21:19:06,206] {logging_mixin.py:115} INFO - [2022-05-24 21:19:06,206] {dag.py:2371} INFO - Sync 1 DAGs
[2022-05-24 21:19:06,311] {logging_mixin.py:115} INFO - [2022-05-24 21:19:06,311] {dag.py:2919} INFO - Setting next_dagrun for latest_only to 2022-05-24T17:19:06.310928+00:00, run_after=2022-05-24T21:19:06.310928+00:00
[2022-05-24 21:19:06,319] {processor.py:161} INFO - Processing /home/airflow/.local/lib/python3.7/site-packages/airflow/example_dags/example_latest_only.py took 0.141 seconds
[2022-05-24 21:19:36,705] {processor.py:153} INFO - Started process (PID=794) to work on /home/airflow/.local/lib/python3.7/site-packages/airflow/example_dags/example_latest_only.py
[2022-05-24 21:19:36,706] {processor.py:641} INFO - Processing file /home/airflow/.local/lib/python3.7/site-packages/airflow/example_dags/example_latest_only.py for tasks to queue
[2022-05-24 21:19:36,707] {logging_mixin.py:115} INFO - [2022-05-24 21:19:36,707] {dagbag.py:507} INFO - Filling up the DagBag from /home/airflow/.local/lib/python3.7/site-packages/airflow/example_dags/example_latest_only.py
[2022-05-24 21:19:36,713] {processor.py:651} INFO - DAG(s) dict_keys(['latest_only']) retrieved from /home/airflow/.local/lib/python3.7/site-packages/airflow/example_dags/example_latest_only.py
[2022-05-24 21:19:36,731] {logging_mixin.py:115} INFO - [2022-05-24 21:19:36,731] {dag.py:2371} INFO - Sync 1 DAGs
[2022-05-24 21:19:36,828] {logging_mixin.py:115} INFO - [2022-05-24 21:19:36,828] {dag.py:2919} INFO - Setting next_dagrun for latest_only to 2022-05-24T17:19:36.828055+00:00, run_after=2022-05-24T21:19:36.828055+00:00
[2022-05-24 21:19:36,835] {processor.py:161} INFO - Processing /home/airflow/.local/lib/python3.7/site-packages/airflow/example_dags/example_latest_only.py took 0.133 seconds
[2022-05-24 21:20:07,696] {processor.py:153} INFO - Started process (PID=865) to work on /home/airflow/.local/lib/python3.7/site-packages/airflow/example_dags/example_latest_only.py
[2022-05-24 21:20:07,699] {processor.py:641} INFO - Processing file /home/airflow/.local/lib/python3.7/site-packages/airflow/example_dags/example_latest_only.py for tasks to queue
[2022-05-24 21:20:07,708] {logging_mixin.py:115} INFO - [2022-05-24 21:20:07,707] {dagbag.py:507} INFO - Filling up the DagBag from /home/airflow/.local/lib/python3.7/site-packages/airflow/example_dags/example_latest_only.py
[2022-05-24 21:20:07,713] {processor.py:651} INFO - DAG(s) dict_keys(['latest_only']) retrieved from /home/airflow/.local/lib/python3.7/site-packages/airflow/example_dags/example_latest_only.py
[2022-05-24 21:20:07,742] {logging_mixin.py:115} INFO - [2022-05-24 21:20:07,742] {dag.py:2371} INFO - Sync 1 DAGs
[2022-05-24 21:20:07,909] {logging_mixin.py:115} INFO - [2022-05-24 21:20:07,909] {dag.py:2919} INFO - Setting next_dagrun for latest_only to 2022-05-24T17:20:07.909191+00:00, run_after=2022-05-24T21:20:07.909191+00:00
[2022-05-24 21:20:07,923] {processor.py:161} INFO - Processing /home/airflow/.local/lib/python3.7/site-packages/airflow/example_dags/example_latest_only.py took 0.231 seconds
[2022-05-24 21:20:38,034] {processor.py:153} INFO - Started process (PID=925) to work on /home/airflow/.local/lib/python3.7/site-packages/airflow/example_dags/example_latest_only.py
[2022-05-24 21:20:38,035] {processor.py:641} INFO - Processing file /home/airflow/.local/lib/python3.7/site-packages/airflow/example_dags/example_latest_only.py for tasks to queue
[2022-05-24 21:20:38,036] {logging_mixin.py:115} INFO - [2022-05-24 21:20:38,036] {dagbag.py:507} INFO - Filling up the DagBag from /home/airflow/.local/lib/python3.7/site-packages/airflow/example_dags/example_latest_only.py
[2022-05-24 21:20:38,040] {processor.py:651} INFO - DAG(s) dict_keys(['latest_only']) retrieved from /home/airflow/.local/lib/python3.7/site-packages/airflow/example_dags/example_latest_only.py
[2022-05-24 21:20:38,059] {logging_mixin.py:115} INFO - [2022-05-24 21:20:38,059] {dag.py:2371} INFO - Sync 1 DAGs
[2022-05-24 21:20:38,160] {logging_mixin.py:115} INFO - [2022-05-24 21:20:38,159] {dag.py:2919} INFO - Setting next_dagrun for latest_only to 2022-05-24T17:20:38.159722+00:00, run_after=2022-05-24T21:20:38.159722+00:00
[2022-05-24 21:20:38,169] {processor.py:161} INFO - Processing /home/airflow/.local/lib/python3.7/site-packages/airflow/example_dags/example_latest_only.py took 0.137 seconds
[2022-05-24 21:21:08,668] {processor.py:153} INFO - Started process (PID=993) to work on /home/airflow/.local/lib/python3.7/site-packages/airflow/example_dags/example_latest_only.py
[2022-05-24 21:21:08,670] {processor.py:641} INFO - Processing file /home/airflow/.local/lib/python3.7/site-packages/airflow/example_dags/example_latest_only.py for tasks to queue
[2022-05-24 21:21:08,670] {logging_mixin.py:115} INFO - [2022-05-24 21:21:08,670] {dagbag.py:507} INFO - Filling up the DagBag from /home/airflow/.local/lib/python3.7/site-packages/airflow/example_dags/example_latest_only.py
[2022-05-24 21:21:08,674] {processor.py:651} INFO - DAG(s) dict_keys(['latest_only']) retrieved from /home/airflow/.local/lib/python3.7/site-packages/airflow/example_dags/example_latest_only.py
[2022-05-24 21:21:08,694] {logging_mixin.py:115} INFO - [2022-05-24 21:21:08,694] {dag.py:2371} INFO - Sync 1 DAGs
[2022-05-24 21:21:08,798] {logging_mixin.py:115} INFO - [2022-05-24 21:21:08,798] {dag.py:2919} INFO - Setting next_dagrun for latest_only to 2022-05-24T17:21:08.798209+00:00, run_after=2022-05-24T21:21:08.798209+00:00
[2022-05-24 21:21:08,805] {processor.py:161} INFO - Processing /home/airflow/.local/lib/python3.7/site-packages/airflow/example_dags/example_latest_only.py took 0.140 seconds
[2022-05-24 21:21:39,232] {processor.py:153} INFO - Started process (PID=1059) to work on /home/airflow/.local/lib/python3.7/site-packages/airflow/example_dags/example_latest_only.py
[2022-05-24 21:21:39,233] {processor.py:641} INFO - Processing file /home/airflow/.local/lib/python3.7/site-packages/airflow/example_dags/example_latest_only.py for tasks to queue
[2022-05-24 21:21:39,234] {logging_mixin.py:115} INFO - [2022-05-24 21:21:39,234] {dagbag.py:507} INFO - Filling up the DagBag from /home/airflow/.local/lib/python3.7/site-packages/airflow/example_dags/example_latest_only.py
[2022-05-24 21:21:39,238] {processor.py:651} INFO - DAG(s) dict_keys(['latest_only']) retrieved from /home/airflow/.local/lib/python3.7/site-packages/airflow/example_dags/example_latest_only.py
[2022-05-24 21:21:39,255] {logging_mixin.py:115} INFO - [2022-05-24 21:21:39,255] {dag.py:2371} INFO - Sync 1 DAGs
[2022-05-24 21:21:39,349] {logging_mixin.py:115} INFO - [2022-05-24 21:21:39,349] {dag.py:2919} INFO - Setting next_dagrun for latest_only to 2022-05-24T17:21:39.349071+00:00, run_after=2022-05-24T21:21:39.349071+00:00
[2022-05-24 21:21:39,356] {processor.py:161} INFO - Processing /home/airflow/.local/lib/python3.7/site-packages/airflow/example_dags/example_latest_only.py took 0.127 seconds
[2022-05-24 21:22:11,760] {processor.py:153} INFO - Started process (PID=1133) to work on /home/airflow/.local/lib/python3.7/site-packages/airflow/example_dags/example_latest_only.py
[2022-05-24 21:22:11,770] {processor.py:641} INFO - Processing file /home/airflow/.local/lib/python3.7/site-packages/airflow/example_dags/example_latest_only.py for tasks to queue
[2022-05-24 21:22:11,773] {logging_mixin.py:115} INFO - [2022-05-24 21:22:11,773] {dagbag.py:507} INFO - Filling up the DagBag from /home/airflow/.local/lib/python3.7/site-packages/airflow/example_dags/example_latest_only.py
[2022-05-24 21:22:11,791] {processor.py:651} INFO - DAG(s) dict_keys(['latest_only']) retrieved from /home/airflow/.local/lib/python3.7/site-packages/airflow/example_dags/example_latest_only.py
[2022-05-24 21:22:11,852] {logging_mixin.py:115} INFO - [2022-05-24 21:22:11,851] {dag.py:2371} INFO - Sync 1 DAGs
[2022-05-24 21:22:12,282] {logging_mixin.py:115} INFO - [2022-05-24 21:22:12,281] {dag.py:2919} INFO - Setting next_dagrun for latest_only to 2022-05-24T17:22:12.278807+00:00, run_after=2022-05-24T21:22:12.278807+00:00
[2022-05-24 21:22:12,318] {processor.py:161} INFO - Processing /home/airflow/.local/lib/python3.7/site-packages/airflow/example_dags/example_latest_only.py took 0.573 seconds
