[2022-05-24 21:14:01,242] {processor.py:153} INFO - Started process (PID=86) to work on /home/airflow/.local/lib/python3.7/site-packages/airflow/example_dags/example_kubernetes_executor.py
[2022-05-24 21:14:01,245] {processor.py:641} INFO - Processing file /home/airflow/.local/lib/python3.7/site-packages/airflow/example_dags/example_kubernetes_executor.py for tasks to queue
[2022-05-24 21:14:01,248] {logging_mixin.py:115} INFO - [2022-05-24 21:14:01,248] {dagbag.py:507} INFO - Filling up the DagBag from /home/airflow/.local/lib/python3.7/site-packages/airflow/example_dags/example_kubernetes_executor.py
[2022-05-24 21:14:01,352] {processor.py:651} INFO - DAG(s) dict_keys(['example_kubernetes_executor']) retrieved from /home/airflow/.local/lib/python3.7/site-packages/airflow/example_dags/example_kubernetes_executor.py
[2022-05-24 21:14:01,683] {logging_mixin.py:115} INFO - [2022-05-24 21:14:01,683] {manager.py:508} INFO - Created Permission View: can read on DAG:example_kubernetes_executor
[2022-05-24 21:14:01,693] {logging_mixin.py:115} INFO - [2022-05-24 21:14:01,693] {manager.py:508} INFO - Created Permission View: can delete on DAG:example_kubernetes_executor
[2022-05-24 21:14:01,698] {logging_mixin.py:115} INFO - [2022-05-24 21:14:01,698] {manager.py:508} INFO - Created Permission View: can edit on DAG:example_kubernetes_executor
[2022-05-24 21:14:01,699] {logging_mixin.py:115} INFO - [2022-05-24 21:14:01,699] {dag.py:2371} INFO - Sync 1 DAGs
[2022-05-24 21:14:01,705] {logging_mixin.py:115} INFO - [2022-05-24 21:14:01,705] {dag.py:2390} INFO - Creating ORM DAG for example_kubernetes_executor
[2022-05-24 21:14:01,713] {logging_mixin.py:115} INFO - [2022-05-24 21:14:01,713] {dag.py:2919} INFO - Setting next_dagrun for example_kubernetes_executor to None, run_after=None
[2022-05-24 21:14:01,721] {processor.py:161} INFO - Processing /home/airflow/.local/lib/python3.7/site-packages/airflow/example_dags/example_kubernetes_executor.py took 0.487 seconds
[2022-05-24 21:14:32,089] {processor.py:153} INFO - Started process (PID=145) to work on /home/airflow/.local/lib/python3.7/site-packages/airflow/example_dags/example_kubernetes_executor.py
[2022-05-24 21:14:32,092] {processor.py:641} INFO - Processing file /home/airflow/.local/lib/python3.7/site-packages/airflow/example_dags/example_kubernetes_executor.py for tasks to queue
[2022-05-24 21:14:32,094] {logging_mixin.py:115} INFO - [2022-05-24 21:14:32,094] {dagbag.py:507} INFO - Filling up the DagBag from /home/airflow/.local/lib/python3.7/site-packages/airflow/example_dags/example_kubernetes_executor.py
[2022-05-24 21:14:32,117] {processor.py:651} INFO - DAG(s) dict_keys(['example_kubernetes_executor']) retrieved from /home/airflow/.local/lib/python3.7/site-packages/airflow/example_dags/example_kubernetes_executor.py
[2022-05-24 21:14:32,161] {logging_mixin.py:115} INFO - [2022-05-24 21:14:32,161] {dag.py:2371} INFO - Sync 1 DAGs
[2022-05-24 21:14:32,346] {logging_mixin.py:115} INFO - [2022-05-24 21:14:32,345] {dag.py:2919} INFO - Setting next_dagrun for example_kubernetes_executor to None, run_after=None
[2022-05-24 21:14:32,367] {processor.py:161} INFO - Processing /home/airflow/.local/lib/python3.7/site-packages/airflow/example_dags/example_kubernetes_executor.py took 0.283 seconds
[2022-05-24 21:15:02,992] {processor.py:153} INFO - Started process (PID=213) to work on /home/airflow/.local/lib/python3.7/site-packages/airflow/example_dags/example_kubernetes_executor.py
[2022-05-24 21:15:02,993] {processor.py:641} INFO - Processing file /home/airflow/.local/lib/python3.7/site-packages/airflow/example_dags/example_kubernetes_executor.py for tasks to queue
[2022-05-24 21:15:02,994] {logging_mixin.py:115} INFO - [2022-05-24 21:15:02,994] {dagbag.py:507} INFO - Filling up the DagBag from /home/airflow/.local/lib/python3.7/site-packages/airflow/example_dags/example_kubernetes_executor.py
[2022-05-24 21:15:03,011] {processor.py:651} INFO - DAG(s) dict_keys(['example_kubernetes_executor']) retrieved from /home/airflow/.local/lib/python3.7/site-packages/airflow/example_dags/example_kubernetes_executor.py
[2022-05-24 21:15:03,029] {logging_mixin.py:115} INFO - [2022-05-24 21:15:03,029] {dag.py:2371} INFO - Sync 1 DAGs
[2022-05-24 21:15:03,170] {logging_mixin.py:115} INFO - [2022-05-24 21:15:03,170] {dag.py:2919} INFO - Setting next_dagrun for example_kubernetes_executor to None, run_after=None
[2022-05-24 21:15:03,180] {processor.py:161} INFO - Processing /home/airflow/.local/lib/python3.7/site-packages/airflow/example_dags/example_kubernetes_executor.py took 0.191 seconds
[2022-05-24 21:15:34,125] {processor.py:153} INFO - Started process (PID=283) to work on /home/airflow/.local/lib/python3.7/site-packages/airflow/example_dags/example_kubernetes_executor.py
[2022-05-24 21:15:34,133] {processor.py:641} INFO - Processing file /home/airflow/.local/lib/python3.7/site-packages/airflow/example_dags/example_kubernetes_executor.py for tasks to queue
[2022-05-24 21:15:34,135] {logging_mixin.py:115} INFO - [2022-05-24 21:15:34,135] {dagbag.py:507} INFO - Filling up the DagBag from /home/airflow/.local/lib/python3.7/site-packages/airflow/example_dags/example_kubernetes_executor.py
[2022-05-24 21:15:34,179] {processor.py:651} INFO - DAG(s) dict_keys(['example_kubernetes_executor']) retrieved from /home/airflow/.local/lib/python3.7/site-packages/airflow/example_dags/example_kubernetes_executor.py
[2022-05-24 21:15:34,231] {logging_mixin.py:115} INFO - [2022-05-24 21:15:34,231] {dag.py:2371} INFO - Sync 1 DAGs
[2022-05-24 21:15:34,498] {logging_mixin.py:115} INFO - [2022-05-24 21:15:34,498] {dag.py:2919} INFO - Setting next_dagrun for example_kubernetes_executor to None, run_after=None
[2022-05-24 21:15:34,511] {processor.py:161} INFO - Processing /home/airflow/.local/lib/python3.7/site-packages/airflow/example_dags/example_kubernetes_executor.py took 0.393 seconds
[2022-05-24 21:16:04,767] {processor.py:153} INFO - Started process (PID=352) to work on /home/airflow/.local/lib/python3.7/site-packages/airflow/example_dags/example_kubernetes_executor.py
[2022-05-24 21:16:04,769] {processor.py:641} INFO - Processing file /home/airflow/.local/lib/python3.7/site-packages/airflow/example_dags/example_kubernetes_executor.py for tasks to queue
[2022-05-24 21:16:04,770] {logging_mixin.py:115} INFO - [2022-05-24 21:16:04,770] {dagbag.py:507} INFO - Filling up the DagBag from /home/airflow/.local/lib/python3.7/site-packages/airflow/example_dags/example_kubernetes_executor.py
[2022-05-24 21:16:04,785] {processor.py:651} INFO - DAG(s) dict_keys(['example_kubernetes_executor']) retrieved from /home/airflow/.local/lib/python3.7/site-packages/airflow/example_dags/example_kubernetes_executor.py
[2022-05-24 21:16:04,809] {logging_mixin.py:115} INFO - [2022-05-24 21:16:04,809] {dag.py:2371} INFO - Sync 1 DAGs
[2022-05-24 21:16:04,920] {logging_mixin.py:115} INFO - [2022-05-24 21:16:04,920] {dag.py:2919} INFO - Setting next_dagrun for example_kubernetes_executor to None, run_after=None
[2022-05-24 21:16:04,932] {processor.py:161} INFO - Processing /home/airflow/.local/lib/python3.7/site-packages/airflow/example_dags/example_kubernetes_executor.py took 0.167 seconds
[2022-05-24 21:16:35,699] {processor.py:153} INFO - Started process (PID=417) to work on /home/airflow/.local/lib/python3.7/site-packages/airflow/example_dags/example_kubernetes_executor.py
[2022-05-24 21:16:35,701] {processor.py:641} INFO - Processing file /home/airflow/.local/lib/python3.7/site-packages/airflow/example_dags/example_kubernetes_executor.py for tasks to queue
[2022-05-24 21:16:35,704] {logging_mixin.py:115} INFO - [2022-05-24 21:16:35,704] {dagbag.py:507} INFO - Filling up the DagBag from /home/airflow/.local/lib/python3.7/site-packages/airflow/example_dags/example_kubernetes_executor.py
[2022-05-24 21:16:35,725] {processor.py:651} INFO - DAG(s) dict_keys(['example_kubernetes_executor']) retrieved from /home/airflow/.local/lib/python3.7/site-packages/airflow/example_dags/example_kubernetes_executor.py
[2022-05-24 21:16:35,764] {logging_mixin.py:115} INFO - [2022-05-24 21:16:35,764] {dag.py:2371} INFO - Sync 1 DAGs
[2022-05-24 21:16:36,040] {logging_mixin.py:115} INFO - [2022-05-24 21:16:36,040] {dag.py:2919} INFO - Setting next_dagrun for example_kubernetes_executor to None, run_after=None
[2022-05-24 21:16:36,060] {processor.py:161} INFO - Processing /home/airflow/.local/lib/python3.7/site-packages/airflow/example_dags/example_kubernetes_executor.py took 0.363 seconds
[2022-05-24 21:17:06,513] {processor.py:153} INFO - Started process (PID=474) to work on /home/airflow/.local/lib/python3.7/site-packages/airflow/example_dags/example_kubernetes_executor.py
[2022-05-24 21:17:06,514] {processor.py:641} INFO - Processing file /home/airflow/.local/lib/python3.7/site-packages/airflow/example_dags/example_kubernetes_executor.py for tasks to queue
[2022-05-24 21:17:06,516] {logging_mixin.py:115} INFO - [2022-05-24 21:17:06,516] {dagbag.py:507} INFO - Filling up the DagBag from /home/airflow/.local/lib/python3.7/site-packages/airflow/example_dags/example_kubernetes_executor.py
[2022-05-24 21:17:06,533] {processor.py:651} INFO - DAG(s) dict_keys(['example_kubernetes_executor']) retrieved from /home/airflow/.local/lib/python3.7/site-packages/airflow/example_dags/example_kubernetes_executor.py
[2022-05-24 21:17:06,553] {logging_mixin.py:115} INFO - [2022-05-24 21:17:06,553] {dag.py:2371} INFO - Sync 1 DAGs
[2022-05-24 21:17:06,662] {logging_mixin.py:115} INFO - [2022-05-24 21:17:06,662] {dag.py:2919} INFO - Setting next_dagrun for example_kubernetes_executor to None, run_after=None
[2022-05-24 21:17:06,671] {processor.py:161} INFO - Processing /home/airflow/.local/lib/python3.7/site-packages/airflow/example_dags/example_kubernetes_executor.py took 0.161 seconds
[2022-05-24 21:17:37,048] {processor.py:153} INFO - Started process (PID=544) to work on /home/airflow/.local/lib/python3.7/site-packages/airflow/example_dags/example_kubernetes_executor.py
[2022-05-24 21:17:37,050] {processor.py:641} INFO - Processing file /home/airflow/.local/lib/python3.7/site-packages/airflow/example_dags/example_kubernetes_executor.py for tasks to queue
[2022-05-24 21:17:37,051] {logging_mixin.py:115} INFO - [2022-05-24 21:17:37,051] {dagbag.py:507} INFO - Filling up the DagBag from /home/airflow/.local/lib/python3.7/site-packages/airflow/example_dags/example_kubernetes_executor.py
[2022-05-24 21:17:37,065] {processor.py:651} INFO - DAG(s) dict_keys(['example_kubernetes_executor']) retrieved from /home/airflow/.local/lib/python3.7/site-packages/airflow/example_dags/example_kubernetes_executor.py
[2022-05-24 21:17:37,084] {logging_mixin.py:115} INFO - [2022-05-24 21:17:37,083] {dag.py:2371} INFO - Sync 1 DAGs
[2022-05-24 21:17:37,174] {logging_mixin.py:115} INFO - [2022-05-24 21:17:37,174] {dag.py:2919} INFO - Setting next_dagrun for example_kubernetes_executor to None, run_after=None
[2022-05-24 21:17:37,181] {processor.py:161} INFO - Processing /home/airflow/.local/lib/python3.7/site-packages/airflow/example_dags/example_kubernetes_executor.py took 0.134 seconds
[2022-05-24 21:18:07,451] {processor.py:153} INFO - Started process (PID=610) to work on /home/airflow/.local/lib/python3.7/site-packages/airflow/example_dags/example_kubernetes_executor.py
[2022-05-24 21:18:07,453] {processor.py:641} INFO - Processing file /home/airflow/.local/lib/python3.7/site-packages/airflow/example_dags/example_kubernetes_executor.py for tasks to queue
[2022-05-24 21:18:07,454] {logging_mixin.py:115} INFO - [2022-05-24 21:18:07,454] {dagbag.py:507} INFO - Filling up the DagBag from /home/airflow/.local/lib/python3.7/site-packages/airflow/example_dags/example_kubernetes_executor.py
[2022-05-24 21:18:07,470] {processor.py:651} INFO - DAG(s) dict_keys(['example_kubernetes_executor']) retrieved from /home/airflow/.local/lib/python3.7/site-packages/airflow/example_dags/example_kubernetes_executor.py
[2022-05-24 21:18:07,489] {logging_mixin.py:115} INFO - [2022-05-24 21:18:07,489] {dag.py:2371} INFO - Sync 1 DAGs
[2022-05-24 21:18:07,612] {logging_mixin.py:115} INFO - [2022-05-24 21:18:07,612] {dag.py:2919} INFO - Setting next_dagrun for example_kubernetes_executor to None, run_after=None
[2022-05-24 21:18:07,621] {processor.py:161} INFO - Processing /home/airflow/.local/lib/python3.7/site-packages/airflow/example_dags/example_kubernetes_executor.py took 0.173 seconds
[2022-05-24 21:18:37,800] {processor.py:153} INFO - Started process (PID=669) to work on /home/airflow/.local/lib/python3.7/site-packages/airflow/example_dags/example_kubernetes_executor.py
[2022-05-24 21:18:37,802] {processor.py:641} INFO - Processing file /home/airflow/.local/lib/python3.7/site-packages/airflow/example_dags/example_kubernetes_executor.py for tasks to queue
[2022-05-24 21:18:37,803] {logging_mixin.py:115} INFO - [2022-05-24 21:18:37,803] {dagbag.py:507} INFO - Filling up the DagBag from /home/airflow/.local/lib/python3.7/site-packages/airflow/example_dags/example_kubernetes_executor.py
[2022-05-24 21:18:37,829] {processor.py:651} INFO - DAG(s) dict_keys(['example_kubernetes_executor']) retrieved from /home/airflow/.local/lib/python3.7/site-packages/airflow/example_dags/example_kubernetes_executor.py
[2022-05-24 21:18:37,867] {logging_mixin.py:115} INFO - [2022-05-24 21:18:37,867] {dag.py:2371} INFO - Sync 1 DAGs
[2022-05-24 21:18:37,996] {logging_mixin.py:115} INFO - [2022-05-24 21:18:37,995] {dag.py:2919} INFO - Setting next_dagrun for example_kubernetes_executor to None, run_after=None
[2022-05-24 21:18:38,008] {processor.py:161} INFO - Processing /home/airflow/.local/lib/python3.7/site-packages/airflow/example_dags/example_kubernetes_executor.py took 0.210 seconds
[2022-05-24 21:19:08,581] {processor.py:153} INFO - Started process (PID=735) to work on /home/airflow/.local/lib/python3.7/site-packages/airflow/example_dags/example_kubernetes_executor.py
[2022-05-24 21:19:08,582] {processor.py:641} INFO - Processing file /home/airflow/.local/lib/python3.7/site-packages/airflow/example_dags/example_kubernetes_executor.py for tasks to queue
[2022-05-24 21:19:08,584] {logging_mixin.py:115} INFO - [2022-05-24 21:19:08,584] {dagbag.py:507} INFO - Filling up the DagBag from /home/airflow/.local/lib/python3.7/site-packages/airflow/example_dags/example_kubernetes_executor.py
[2022-05-24 21:19:08,614] {processor.py:651} INFO - DAG(s) dict_keys(['example_kubernetes_executor']) retrieved from /home/airflow/.local/lib/python3.7/site-packages/airflow/example_dags/example_kubernetes_executor.py
[2022-05-24 21:19:08,780] {logging_mixin.py:115} INFO - [2022-05-24 21:19:08,780] {dag.py:2371} INFO - Sync 1 DAGs
[2022-05-24 21:19:08,794] {logging_mixin.py:115} INFO - [2022-05-24 21:19:08,794] {dag.py:2919} INFO - Setting next_dagrun for example_kubernetes_executor to None, run_after=None
[2022-05-24 21:19:08,802] {processor.py:161} INFO - Processing /home/airflow/.local/lib/python3.7/site-packages/airflow/example_dags/example_kubernetes_executor.py took 0.223 seconds
[2022-05-24 21:19:39,678] {processor.py:153} INFO - Started process (PID=804) to work on /home/airflow/.local/lib/python3.7/site-packages/airflow/example_dags/example_kubernetes_executor.py
[2022-05-24 21:19:39,679] {processor.py:641} INFO - Processing file /home/airflow/.local/lib/python3.7/site-packages/airflow/example_dags/example_kubernetes_executor.py for tasks to queue
[2022-05-24 21:19:39,680] {logging_mixin.py:115} INFO - [2022-05-24 21:19:39,680] {dagbag.py:507} INFO - Filling up the DagBag from /home/airflow/.local/lib/python3.7/site-packages/airflow/example_dags/example_kubernetes_executor.py
[2022-05-24 21:19:39,697] {processor.py:651} INFO - DAG(s) dict_keys(['example_kubernetes_executor']) retrieved from /home/airflow/.local/lib/python3.7/site-packages/airflow/example_dags/example_kubernetes_executor.py
[2022-05-24 21:19:39,812] {logging_mixin.py:115} INFO - [2022-05-24 21:19:39,812] {dag.py:2371} INFO - Sync 1 DAGs
[2022-05-24 21:19:39,824] {logging_mixin.py:115} INFO - [2022-05-24 21:19:39,824] {dag.py:2919} INFO - Setting next_dagrun for example_kubernetes_executor to None, run_after=None
[2022-05-24 21:19:39,832] {processor.py:161} INFO - Processing /home/airflow/.local/lib/python3.7/site-packages/airflow/example_dags/example_kubernetes_executor.py took 0.156 seconds
[2022-05-24 21:20:10,998] {processor.py:153} INFO - Started process (PID=875) to work on /home/airflow/.local/lib/python3.7/site-packages/airflow/example_dags/example_kubernetes_executor.py
[2022-05-24 21:20:11,001] {processor.py:641} INFO - Processing file /home/airflow/.local/lib/python3.7/site-packages/airflow/example_dags/example_kubernetes_executor.py for tasks to queue
[2022-05-24 21:20:11,002] {logging_mixin.py:115} INFO - [2022-05-24 21:20:11,002] {dagbag.py:507} INFO - Filling up the DagBag from /home/airflow/.local/lib/python3.7/site-packages/airflow/example_dags/example_kubernetes_executor.py
[2022-05-24 21:20:11,018] {processor.py:651} INFO - DAG(s) dict_keys(['example_kubernetes_executor']) retrieved from /home/airflow/.local/lib/python3.7/site-packages/airflow/example_dags/example_kubernetes_executor.py
[2022-05-24 21:20:11,124] {logging_mixin.py:115} INFO - [2022-05-24 21:20:11,124] {dag.py:2371} INFO - Sync 1 DAGs
[2022-05-24 21:20:11,137] {logging_mixin.py:115} INFO - [2022-05-24 21:20:11,137] {dag.py:2919} INFO - Setting next_dagrun for example_kubernetes_executor to None, run_after=None
[2022-05-24 21:20:11,146] {processor.py:161} INFO - Processing /home/airflow/.local/lib/python3.7/site-packages/airflow/example_dags/example_kubernetes_executor.py took 0.150 seconds
[2022-05-24 21:20:42,227] {processor.py:153} INFO - Started process (PID=946) to work on /home/airflow/.local/lib/python3.7/site-packages/airflow/example_dags/example_kubernetes_executor.py
[2022-05-24 21:20:42,228] {processor.py:641} INFO - Processing file /home/airflow/.local/lib/python3.7/site-packages/airflow/example_dags/example_kubernetes_executor.py for tasks to queue
[2022-05-24 21:20:42,229] {logging_mixin.py:115} INFO - [2022-05-24 21:20:42,229] {dagbag.py:507} INFO - Filling up the DagBag from /home/airflow/.local/lib/python3.7/site-packages/airflow/example_dags/example_kubernetes_executor.py
[2022-05-24 21:20:42,248] {processor.py:651} INFO - DAG(s) dict_keys(['example_kubernetes_executor']) retrieved from /home/airflow/.local/lib/python3.7/site-packages/airflow/example_dags/example_kubernetes_executor.py
[2022-05-24 21:20:42,377] {logging_mixin.py:115} INFO - [2022-05-24 21:20:42,377] {dag.py:2371} INFO - Sync 1 DAGs
[2022-05-24 21:20:42,389] {logging_mixin.py:115} INFO - [2022-05-24 21:20:42,389] {dag.py:2919} INFO - Setting next_dagrun for example_kubernetes_executor to None, run_after=None
[2022-05-24 21:20:42,396] {processor.py:161} INFO - Processing /home/airflow/.local/lib/python3.7/site-packages/airflow/example_dags/example_kubernetes_executor.py took 0.171 seconds
[2022-05-24 21:21:12,765] {processor.py:153} INFO - Started process (PID=1003) to work on /home/airflow/.local/lib/python3.7/site-packages/airflow/example_dags/example_kubernetes_executor.py
[2022-05-24 21:21:12,767] {processor.py:641} INFO - Processing file /home/airflow/.local/lib/python3.7/site-packages/airflow/example_dags/example_kubernetes_executor.py for tasks to queue
[2022-05-24 21:21:12,770] {logging_mixin.py:115} INFO - [2022-05-24 21:21:12,770] {dagbag.py:507} INFO - Filling up the DagBag from /home/airflow/.local/lib/python3.7/site-packages/airflow/example_dags/example_kubernetes_executor.py
[2022-05-24 21:21:12,789] {processor.py:651} INFO - DAG(s) dict_keys(['example_kubernetes_executor']) retrieved from /home/airflow/.local/lib/python3.7/site-packages/airflow/example_dags/example_kubernetes_executor.py
[2022-05-24 21:21:12,906] {logging_mixin.py:115} INFO - [2022-05-24 21:21:12,906] {dag.py:2371} INFO - Sync 1 DAGs
[2022-05-24 21:21:12,920] {logging_mixin.py:115} INFO - [2022-05-24 21:21:12,920] {dag.py:2919} INFO - Setting next_dagrun for example_kubernetes_executor to None, run_after=None
[2022-05-24 21:21:12,931] {processor.py:161} INFO - Processing /home/airflow/.local/lib/python3.7/site-packages/airflow/example_dags/example_kubernetes_executor.py took 0.168 seconds
[2022-05-24 21:21:43,470] {processor.py:153} INFO - Started process (PID=1069) to work on /home/airflow/.local/lib/python3.7/site-packages/airflow/example_dags/example_kubernetes_executor.py
[2022-05-24 21:21:43,474] {processor.py:641} INFO - Processing file /home/airflow/.local/lib/python3.7/site-packages/airflow/example_dags/example_kubernetes_executor.py for tasks to queue
[2022-05-24 21:21:43,475] {logging_mixin.py:115} INFO - [2022-05-24 21:21:43,475] {dagbag.py:507} INFO - Filling up the DagBag from /home/airflow/.local/lib/python3.7/site-packages/airflow/example_dags/example_kubernetes_executor.py
[2022-05-24 21:21:43,491] {processor.py:651} INFO - DAG(s) dict_keys(['example_kubernetes_executor']) retrieved from /home/airflow/.local/lib/python3.7/site-packages/airflow/example_dags/example_kubernetes_executor.py
[2022-05-24 21:21:43,601] {logging_mixin.py:115} INFO - [2022-05-24 21:21:43,601] {dag.py:2371} INFO - Sync 1 DAGs
[2022-05-24 21:21:43,613] {logging_mixin.py:115} INFO - [2022-05-24 21:21:43,613] {dag.py:2919} INFO - Setting next_dagrun for example_kubernetes_executor to None, run_after=None
[2022-05-24 21:21:43,620] {processor.py:161} INFO - Processing /home/airflow/.local/lib/python3.7/site-packages/airflow/example_dags/example_kubernetes_executor.py took 0.151 seconds
[2022-05-24 21:22:14,485] {processor.py:153} INFO - Started process (PID=1143) to work on /home/airflow/.local/lib/python3.7/site-packages/airflow/example_dags/example_kubernetes_executor.py
[2022-05-24 21:22:14,486] {processor.py:641} INFO - Processing file /home/airflow/.local/lib/python3.7/site-packages/airflow/example_dags/example_kubernetes_executor.py for tasks to queue
[2022-05-24 21:22:14,487] {logging_mixin.py:115} INFO - [2022-05-24 21:22:14,487] {dagbag.py:507} INFO - Filling up the DagBag from /home/airflow/.local/lib/python3.7/site-packages/airflow/example_dags/example_kubernetes_executor.py
[2022-05-24 21:22:14,509] {processor.py:651} INFO - DAG(s) dict_keys(['example_kubernetes_executor']) retrieved from /home/airflow/.local/lib/python3.7/site-packages/airflow/example_dags/example_kubernetes_executor.py
[2022-05-24 21:22:14,634] {logging_mixin.py:115} INFO - [2022-05-24 21:22:14,634] {dag.py:2371} INFO - Sync 1 DAGs
[2022-05-24 21:22:14,646] {logging_mixin.py:115} INFO - [2022-05-24 21:22:14,646] {dag.py:2919} INFO - Setting next_dagrun for example_kubernetes_executor to None, run_after=None
[2022-05-24 21:22:14,656] {processor.py:161} INFO - Processing /home/airflow/.local/lib/python3.7/site-packages/airflow/example_dags/example_kubernetes_executor.py took 0.173 seconds
