[2022-05-24 21:13:54,749] {processor.py:153} INFO - Started process (PID=57) to work on /home/airflow/.local/lib/python3.7/site-packages/airflow/example_dags/example_nested_branch_dag.py
[2022-05-24 21:13:54,761] {processor.py:641} INFO - Processing file /home/airflow/.local/lib/python3.7/site-packages/airflow/example_dags/example_nested_branch_dag.py for tasks to queue
[2022-05-24 21:13:54,766] {logging_mixin.py:115} INFO - [2022-05-24 21:13:54,766] {dagbag.py:507} INFO - Filling up the DagBag from /home/airflow/.local/lib/python3.7/site-packages/airflow/example_dags/example_nested_branch_dag.py
[2022-05-24 21:13:54,820] {processor.py:651} INFO - DAG(s) dict_keys(['example_nested_branch_dag']) retrieved from /home/airflow/.local/lib/python3.7/site-packages/airflow/example_dags/example_nested_branch_dag.py
[2022-05-24 21:13:55,764] {logging_mixin.py:115} INFO - [2022-05-24 21:13:55,763] {manager.py:508} INFO - Created Permission View: can read on DAG:example_nested_branch_dag
[2022-05-24 21:13:55,788] {logging_mixin.py:115} INFO - [2022-05-24 21:13:55,788] {manager.py:508} INFO - Created Permission View: can delete on DAG:example_nested_branch_dag
[2022-05-24 21:13:55,816] {logging_mixin.py:115} INFO - [2022-05-24 21:13:55,816] {manager.py:508} INFO - Created Permission View: can edit on DAG:example_nested_branch_dag
[2022-05-24 21:13:55,818] {logging_mixin.py:115} INFO - [2022-05-24 21:13:55,818] {dag.py:2371} INFO - Sync 1 DAGs
[2022-05-24 21:13:55,866] {logging_mixin.py:115} INFO - [2022-05-24 21:13:55,866] {dag.py:2390} INFO - Creating ORM DAG for example_nested_branch_dag
[2022-05-24 21:13:55,894] {logging_mixin.py:115} INFO - [2022-05-24 21:13:55,894] {dag.py:2919} INFO - Setting next_dagrun for example_nested_branch_dag to 2022-05-23T00:00:00+00:00, run_after=2022-05-24T00:00:00+00:00
[2022-05-24 21:13:55,985] {processor.py:161} INFO - Processing /home/airflow/.local/lib/python3.7/site-packages/airflow/example_dags/example_nested_branch_dag.py took 1.243 seconds
[2022-05-24 21:14:26,524] {processor.py:153} INFO - Started process (PID=125) to work on /home/airflow/.local/lib/python3.7/site-packages/airflow/example_dags/example_nested_branch_dag.py
[2022-05-24 21:14:26,529] {processor.py:641} INFO - Processing file /home/airflow/.local/lib/python3.7/site-packages/airflow/example_dags/example_nested_branch_dag.py for tasks to queue
[2022-05-24 21:14:26,539] {logging_mixin.py:115} INFO - [2022-05-24 21:14:26,539] {dagbag.py:507} INFO - Filling up the DagBag from /home/airflow/.local/lib/python3.7/site-packages/airflow/example_dags/example_nested_branch_dag.py
[2022-05-24 21:14:26,586] {processor.py:651} INFO - DAG(s) dict_keys(['example_nested_branch_dag']) retrieved from /home/airflow/.local/lib/python3.7/site-packages/airflow/example_dags/example_nested_branch_dag.py
[2022-05-24 21:14:26,639] {logging_mixin.py:115} INFO - [2022-05-24 21:14:26,639] {dag.py:2371} INFO - Sync 1 DAGs
[2022-05-24 21:14:26,675] {logging_mixin.py:115} INFO - [2022-05-24 21:14:26,674] {dag.py:2919} INFO - Setting next_dagrun for example_nested_branch_dag to 2022-05-23T00:00:00+00:00, run_after=2022-05-24T00:00:00+00:00
[2022-05-24 21:14:27,396] {processor.py:161} INFO - Processing /home/airflow/.local/lib/python3.7/site-packages/airflow/example_dags/example_nested_branch_dag.py took 0.885 seconds
[2022-05-24 21:14:57,810] {processor.py:153} INFO - Started process (PID=193) to work on /home/airflow/.local/lib/python3.7/site-packages/airflow/example_dags/example_nested_branch_dag.py
[2022-05-24 21:14:57,813] {processor.py:641} INFO - Processing file /home/airflow/.local/lib/python3.7/site-packages/airflow/example_dags/example_nested_branch_dag.py for tasks to queue
[2022-05-24 21:14:57,820] {logging_mixin.py:115} INFO - [2022-05-24 21:14:57,820] {dagbag.py:507} INFO - Filling up the DagBag from /home/airflow/.local/lib/python3.7/site-packages/airflow/example_dags/example_nested_branch_dag.py
[2022-05-24 21:14:57,830] {processor.py:651} INFO - DAG(s) dict_keys(['example_nested_branch_dag']) retrieved from /home/airflow/.local/lib/python3.7/site-packages/airflow/example_dags/example_nested_branch_dag.py
[2022-05-24 21:14:57,861] {logging_mixin.py:115} INFO - [2022-05-24 21:14:57,861] {dag.py:2371} INFO - Sync 1 DAGs
[2022-05-24 21:14:57,882] {logging_mixin.py:115} INFO - [2022-05-24 21:14:57,882] {dag.py:2919} INFO - Setting next_dagrun for example_nested_branch_dag to 2022-05-23T00:00:00+00:00, run_after=2022-05-24T00:00:00+00:00
[2022-05-24 21:14:58,191] {processor.py:161} INFO - Processing /home/airflow/.local/lib/python3.7/site-packages/airflow/example_dags/example_nested_branch_dag.py took 0.388 seconds
[2022-05-24 21:15:28,263] {processor.py:153} INFO - Started process (PID=263) to work on /home/airflow/.local/lib/python3.7/site-packages/airflow/example_dags/example_nested_branch_dag.py
[2022-05-24 21:15:28,265] {processor.py:641} INFO - Processing file /home/airflow/.local/lib/python3.7/site-packages/airflow/example_dags/example_nested_branch_dag.py for tasks to queue
[2022-05-24 21:15:28,267] {logging_mixin.py:115} INFO - [2022-05-24 21:15:28,267] {dagbag.py:507} INFO - Filling up the DagBag from /home/airflow/.local/lib/python3.7/site-packages/airflow/example_dags/example_nested_branch_dag.py
[2022-05-24 21:15:28,278] {processor.py:651} INFO - DAG(s) dict_keys(['example_nested_branch_dag']) retrieved from /home/airflow/.local/lib/python3.7/site-packages/airflow/example_dags/example_nested_branch_dag.py
[2022-05-24 21:15:28,329] {logging_mixin.py:115} INFO - [2022-05-24 21:15:28,329] {dag.py:2371} INFO - Sync 1 DAGs
[2022-05-24 21:15:28,368] {logging_mixin.py:115} INFO - [2022-05-24 21:15:28,367] {dag.py:2919} INFO - Setting next_dagrun for example_nested_branch_dag to 2022-05-23T00:00:00+00:00, run_after=2022-05-24T00:00:00+00:00
[2022-05-24 21:15:28,614] {processor.py:161} INFO - Processing /home/airflow/.local/lib/python3.7/site-packages/airflow/example_dags/example_nested_branch_dag.py took 0.355 seconds
[2022-05-24 21:15:58,685] {processor.py:153} INFO - Started process (PID=322) to work on /home/airflow/.local/lib/python3.7/site-packages/airflow/example_dags/example_nested_branch_dag.py
[2022-05-24 21:15:58,687] {processor.py:641} INFO - Processing file /home/airflow/.local/lib/python3.7/site-packages/airflow/example_dags/example_nested_branch_dag.py for tasks to queue
[2022-05-24 21:15:58,691] {logging_mixin.py:115} INFO - [2022-05-24 21:15:58,690] {dagbag.py:507} INFO - Filling up the DagBag from /home/airflow/.local/lib/python3.7/site-packages/airflow/example_dags/example_nested_branch_dag.py
[2022-05-24 21:15:58,704] {processor.py:651} INFO - DAG(s) dict_keys(['example_nested_branch_dag']) retrieved from /home/airflow/.local/lib/python3.7/site-packages/airflow/example_dags/example_nested_branch_dag.py
[2022-05-24 21:15:58,745] {logging_mixin.py:115} INFO - [2022-05-24 21:15:58,745] {dag.py:2371} INFO - Sync 1 DAGs
[2022-05-24 21:15:58,771] {logging_mixin.py:115} INFO - [2022-05-24 21:15:58,771] {dag.py:2919} INFO - Setting next_dagrun for example_nested_branch_dag to 2022-05-23T00:00:00+00:00, run_after=2022-05-24T00:00:00+00:00
[2022-05-24 21:15:58,994] {processor.py:161} INFO - Processing /home/airflow/.local/lib/python3.7/site-packages/airflow/example_dags/example_nested_branch_dag.py took 0.318 seconds
[2022-05-24 21:16:29,678] {processor.py:153} INFO - Started process (PID=389) to work on /home/airflow/.local/lib/python3.7/site-packages/airflow/example_dags/example_nested_branch_dag.py
[2022-05-24 21:16:29,684] {processor.py:641} INFO - Processing file /home/airflow/.local/lib/python3.7/site-packages/airflow/example_dags/example_nested_branch_dag.py for tasks to queue
[2022-05-24 21:16:29,691] {logging_mixin.py:115} INFO - [2022-05-24 21:16:29,691] {dagbag.py:507} INFO - Filling up the DagBag from /home/airflow/.local/lib/python3.7/site-packages/airflow/example_dags/example_nested_branch_dag.py
[2022-05-24 21:16:29,736] {processor.py:651} INFO - DAG(s) dict_keys(['example_nested_branch_dag']) retrieved from /home/airflow/.local/lib/python3.7/site-packages/airflow/example_dags/example_nested_branch_dag.py
[2022-05-24 21:16:29,784] {logging_mixin.py:115} INFO - [2022-05-24 21:16:29,784] {dag.py:2371} INFO - Sync 1 DAGs
[2022-05-24 21:16:29,824] {logging_mixin.py:115} INFO - [2022-05-24 21:16:29,824] {dag.py:2919} INFO - Setting next_dagrun for example_nested_branch_dag to 2022-05-23T00:00:00+00:00, run_after=2022-05-24T00:00:00+00:00
[2022-05-24 21:16:30,181] {processor.py:161} INFO - Processing /home/airflow/.local/lib/python3.7/site-packages/airflow/example_dags/example_nested_branch_dag.py took 0.512 seconds
[2022-05-24 21:17:00,844] {processor.py:153} INFO - Started process (PID=454) to work on /home/airflow/.local/lib/python3.7/site-packages/airflow/example_dags/example_nested_branch_dag.py
[2022-05-24 21:17:00,846] {processor.py:641} INFO - Processing file /home/airflow/.local/lib/python3.7/site-packages/airflow/example_dags/example_nested_branch_dag.py for tasks to queue
[2022-05-24 21:17:00,848] {logging_mixin.py:115} INFO - [2022-05-24 21:17:00,848] {dagbag.py:507} INFO - Filling up the DagBag from /home/airflow/.local/lib/python3.7/site-packages/airflow/example_dags/example_nested_branch_dag.py
[2022-05-24 21:17:00,857] {processor.py:651} INFO - DAG(s) dict_keys(['example_nested_branch_dag']) retrieved from /home/airflow/.local/lib/python3.7/site-packages/airflow/example_dags/example_nested_branch_dag.py
[2022-05-24 21:17:00,877] {logging_mixin.py:115} INFO - [2022-05-24 21:17:00,877] {dag.py:2371} INFO - Sync 1 DAGs
[2022-05-24 21:17:00,893] {logging_mixin.py:115} INFO - [2022-05-24 21:17:00,893] {dag.py:2919} INFO - Setting next_dagrun for example_nested_branch_dag to 2022-05-23T00:00:00+00:00, run_after=2022-05-24T00:00:00+00:00
[2022-05-24 21:17:01,037] {processor.py:161} INFO - Processing /home/airflow/.local/lib/python3.7/site-packages/airflow/example_dags/example_nested_branch_dag.py took 0.198 seconds
[2022-05-24 21:17:31,448] {processor.py:153} INFO - Started process (PID=524) to work on /home/airflow/.local/lib/python3.7/site-packages/airflow/example_dags/example_nested_branch_dag.py
[2022-05-24 21:17:31,449] {processor.py:641} INFO - Processing file /home/airflow/.local/lib/python3.7/site-packages/airflow/example_dags/example_nested_branch_dag.py for tasks to queue
[2022-05-24 21:17:31,451] {logging_mixin.py:115} INFO - [2022-05-24 21:17:31,451] {dagbag.py:507} INFO - Filling up the DagBag from /home/airflow/.local/lib/python3.7/site-packages/airflow/example_dags/example_nested_branch_dag.py
[2022-05-24 21:17:31,461] {processor.py:651} INFO - DAG(s) dict_keys(['example_nested_branch_dag']) retrieved from /home/airflow/.local/lib/python3.7/site-packages/airflow/example_dags/example_nested_branch_dag.py
[2022-05-24 21:17:31,486] {logging_mixin.py:115} INFO - [2022-05-24 21:17:31,486] {dag.py:2371} INFO - Sync 1 DAGs
[2022-05-24 21:17:31,512] {logging_mixin.py:115} INFO - [2022-05-24 21:17:31,512] {dag.py:2919} INFO - Setting next_dagrun for example_nested_branch_dag to 2022-05-23T00:00:00+00:00, run_after=2022-05-24T00:00:00+00:00
[2022-05-24 21:17:31,638] {processor.py:161} INFO - Processing /home/airflow/.local/lib/python3.7/site-packages/airflow/example_dags/example_nested_branch_dag.py took 0.194 seconds
[2022-05-24 21:18:02,488] {processor.py:153} INFO - Started process (PID=580) to work on /home/airflow/.local/lib/python3.7/site-packages/airflow/example_dags/example_nested_branch_dag.py
[2022-05-24 21:18:02,490] {processor.py:641} INFO - Processing file /home/airflow/.local/lib/python3.7/site-packages/airflow/example_dags/example_nested_branch_dag.py for tasks to queue
[2022-05-24 21:18:02,491] {logging_mixin.py:115} INFO - [2022-05-24 21:18:02,491] {dagbag.py:507} INFO - Filling up the DagBag from /home/airflow/.local/lib/python3.7/site-packages/airflow/example_dags/example_nested_branch_dag.py
[2022-05-24 21:18:02,502] {processor.py:651} INFO - DAG(s) dict_keys(['example_nested_branch_dag']) retrieved from /home/airflow/.local/lib/python3.7/site-packages/airflow/example_dags/example_nested_branch_dag.py
[2022-05-24 21:18:02,526] {logging_mixin.py:115} INFO - [2022-05-24 21:18:02,526] {dag.py:2371} INFO - Sync 1 DAGs
[2022-05-24 21:18:02,544] {logging_mixin.py:115} INFO - [2022-05-24 21:18:02,544] {dag.py:2919} INFO - Setting next_dagrun for example_nested_branch_dag to 2022-05-23T00:00:00+00:00, run_after=2022-05-24T00:00:00+00:00
[2022-05-24 21:18:02,654] {processor.py:161} INFO - Processing /home/airflow/.local/lib/python3.7/site-packages/airflow/example_dags/example_nested_branch_dag.py took 0.171 seconds
[2022-05-24 21:18:33,018] {processor.py:153} INFO - Started process (PID=649) to work on /home/airflow/.local/lib/python3.7/site-packages/airflow/example_dags/example_nested_branch_dag.py
[2022-05-24 21:18:33,021] {processor.py:641} INFO - Processing file /home/airflow/.local/lib/python3.7/site-packages/airflow/example_dags/example_nested_branch_dag.py for tasks to queue
[2022-05-24 21:18:33,024] {logging_mixin.py:115} INFO - [2022-05-24 21:18:33,023] {dagbag.py:507} INFO - Filling up the DagBag from /home/airflow/.local/lib/python3.7/site-packages/airflow/example_dags/example_nested_branch_dag.py
[2022-05-24 21:18:33,091] {processor.py:651} INFO - DAG(s) dict_keys(['example_nested_branch_dag']) retrieved from /home/airflow/.local/lib/python3.7/site-packages/airflow/example_dags/example_nested_branch_dag.py
[2022-05-24 21:18:33,140] {logging_mixin.py:115} INFO - [2022-05-24 21:18:33,140] {dag.py:2371} INFO - Sync 1 DAGs
[2022-05-24 21:18:33,181] {logging_mixin.py:115} INFO - [2022-05-24 21:18:33,181] {dag.py:2919} INFO - Setting next_dagrun for example_nested_branch_dag to 2022-05-23T00:00:00+00:00, run_after=2022-05-24T00:00:00+00:00
[2022-05-24 21:18:33,406] {processor.py:161} INFO - Processing /home/airflow/.local/lib/python3.7/site-packages/airflow/example_dags/example_nested_branch_dag.py took 0.393 seconds
[2022-05-24 21:19:03,787] {processor.py:153} INFO - Started process (PID=715) to work on /home/airflow/.local/lib/python3.7/site-packages/airflow/example_dags/example_nested_branch_dag.py
[2022-05-24 21:19:03,794] {processor.py:641} INFO - Processing file /home/airflow/.local/lib/python3.7/site-packages/airflow/example_dags/example_nested_branch_dag.py for tasks to queue
[2022-05-24 21:19:03,797] {logging_mixin.py:115} INFO - [2022-05-24 21:19:03,796] {dagbag.py:507} INFO - Filling up the DagBag from /home/airflow/.local/lib/python3.7/site-packages/airflow/example_dags/example_nested_branch_dag.py
[2022-05-24 21:19:03,813] {processor.py:651} INFO - DAG(s) dict_keys(['example_nested_branch_dag']) retrieved from /home/airflow/.local/lib/python3.7/site-packages/airflow/example_dags/example_nested_branch_dag.py
[2022-05-24 21:19:03,857] {logging_mixin.py:115} INFO - [2022-05-24 21:19:03,857] {dag.py:2371} INFO - Sync 1 DAGs
[2022-05-24 21:19:04,091] {logging_mixin.py:115} INFO - [2022-05-24 21:19:04,091] {dag.py:2919} INFO - Setting next_dagrun for example_nested_branch_dag to 2022-05-23T00:00:00+00:00, run_after=2022-05-24T00:00:00+00:00
[2022-05-24 21:19:04,100] {processor.py:161} INFO - Processing /home/airflow/.local/lib/python3.7/site-packages/airflow/example_dags/example_nested_branch_dag.py took 0.318 seconds
[2022-05-24 21:19:34,302] {processor.py:153} INFO - Started process (PID=784) to work on /home/airflow/.local/lib/python3.7/site-packages/airflow/example_dags/example_nested_branch_dag.py
[2022-05-24 21:19:34,310] {processor.py:641} INFO - Processing file /home/airflow/.local/lib/python3.7/site-packages/airflow/example_dags/example_nested_branch_dag.py for tasks to queue
[2022-05-24 21:19:34,311] {logging_mixin.py:115} INFO - [2022-05-24 21:19:34,311] {dagbag.py:507} INFO - Filling up the DagBag from /home/airflow/.local/lib/python3.7/site-packages/airflow/example_dags/example_nested_branch_dag.py
[2022-05-24 21:19:34,325] {processor.py:651} INFO - DAG(s) dict_keys(['example_nested_branch_dag']) retrieved from /home/airflow/.local/lib/python3.7/site-packages/airflow/example_dags/example_nested_branch_dag.py
[2022-05-24 21:19:34,365] {logging_mixin.py:115} INFO - [2022-05-24 21:19:34,365] {dag.py:2371} INFO - Sync 1 DAGs
[2022-05-24 21:19:34,707] {logging_mixin.py:115} INFO - [2022-05-24 21:19:34,707] {dag.py:2919} INFO - Setting next_dagrun for example_nested_branch_dag to 2022-05-23T00:00:00+00:00, run_after=2022-05-24T00:00:00+00:00
[2022-05-24 21:19:34,744] {processor.py:161} INFO - Processing /home/airflow/.local/lib/python3.7/site-packages/airflow/example_dags/example_nested_branch_dag.py took 0.446 seconds
[2022-05-24 21:20:05,503] {processor.py:153} INFO - Started process (PID=844) to work on /home/airflow/.local/lib/python3.7/site-packages/airflow/example_dags/example_nested_branch_dag.py
[2022-05-24 21:20:05,505] {processor.py:641} INFO - Processing file /home/airflow/.local/lib/python3.7/site-packages/airflow/example_dags/example_nested_branch_dag.py for tasks to queue
[2022-05-24 21:20:05,506] {logging_mixin.py:115} INFO - [2022-05-24 21:20:05,506] {dagbag.py:507} INFO - Filling up the DagBag from /home/airflow/.local/lib/python3.7/site-packages/airflow/example_dags/example_nested_branch_dag.py
[2022-05-24 21:20:05,519] {processor.py:651} INFO - DAG(s) dict_keys(['example_nested_branch_dag']) retrieved from /home/airflow/.local/lib/python3.7/site-packages/airflow/example_dags/example_nested_branch_dag.py
[2022-05-24 21:20:05,545] {logging_mixin.py:115} INFO - [2022-05-24 21:20:05,545] {dag.py:2371} INFO - Sync 1 DAGs
[2022-05-24 21:20:05,767] {logging_mixin.py:115} INFO - [2022-05-24 21:20:05,767] {dag.py:2919} INFO - Setting next_dagrun for example_nested_branch_dag to 2022-05-23T00:00:00+00:00, run_after=2022-05-24T00:00:00+00:00
[2022-05-24 21:20:05,783] {processor.py:161} INFO - Processing /home/airflow/.local/lib/python3.7/site-packages/airflow/example_dags/example_nested_branch_dag.py took 0.285 seconds
[2022-05-24 21:20:36,005] {processor.py:153} INFO - Started process (PID=915) to work on /home/airflow/.local/lib/python3.7/site-packages/airflow/example_dags/example_nested_branch_dag.py
[2022-05-24 21:20:36,008] {processor.py:641} INFO - Processing file /home/airflow/.local/lib/python3.7/site-packages/airflow/example_dags/example_nested_branch_dag.py for tasks to queue
[2022-05-24 21:20:36,009] {logging_mixin.py:115} INFO - [2022-05-24 21:20:36,009] {dagbag.py:507} INFO - Filling up the DagBag from /home/airflow/.local/lib/python3.7/site-packages/airflow/example_dags/example_nested_branch_dag.py
[2022-05-24 21:20:36,016] {processor.py:651} INFO - DAG(s) dict_keys(['example_nested_branch_dag']) retrieved from /home/airflow/.local/lib/python3.7/site-packages/airflow/example_dags/example_nested_branch_dag.py
[2022-05-24 21:20:36,034] {logging_mixin.py:115} INFO - [2022-05-24 21:20:36,034] {dag.py:2371} INFO - Sync 1 DAGs
[2022-05-24 21:20:36,143] {logging_mixin.py:115} INFO - [2022-05-24 21:20:36,143] {dag.py:2919} INFO - Setting next_dagrun for example_nested_branch_dag to 2022-05-23T00:00:00+00:00, run_after=2022-05-24T00:00:00+00:00
[2022-05-24 21:20:36,153] {processor.py:161} INFO - Processing /home/airflow/.local/lib/python3.7/site-packages/airflow/example_dags/example_nested_branch_dag.py took 0.150 seconds
[2022-05-24 21:21:06,653] {processor.py:153} INFO - Started process (PID=983) to work on /home/airflow/.local/lib/python3.7/site-packages/airflow/example_dags/example_nested_branch_dag.py
[2022-05-24 21:21:06,657] {processor.py:641} INFO - Processing file /home/airflow/.local/lib/python3.7/site-packages/airflow/example_dags/example_nested_branch_dag.py for tasks to queue
[2022-05-24 21:21:06,660] {logging_mixin.py:115} INFO - [2022-05-24 21:21:06,659] {dagbag.py:507} INFO - Filling up the DagBag from /home/airflow/.local/lib/python3.7/site-packages/airflow/example_dags/example_nested_branch_dag.py
[2022-05-24 21:21:06,674] {processor.py:651} INFO - DAG(s) dict_keys(['example_nested_branch_dag']) retrieved from /home/airflow/.local/lib/python3.7/site-packages/airflow/example_dags/example_nested_branch_dag.py
[2022-05-24 21:21:06,698] {logging_mixin.py:115} INFO - [2022-05-24 21:21:06,698] {dag.py:2371} INFO - Sync 1 DAGs
[2022-05-24 21:21:06,809] {logging_mixin.py:115} INFO - [2022-05-24 21:21:06,809] {dag.py:2919} INFO - Setting next_dagrun for example_nested_branch_dag to 2022-05-23T00:00:00+00:00, run_after=2022-05-24T00:00:00+00:00
[2022-05-24 21:21:06,817] {processor.py:161} INFO - Processing /home/airflow/.local/lib/python3.7/site-packages/airflow/example_dags/example_nested_branch_dag.py took 0.171 seconds
[2022-05-24 21:21:37,450] {processor.py:153} INFO - Started process (PID=1049) to work on /home/airflow/.local/lib/python3.7/site-packages/airflow/example_dags/example_nested_branch_dag.py
[2022-05-24 21:21:37,455] {processor.py:641} INFO - Processing file /home/airflow/.local/lib/python3.7/site-packages/airflow/example_dags/example_nested_branch_dag.py for tasks to queue
[2022-05-24 21:21:37,458] {logging_mixin.py:115} INFO - [2022-05-24 21:21:37,458] {dagbag.py:507} INFO - Filling up the DagBag from /home/airflow/.local/lib/python3.7/site-packages/airflow/example_dags/example_nested_branch_dag.py
[2022-05-24 21:21:37,471] {processor.py:651} INFO - DAG(s) dict_keys(['example_nested_branch_dag']) retrieved from /home/airflow/.local/lib/python3.7/site-packages/airflow/example_dags/example_nested_branch_dag.py
[2022-05-24 21:21:37,499] {logging_mixin.py:115} INFO - [2022-05-24 21:21:37,499] {dag.py:2371} INFO - Sync 1 DAGs
[2022-05-24 21:21:37,760] {logging_mixin.py:115} INFO - [2022-05-24 21:21:37,760] {dag.py:2919} INFO - Setting next_dagrun for example_nested_branch_dag to 2022-05-23T00:00:00+00:00, run_after=2022-05-24T00:00:00+00:00
[2022-05-24 21:21:37,769] {processor.py:161} INFO - Processing /home/airflow/.local/lib/python3.7/site-packages/airflow/example_dags/example_nested_branch_dag.py took 0.328 seconds
[2022-05-24 21:22:07,860] {processor.py:153} INFO - Started process (PID=1110) to work on /home/airflow/.local/lib/python3.7/site-packages/airflow/example_dags/example_nested_branch_dag.py
[2022-05-24 21:22:07,863] {processor.py:641} INFO - Processing file /home/airflow/.local/lib/python3.7/site-packages/airflow/example_dags/example_nested_branch_dag.py for tasks to queue
[2022-05-24 21:22:07,866] {logging_mixin.py:115} INFO - [2022-05-24 21:22:07,866] {dagbag.py:507} INFO - Filling up the DagBag from /home/airflow/.local/lib/python3.7/site-packages/airflow/example_dags/example_nested_branch_dag.py
[2022-05-24 21:22:07,883] {processor.py:651} INFO - DAG(s) dict_keys(['example_nested_branch_dag']) retrieved from /home/airflow/.local/lib/python3.7/site-packages/airflow/example_dags/example_nested_branch_dag.py
[2022-05-24 21:22:07,907] {logging_mixin.py:115} INFO - [2022-05-24 21:22:07,907] {dag.py:2371} INFO - Sync 1 DAGs
[2022-05-24 21:22:08,014] {logging_mixin.py:115} INFO - [2022-05-24 21:22:08,014] {dag.py:2919} INFO - Setting next_dagrun for example_nested_branch_dag to 2022-05-23T00:00:00+00:00, run_after=2022-05-24T00:00:00+00:00
[2022-05-24 21:22:08,023] {processor.py:161} INFO - Processing /home/airflow/.local/lib/python3.7/site-packages/airflow/example_dags/example_nested_branch_dag.py took 0.173 seconds
