[2022-05-24 21:14:00,330] {processor.py:153} INFO - Started process (PID=80) to work on /home/airflow/.local/lib/python3.7/site-packages/airflow/example_dags/example_task_group_decorator.py
[2022-05-24 21:14:00,335] {processor.py:641} INFO - Processing file /home/airflow/.local/lib/python3.7/site-packages/airflow/example_dags/example_task_group_decorator.py for tasks to queue
[2022-05-24 21:14:00,339] {logging_mixin.py:115} INFO - [2022-05-24 21:14:00,339] {dagbag.py:507} INFO - Filling up the DagBag from /home/airflow/.local/lib/python3.7/site-packages/airflow/example_dags/example_task_group_decorator.py
[2022-05-24 21:14:00,365] {processor.py:651} INFO - DAG(s) dict_keys(['example_task_group_decorator']) retrieved from /home/airflow/.local/lib/python3.7/site-packages/airflow/example_dags/example_task_group_decorator.py
[2022-05-24 21:14:00,533] {logging_mixin.py:115} INFO - [2022-05-24 21:14:00,533] {manager.py:508} INFO - Created Permission View: can read on DAG:example_task_group_decorator
[2022-05-24 21:14:00,540] {logging_mixin.py:115} INFO - [2022-05-24 21:14:00,540] {manager.py:508} INFO - Created Permission View: can delete on DAG:example_task_group_decorator
[2022-05-24 21:14:00,545] {logging_mixin.py:115} INFO - [2022-05-24 21:14:00,545] {manager.py:508} INFO - Created Permission View: can edit on DAG:example_task_group_decorator
[2022-05-24 21:14:00,546] {logging_mixin.py:115} INFO - [2022-05-24 21:14:00,546] {dag.py:2371} INFO - Sync 1 DAGs
[2022-05-24 21:14:00,555] {logging_mixin.py:115} INFO - [2022-05-24 21:14:00,555] {dag.py:2390} INFO - Creating ORM DAG for example_task_group_decorator
[2022-05-24 21:14:00,567] {logging_mixin.py:115} INFO - [2022-05-24 21:14:00,567] {dag.py:2919} INFO - Setting next_dagrun for example_task_group_decorator to 2022-05-23T21:14:00.566828+00:00, run_after=2022-05-24T21:14:00.566828+00:00
[2022-05-24 21:14:00,581] {processor.py:161} INFO - Processing /home/airflow/.local/lib/python3.7/site-packages/airflow/example_dags/example_task_group_decorator.py took 0.258 seconds
[2022-05-24 21:14:31,127] {processor.py:153} INFO - Started process (PID=139) to work on /home/airflow/.local/lib/python3.7/site-packages/airflow/example_dags/example_task_group_decorator.py
[2022-05-24 21:14:31,134] {processor.py:641} INFO - Processing file /home/airflow/.local/lib/python3.7/site-packages/airflow/example_dags/example_task_group_decorator.py for tasks to queue
[2022-05-24 21:14:31,136] {logging_mixin.py:115} INFO - [2022-05-24 21:14:31,136] {dagbag.py:507} INFO - Filling up the DagBag from /home/airflow/.local/lib/python3.7/site-packages/airflow/example_dags/example_task_group_decorator.py
[2022-05-24 21:14:31,167] {processor.py:651} INFO - DAG(s) dict_keys(['example_task_group_decorator']) retrieved from /home/airflow/.local/lib/python3.7/site-packages/airflow/example_dags/example_task_group_decorator.py
[2022-05-24 21:14:31,561] {logging_mixin.py:115} INFO - [2022-05-24 21:14:31,561] {dag.py:2371} INFO - Sync 1 DAGs
[2022-05-24 21:14:31,586] {logging_mixin.py:115} INFO - [2022-05-24 21:14:31,586] {dag.py:2919} INFO - Setting next_dagrun for example_task_group_decorator to 2022-05-23T21:14:31.585657+00:00, run_after=2022-05-24T21:14:31.585657+00:00
[2022-05-24 21:14:31,601] {processor.py:161} INFO - Processing /home/airflow/.local/lib/python3.7/site-packages/airflow/example_dags/example_task_group_decorator.py took 0.480 seconds
[2022-05-24 21:15:02,451] {processor.py:153} INFO - Started process (PID=207) to work on /home/airflow/.local/lib/python3.7/site-packages/airflow/example_dags/example_task_group_decorator.py
[2022-05-24 21:15:02,460] {processor.py:641} INFO - Processing file /home/airflow/.local/lib/python3.7/site-packages/airflow/example_dags/example_task_group_decorator.py for tasks to queue
[2022-05-24 21:15:02,465] {logging_mixin.py:115} INFO - [2022-05-24 21:15:02,464] {dagbag.py:507} INFO - Filling up the DagBag from /home/airflow/.local/lib/python3.7/site-packages/airflow/example_dags/example_task_group_decorator.py
[2022-05-24 21:15:02,497] {processor.py:651} INFO - DAG(s) dict_keys(['example_task_group_decorator']) retrieved from /home/airflow/.local/lib/python3.7/site-packages/airflow/example_dags/example_task_group_decorator.py
[2022-05-24 21:15:02,653] {logging_mixin.py:115} INFO - [2022-05-24 21:15:02,653] {dag.py:2371} INFO - Sync 1 DAGs
[2022-05-24 21:15:02,667] {logging_mixin.py:115} INFO - [2022-05-24 21:15:02,667] {dag.py:2919} INFO - Setting next_dagrun for example_task_group_decorator to 2022-05-23T21:15:02.667697+00:00, run_after=2022-05-24T21:15:02.667697+00:00
[2022-05-24 21:15:02,677] {processor.py:161} INFO - Processing /home/airflow/.local/lib/python3.7/site-packages/airflow/example_dags/example_task_group_decorator.py took 0.231 seconds
[2022-05-24 21:15:33,017] {processor.py:153} INFO - Started process (PID=277) to work on /home/airflow/.local/lib/python3.7/site-packages/airflow/example_dags/example_task_group_decorator.py
[2022-05-24 21:15:33,019] {processor.py:641} INFO - Processing file /home/airflow/.local/lib/python3.7/site-packages/airflow/example_dags/example_task_group_decorator.py for tasks to queue
[2022-05-24 21:15:33,021] {logging_mixin.py:115} INFO - [2022-05-24 21:15:33,021] {dagbag.py:507} INFO - Filling up the DagBag from /home/airflow/.local/lib/python3.7/site-packages/airflow/example_dags/example_task_group_decorator.py
[2022-05-24 21:15:33,046] {processor.py:651} INFO - DAG(s) dict_keys(['example_task_group_decorator']) retrieved from /home/airflow/.local/lib/python3.7/site-packages/airflow/example_dags/example_task_group_decorator.py
[2022-05-24 21:15:33,393] {logging_mixin.py:115} INFO - [2022-05-24 21:15:33,393] {dag.py:2371} INFO - Sync 1 DAGs
[2022-05-24 21:15:33,411] {logging_mixin.py:115} INFO - [2022-05-24 21:15:33,411] {dag.py:2919} INFO - Setting next_dagrun for example_task_group_decorator to 2022-05-23T21:15:33.411049+00:00, run_after=2022-05-24T21:15:33.411049+00:00
[2022-05-24 21:15:33,423] {processor.py:161} INFO - Processing /home/airflow/.local/lib/python3.7/site-packages/airflow/example_dags/example_task_group_decorator.py took 0.410 seconds
[2022-05-24 21:16:04,108] {processor.py:153} INFO - Started process (PID=346) to work on /home/airflow/.local/lib/python3.7/site-packages/airflow/example_dags/example_task_group_decorator.py
[2022-05-24 21:16:04,110] {processor.py:641} INFO - Processing file /home/airflow/.local/lib/python3.7/site-packages/airflow/example_dags/example_task_group_decorator.py for tasks to queue
[2022-05-24 21:16:04,112] {logging_mixin.py:115} INFO - [2022-05-24 21:16:04,111] {dagbag.py:507} INFO - Filling up the DagBag from /home/airflow/.local/lib/python3.7/site-packages/airflow/example_dags/example_task_group_decorator.py
[2022-05-24 21:16:04,135] {processor.py:651} INFO - DAG(s) dict_keys(['example_task_group_decorator']) retrieved from /home/airflow/.local/lib/python3.7/site-packages/airflow/example_dags/example_task_group_decorator.py
[2022-05-24 21:16:04,411] {logging_mixin.py:115} INFO - [2022-05-24 21:16:04,411] {dag.py:2371} INFO - Sync 1 DAGs
[2022-05-24 21:16:04,425] {logging_mixin.py:115} INFO - [2022-05-24 21:16:04,424] {dag.py:2919} INFO - Setting next_dagrun for example_task_group_decorator to 2022-05-23T21:16:04.424819+00:00, run_after=2022-05-24T21:16:04.424819+00:00
[2022-05-24 21:16:04,434] {processor.py:161} INFO - Processing /home/airflow/.local/lib/python3.7/site-packages/airflow/example_dags/example_task_group_decorator.py took 0.331 seconds
[2022-05-24 21:16:35,001] {processor.py:153} INFO - Started process (PID=403) to work on /home/airflow/.local/lib/python3.7/site-packages/airflow/example_dags/example_task_group_decorator.py
[2022-05-24 21:16:35,003] {processor.py:641} INFO - Processing file /home/airflow/.local/lib/python3.7/site-packages/airflow/example_dags/example_task_group_decorator.py for tasks to queue
[2022-05-24 21:16:35,005] {logging_mixin.py:115} INFO - [2022-05-24 21:16:35,004] {dagbag.py:507} INFO - Filling up the DagBag from /home/airflow/.local/lib/python3.7/site-packages/airflow/example_dags/example_task_group_decorator.py
[2022-05-24 21:16:35,026] {processor.py:651} INFO - DAG(s) dict_keys(['example_task_group_decorator']) retrieved from /home/airflow/.local/lib/python3.7/site-packages/airflow/example_dags/example_task_group_decorator.py
[2022-05-24 21:16:35,068] {logging_mixin.py:115} INFO - [2022-05-24 21:16:35,068] {dag.py:2371} INFO - Sync 1 DAGs
[2022-05-24 21:16:35,212] {logging_mixin.py:115} INFO - [2022-05-24 21:16:35,212] {dag.py:2919} INFO - Setting next_dagrun for example_task_group_decorator to 2022-05-23T21:16:35.212107+00:00, run_after=2022-05-24T21:16:35.212107+00:00
[2022-05-24 21:16:35,232] {processor.py:161} INFO - Processing /home/airflow/.local/lib/python3.7/site-packages/airflow/example_dags/example_task_group_decorator.py took 0.234 seconds
[2022-05-24 21:17:06,038] {processor.py:153} INFO - Started process (PID=468) to work on /home/airflow/.local/lib/python3.7/site-packages/airflow/example_dags/example_task_group_decorator.py
[2022-05-24 21:17:06,040] {processor.py:641} INFO - Processing file /home/airflow/.local/lib/python3.7/site-packages/airflow/example_dags/example_task_group_decorator.py for tasks to queue
[2022-05-24 21:17:06,041] {logging_mixin.py:115} INFO - [2022-05-24 21:17:06,041] {dagbag.py:507} INFO - Filling up the DagBag from /home/airflow/.local/lib/python3.7/site-packages/airflow/example_dags/example_task_group_decorator.py
[2022-05-24 21:17:06,061] {processor.py:651} INFO - DAG(s) dict_keys(['example_task_group_decorator']) retrieved from /home/airflow/.local/lib/python3.7/site-packages/airflow/example_dags/example_task_group_decorator.py
[2022-05-24 21:17:06,219] {logging_mixin.py:115} INFO - [2022-05-24 21:17:06,219] {dag.py:2371} INFO - Sync 1 DAGs
[2022-05-24 21:17:06,231] {logging_mixin.py:115} INFO - [2022-05-24 21:17:06,231] {dag.py:2919} INFO - Setting next_dagrun for example_task_group_decorator to 2022-05-23T21:17:06.231769+00:00, run_after=2022-05-24T21:17:06.231769+00:00
[2022-05-24 21:17:06,243] {processor.py:161} INFO - Processing /home/airflow/.local/lib/python3.7/site-packages/airflow/example_dags/example_task_group_decorator.py took 0.207 seconds
[2022-05-24 21:17:36,595] {processor.py:153} INFO - Started process (PID=538) to work on /home/airflow/.local/lib/python3.7/site-packages/airflow/example_dags/example_task_group_decorator.py
[2022-05-24 21:17:36,598] {processor.py:641} INFO - Processing file /home/airflow/.local/lib/python3.7/site-packages/airflow/example_dags/example_task_group_decorator.py for tasks to queue
[2022-05-24 21:17:36,600] {logging_mixin.py:115} INFO - [2022-05-24 21:17:36,600] {dagbag.py:507} INFO - Filling up the DagBag from /home/airflow/.local/lib/python3.7/site-packages/airflow/example_dags/example_task_group_decorator.py
[2022-05-24 21:17:36,624] {processor.py:651} INFO - DAG(s) dict_keys(['example_task_group_decorator']) retrieved from /home/airflow/.local/lib/python3.7/site-packages/airflow/example_dags/example_task_group_decorator.py
[2022-05-24 21:17:36,781] {logging_mixin.py:115} INFO - [2022-05-24 21:17:36,781] {dag.py:2371} INFO - Sync 1 DAGs
[2022-05-24 21:17:36,792] {logging_mixin.py:115} INFO - [2022-05-24 21:17:36,792] {dag.py:2919} INFO - Setting next_dagrun for example_task_group_decorator to 2022-05-23T21:17:36.792323+00:00, run_after=2022-05-24T21:17:36.792323+00:00
[2022-05-24 21:17:36,801] {processor.py:161} INFO - Processing /home/airflow/.local/lib/python3.7/site-packages/airflow/example_dags/example_task_group_decorator.py took 0.210 seconds
[2022-05-24 21:18:06,960] {processor.py:153} INFO - Started process (PID=604) to work on /home/airflow/.local/lib/python3.7/site-packages/airflow/example_dags/example_task_group_decorator.py
[2022-05-24 21:18:06,963] {processor.py:641} INFO - Processing file /home/airflow/.local/lib/python3.7/site-packages/airflow/example_dags/example_task_group_decorator.py for tasks to queue
[2022-05-24 21:18:06,965] {logging_mixin.py:115} INFO - [2022-05-24 21:18:06,965] {dagbag.py:507} INFO - Filling up the DagBag from /home/airflow/.local/lib/python3.7/site-packages/airflow/example_dags/example_task_group_decorator.py
[2022-05-24 21:18:06,992] {processor.py:651} INFO - DAG(s) dict_keys(['example_task_group_decorator']) retrieved from /home/airflow/.local/lib/python3.7/site-packages/airflow/example_dags/example_task_group_decorator.py
[2022-05-24 21:18:07,139] {logging_mixin.py:115} INFO - [2022-05-24 21:18:07,139] {dag.py:2371} INFO - Sync 1 DAGs
[2022-05-24 21:18:07,157] {logging_mixin.py:115} INFO - [2022-05-24 21:18:07,157] {dag.py:2919} INFO - Setting next_dagrun for example_task_group_decorator to 2022-05-23T21:18:07.157282+00:00, run_after=2022-05-24T21:18:07.157282+00:00
[2022-05-24 21:18:07,175] {processor.py:161} INFO - Processing /home/airflow/.local/lib/python3.7/site-packages/airflow/example_dags/example_task_group_decorator.py took 0.224 seconds
[2022-05-24 21:18:37,341] {processor.py:153} INFO - Started process (PID=663) to work on /home/airflow/.local/lib/python3.7/site-packages/airflow/example_dags/example_task_group_decorator.py
[2022-05-24 21:18:37,346] {processor.py:641} INFO - Processing file /home/airflow/.local/lib/python3.7/site-packages/airflow/example_dags/example_task_group_decorator.py for tasks to queue
[2022-05-24 21:18:37,349] {logging_mixin.py:115} INFO - [2022-05-24 21:18:37,349] {dagbag.py:507} INFO - Filling up the DagBag from /home/airflow/.local/lib/python3.7/site-packages/airflow/example_dags/example_task_group_decorator.py
[2022-05-24 21:18:37,375] {processor.py:651} INFO - DAG(s) dict_keys(['example_task_group_decorator']) retrieved from /home/airflow/.local/lib/python3.7/site-packages/airflow/example_dags/example_task_group_decorator.py
[2022-05-24 21:18:37,509] {logging_mixin.py:115} INFO - [2022-05-24 21:18:37,509] {dag.py:2371} INFO - Sync 1 DAGs
[2022-05-24 21:18:37,523] {logging_mixin.py:115} INFO - [2022-05-24 21:18:37,523] {dag.py:2919} INFO - Setting next_dagrun for example_task_group_decorator to 2022-05-23T21:18:37.523180+00:00, run_after=2022-05-24T21:18:37.523180+00:00
[2022-05-24 21:18:37,534] {processor.py:161} INFO - Processing /home/airflow/.local/lib/python3.7/site-packages/airflow/example_dags/example_task_group_decorator.py took 0.198 seconds
[2022-05-24 21:19:07,621] {processor.py:153} INFO - Started process (PID=729) to work on /home/airflow/.local/lib/python3.7/site-packages/airflow/example_dags/example_task_group_decorator.py
[2022-05-24 21:19:07,626] {processor.py:641} INFO - Processing file /home/airflow/.local/lib/python3.7/site-packages/airflow/example_dags/example_task_group_decorator.py for tasks to queue
[2022-05-24 21:19:07,630] {logging_mixin.py:115} INFO - [2022-05-24 21:19:07,630] {dagbag.py:507} INFO - Filling up the DagBag from /home/airflow/.local/lib/python3.7/site-packages/airflow/example_dags/example_task_group_decorator.py
[2022-05-24 21:19:07,685] {processor.py:651} INFO - DAG(s) dict_keys(['example_task_group_decorator']) retrieved from /home/airflow/.local/lib/python3.7/site-packages/airflow/example_dags/example_task_group_decorator.py
[2022-05-24 21:19:08,059] {logging_mixin.py:115} INFO - [2022-05-24 21:19:08,058] {dag.py:2371} INFO - Sync 1 DAGs
[2022-05-24 21:19:08,080] {logging_mixin.py:115} INFO - [2022-05-24 21:19:08,080] {dag.py:2919} INFO - Setting next_dagrun for example_task_group_decorator to 2022-05-23T21:19:08.080312+00:00, run_after=2022-05-24T21:19:08.080312+00:00
[2022-05-24 21:19:08,103] {processor.py:161} INFO - Processing /home/airflow/.local/lib/python3.7/site-packages/airflow/example_dags/example_task_group_decorator.py took 0.490 seconds
[2022-05-24 21:19:39,092] {processor.py:153} INFO - Started process (PID=798) to work on /home/airflow/.local/lib/python3.7/site-packages/airflow/example_dags/example_task_group_decorator.py
[2022-05-24 21:19:39,095] {processor.py:641} INFO - Processing file /home/airflow/.local/lib/python3.7/site-packages/airflow/example_dags/example_task_group_decorator.py for tasks to queue
[2022-05-24 21:19:39,097] {logging_mixin.py:115} INFO - [2022-05-24 21:19:39,097] {dagbag.py:507} INFO - Filling up the DagBag from /home/airflow/.local/lib/python3.7/site-packages/airflow/example_dags/example_task_group_decorator.py
[2022-05-24 21:19:39,127] {processor.py:651} INFO - DAG(s) dict_keys(['example_task_group_decorator']) retrieved from /home/airflow/.local/lib/python3.7/site-packages/airflow/example_dags/example_task_group_decorator.py
[2022-05-24 21:19:39,285] {logging_mixin.py:115} INFO - [2022-05-24 21:19:39,285] {dag.py:2371} INFO - Sync 1 DAGs
[2022-05-24 21:19:39,298] {logging_mixin.py:115} INFO - [2022-05-24 21:19:39,298] {dag.py:2919} INFO - Setting next_dagrun for example_task_group_decorator to 2022-05-23T21:19:39.297853+00:00, run_after=2022-05-24T21:19:39.297853+00:00
[2022-05-24 21:19:39,307] {processor.py:161} INFO - Processing /home/airflow/.local/lib/python3.7/site-packages/airflow/example_dags/example_task_group_decorator.py took 0.225 seconds
[2022-05-24 21:20:10,283] {processor.py:153} INFO - Started process (PID=869) to work on /home/airflow/.local/lib/python3.7/site-packages/airflow/example_dags/example_task_group_decorator.py
[2022-05-24 21:20:10,288] {processor.py:641} INFO - Processing file /home/airflow/.local/lib/python3.7/site-packages/airflow/example_dags/example_task_group_decorator.py for tasks to queue
[2022-05-24 21:20:10,290] {logging_mixin.py:115} INFO - [2022-05-24 21:20:10,290] {dagbag.py:507} INFO - Filling up the DagBag from /home/airflow/.local/lib/python3.7/site-packages/airflow/example_dags/example_task_group_decorator.py
[2022-05-24 21:20:10,326] {processor.py:651} INFO - DAG(s) dict_keys(['example_task_group_decorator']) retrieved from /home/airflow/.local/lib/python3.7/site-packages/airflow/example_dags/example_task_group_decorator.py
[2022-05-24 21:20:10,541] {logging_mixin.py:115} INFO - [2022-05-24 21:20:10,540] {dag.py:2371} INFO - Sync 1 DAGs
[2022-05-24 21:20:10,556] {logging_mixin.py:115} INFO - [2022-05-24 21:20:10,556] {dag.py:2919} INFO - Setting next_dagrun for example_task_group_decorator to 2022-05-23T21:20:10.556676+00:00, run_after=2022-05-24T21:20:10.556676+00:00
[2022-05-24 21:20:10,568] {processor.py:161} INFO - Processing /home/airflow/.local/lib/python3.7/site-packages/airflow/example_dags/example_task_group_decorator.py took 0.294 seconds
[2022-05-24 21:20:41,409] {processor.py:153} INFO - Started process (PID=940) to work on /home/airflow/.local/lib/python3.7/site-packages/airflow/example_dags/example_task_group_decorator.py
[2022-05-24 21:20:41,412] {processor.py:641} INFO - Processing file /home/airflow/.local/lib/python3.7/site-packages/airflow/example_dags/example_task_group_decorator.py for tasks to queue
[2022-05-24 21:20:41,414] {logging_mixin.py:115} INFO - [2022-05-24 21:20:41,414] {dagbag.py:507} INFO - Filling up the DagBag from /home/airflow/.local/lib/python3.7/site-packages/airflow/example_dags/example_task_group_decorator.py
[2022-05-24 21:20:41,477] {processor.py:651} INFO - DAG(s) dict_keys(['example_task_group_decorator']) retrieved from /home/airflow/.local/lib/python3.7/site-packages/airflow/example_dags/example_task_group_decorator.py
[2022-05-24 21:20:41,514] {logging_mixin.py:115} INFO - [2022-05-24 21:20:41,514] {dag.py:2371} INFO - Sync 1 DAGs
[2022-05-24 21:20:41,836] {logging_mixin.py:115} INFO - [2022-05-24 21:20:41,836] {dag.py:2919} INFO - Setting next_dagrun for example_task_group_decorator to 2022-05-23T21:20:41.836640+00:00, run_after=2022-05-24T21:20:41.836640+00:00
[2022-05-24 21:20:41,849] {processor.py:161} INFO - Processing /home/airflow/.local/lib/python3.7/site-packages/airflow/example_dags/example_task_group_decorator.py took 0.443 seconds
[2022-05-24 21:21:12,081] {processor.py:153} INFO - Started process (PID=997) to work on /home/airflow/.local/lib/python3.7/site-packages/airflow/example_dags/example_task_group_decorator.py
[2022-05-24 21:21:12,083] {processor.py:641} INFO - Processing file /home/airflow/.local/lib/python3.7/site-packages/airflow/example_dags/example_task_group_decorator.py for tasks to queue
[2022-05-24 21:21:12,084] {logging_mixin.py:115} INFO - [2022-05-24 21:21:12,084] {dagbag.py:507} INFO - Filling up the DagBag from /home/airflow/.local/lib/python3.7/site-packages/airflow/example_dags/example_task_group_decorator.py
[2022-05-24 21:21:12,106] {processor.py:651} INFO - DAG(s) dict_keys(['example_task_group_decorator']) retrieved from /home/airflow/.local/lib/python3.7/site-packages/airflow/example_dags/example_task_group_decorator.py
[2022-05-24 21:21:12,328] {logging_mixin.py:115} INFO - [2022-05-24 21:21:12,328] {dag.py:2371} INFO - Sync 1 DAGs
[2022-05-24 21:21:12,345] {logging_mixin.py:115} INFO - [2022-05-24 21:21:12,345] {dag.py:2919} INFO - Setting next_dagrun for example_task_group_decorator to 2022-05-23T21:21:12.345609+00:00, run_after=2022-05-24T21:21:12.345609+00:00
[2022-05-24 21:21:12,357] {processor.py:161} INFO - Processing /home/airflow/.local/lib/python3.7/site-packages/airflow/example_dags/example_task_group_decorator.py took 0.279 seconds
[2022-05-24 21:21:42,685] {processor.py:153} INFO - Started process (PID=1063) to work on /home/airflow/.local/lib/python3.7/site-packages/airflow/example_dags/example_task_group_decorator.py
[2022-05-24 21:21:42,687] {processor.py:641} INFO - Processing file /home/airflow/.local/lib/python3.7/site-packages/airflow/example_dags/example_task_group_decorator.py for tasks to queue
[2022-05-24 21:21:42,688] {logging_mixin.py:115} INFO - [2022-05-24 21:21:42,688] {dagbag.py:507} INFO - Filling up the DagBag from /home/airflow/.local/lib/python3.7/site-packages/airflow/example_dags/example_task_group_decorator.py
[2022-05-24 21:21:42,735] {processor.py:651} INFO - DAG(s) dict_keys(['example_task_group_decorator']) retrieved from /home/airflow/.local/lib/python3.7/site-packages/airflow/example_dags/example_task_group_decorator.py
[2022-05-24 21:21:42,782] {logging_mixin.py:115} INFO - [2022-05-24 21:21:42,782] {dag.py:2371} INFO - Sync 1 DAGs
[2022-05-24 21:21:43,045] {logging_mixin.py:115} INFO - [2022-05-24 21:21:43,045] {dag.py:2919} INFO - Setting next_dagrun for example_task_group_decorator to 2022-05-23T21:21:43.045593+00:00, run_after=2022-05-24T21:21:43.045593+00:00
[2022-05-24 21:21:43,060] {processor.py:161} INFO - Processing /home/airflow/.local/lib/python3.7/site-packages/airflow/example_dags/example_task_group_decorator.py took 0.380 seconds
[2022-05-24 21:22:13,534] {processor.py:153} INFO - Started process (PID=1137) to work on /home/airflow/.local/lib/python3.7/site-packages/airflow/example_dags/example_task_group_decorator.py
[2022-05-24 21:22:13,537] {processor.py:641} INFO - Processing file /home/airflow/.local/lib/python3.7/site-packages/airflow/example_dags/example_task_group_decorator.py for tasks to queue
[2022-05-24 21:22:13,539] {logging_mixin.py:115} INFO - [2022-05-24 21:22:13,539] {dagbag.py:507} INFO - Filling up the DagBag from /home/airflow/.local/lib/python3.7/site-packages/airflow/example_dags/example_task_group_decorator.py
[2022-05-24 21:22:13,563] {processor.py:651} INFO - DAG(s) dict_keys(['example_task_group_decorator']) retrieved from /home/airflow/.local/lib/python3.7/site-packages/airflow/example_dags/example_task_group_decorator.py
[2022-05-24 21:22:13,959] {logging_mixin.py:115} INFO - [2022-05-24 21:22:13,959] {dag.py:2371} INFO - Sync 1 DAGs
[2022-05-24 21:22:13,983] {logging_mixin.py:115} INFO - [2022-05-24 21:22:13,983] {dag.py:2919} INFO - Setting next_dagrun for example_task_group_decorator to 2022-05-23T21:22:13.982949+00:00, run_after=2022-05-24T21:22:13.982949+00:00
[2022-05-24 21:22:13,996] {processor.py:161} INFO - Processing /home/airflow/.local/lib/python3.7/site-packages/airflow/example_dags/example_task_group_decorator.py took 0.469 seconds
