[2022-05-24 21:13:57,724] {processor.py:153} INFO - Started process (PID=63) to work on /home/airflow/.local/lib/python3.7/site-packages/airflow/example_dags/example_subdag_operator.py
[2022-05-24 21:13:57,726] {processor.py:641} INFO - Processing file /home/airflow/.local/lib/python3.7/site-packages/airflow/example_dags/example_subdag_operator.py for tasks to queue
[2022-05-24 21:13:57,728] {logging_mixin.py:115} INFO - [2022-05-24 21:13:57,728] {dagbag.py:507} INFO - Filling up the DagBag from /home/airflow/.local/lib/python3.7/site-packages/airflow/example_dags/example_subdag_operator.py
[2022-05-24 21:13:57,774] {processor.py:651} INFO - DAG(s) dict_keys(['example_subdag_operator.section-1', 'example_subdag_operator.section-2', 'example_subdag_operator']) retrieved from /home/airflow/.local/lib/python3.7/site-packages/airflow/example_dags/example_subdag_operator.py
[2022-05-24 21:13:58,327] {logging_mixin.py:115} INFO - [2022-05-24 21:13:58,327] {manager.py:508} INFO - Created Permission View: can read on DAG:example_subdag_operator
[2022-05-24 21:13:58,353] {logging_mixin.py:115} INFO - [2022-05-24 21:13:58,353] {manager.py:508} INFO - Created Permission View: can delete on DAG:example_subdag_operator
[2022-05-24 21:13:58,367] {logging_mixin.py:115} INFO - [2022-05-24 21:13:58,367] {manager.py:508} INFO - Created Permission View: can edit on DAG:example_subdag_operator
[2022-05-24 21:13:58,370] {logging_mixin.py:115} INFO - [2022-05-24 21:13:58,369] {dag.py:2371} INFO - Sync 3 DAGs
[2022-05-24 21:13:58,381] {logging_mixin.py:115} INFO - [2022-05-24 21:13:58,381] {dag.py:2390} INFO - Creating ORM DAG for example_subdag_operator.section-1
[2022-05-24 21:13:58,386] {logging_mixin.py:115} INFO - [2022-05-24 21:13:58,386] {dag.py:2390} INFO - Creating ORM DAG for example_subdag_operator
[2022-05-24 21:13:58,389] {logging_mixin.py:115} INFO - [2022-05-24 21:13:58,389] {dag.py:2390} INFO - Creating ORM DAG for example_subdag_operator.section-2
[2022-05-24 21:13:58,419] {logging_mixin.py:115} INFO - [2022-05-24 21:13:58,419] {dag.py:2919} INFO - Setting next_dagrun for example_subdag_operator to 2022-05-22T00:00:00+00:00, run_after=2022-05-22T00:00:00+00:00
[2022-05-24 21:13:58,432] {logging_mixin.py:115} INFO - [2022-05-24 21:13:58,432] {dag.py:2919} INFO - Setting next_dagrun for example_subdag_operator.section-1 to None, run_after=None
[2022-05-24 21:13:58,436] {logging_mixin.py:115} INFO - [2022-05-24 21:13:58,436] {dag.py:2919} INFO - Setting next_dagrun for example_subdag_operator.section-2 to None, run_after=None
[2022-05-24 21:13:58,500] {logging_mixin.py:115} INFO - [2022-05-24 21:13:58,500] {dag.py:2371} INFO - Sync 2 DAGs
[2022-05-24 21:13:58,518] {logging_mixin.py:115} INFO - [2022-05-24 21:13:58,518] {dag.py:2919} INFO - Setting next_dagrun for example_subdag_operator.section-1 to None, run_after=None
[2022-05-24 21:13:58,521] {logging_mixin.py:115} INFO - [2022-05-24 21:13:58,520] {dag.py:2919} INFO - Setting next_dagrun for example_subdag_operator.section-2 to None, run_after=None
[2022-05-24 21:13:58,537] {processor.py:161} INFO - Processing /home/airflow/.local/lib/python3.7/site-packages/airflow/example_dags/example_subdag_operator.py took 0.818 seconds
[2022-05-24 21:14:29,107] {processor.py:153} INFO - Started process (PID=131) to work on /home/airflow/.local/lib/python3.7/site-packages/airflow/example_dags/example_subdag_operator.py
[2022-05-24 21:14:29,110] {processor.py:641} INFO - Processing file /home/airflow/.local/lib/python3.7/site-packages/airflow/example_dags/example_subdag_operator.py for tasks to queue
[2022-05-24 21:14:29,117] {logging_mixin.py:115} INFO - [2022-05-24 21:14:29,117] {dagbag.py:507} INFO - Filling up the DagBag from /home/airflow/.local/lib/python3.7/site-packages/airflow/example_dags/example_subdag_operator.py
[2022-05-24 21:14:29,197] {processor.py:651} INFO - DAG(s) dict_keys(['example_subdag_operator.section-1', 'example_subdag_operator.section-2', 'example_subdag_operator']) retrieved from /home/airflow/.local/lib/python3.7/site-packages/airflow/example_dags/example_subdag_operator.py
[2022-05-24 21:14:29,261] {logging_mixin.py:115} INFO - [2022-05-24 21:14:29,261] {dag.py:2371} INFO - Sync 3 DAGs
[2022-05-24 21:14:29,539] {logging_mixin.py:115} INFO - [2022-05-24 21:14:29,539] {dag.py:2919} INFO - Setting next_dagrun for example_subdag_operator to 2022-05-22T00:00:00+00:00, run_after=2022-05-22T00:00:00+00:00
[2022-05-24 21:14:29,544] {logging_mixin.py:115} INFO - [2022-05-24 21:14:29,544] {dag.py:2919} INFO - Setting next_dagrun for example_subdag_operator.section-1 to None, run_after=None
[2022-05-24 21:14:29,547] {logging_mixin.py:115} INFO - [2022-05-24 21:14:29,547] {dag.py:2919} INFO - Setting next_dagrun for example_subdag_operator.section-2 to None, run_after=None
[2022-05-24 21:14:29,560] {logging_mixin.py:115} INFO - [2022-05-24 21:14:29,560] {dag.py:2371} INFO - Sync 2 DAGs
[2022-05-24 21:14:29,568] {logging_mixin.py:115} INFO - [2022-05-24 21:14:29,568] {dag.py:2919} INFO - Setting next_dagrun for example_subdag_operator.section-1 to None, run_after=None
[2022-05-24 21:14:29,570] {logging_mixin.py:115} INFO - [2022-05-24 21:14:29,570] {dag.py:2919} INFO - Setting next_dagrun for example_subdag_operator.section-2 to None, run_after=None
[2022-05-24 21:14:29,582] {processor.py:161} INFO - Processing /home/airflow/.local/lib/python3.7/site-packages/airflow/example_dags/example_subdag_operator.py took 0.482 seconds
[2022-05-24 21:14:59,696] {processor.py:153} INFO - Started process (PID=199) to work on /home/airflow/.local/lib/python3.7/site-packages/airflow/example_dags/example_subdag_operator.py
[2022-05-24 21:14:59,703] {processor.py:641} INFO - Processing file /home/airflow/.local/lib/python3.7/site-packages/airflow/example_dags/example_subdag_operator.py for tasks to queue
[2022-05-24 21:14:59,709] {logging_mixin.py:115} INFO - [2022-05-24 21:14:59,709] {dagbag.py:507} INFO - Filling up the DagBag from /home/airflow/.local/lib/python3.7/site-packages/airflow/example_dags/example_subdag_operator.py
[2022-05-24 21:14:59,774] {processor.py:651} INFO - DAG(s) dict_keys(['example_subdag_operator.section-1', 'example_subdag_operator.section-2', 'example_subdag_operator']) retrieved from /home/airflow/.local/lib/python3.7/site-packages/airflow/example_dags/example_subdag_operator.py
[2022-05-24 21:14:59,853] {logging_mixin.py:115} INFO - [2022-05-24 21:14:59,852] {dag.py:2371} INFO - Sync 3 DAGs
[2022-05-24 21:14:59,913] {logging_mixin.py:115} INFO - [2022-05-24 21:14:59,913] {dag.py:2919} INFO - Setting next_dagrun for example_subdag_operator to 2022-05-22T00:00:00+00:00, run_after=2022-05-22T00:00:00+00:00
[2022-05-24 21:14:59,918] {logging_mixin.py:115} INFO - [2022-05-24 21:14:59,918] {dag.py:2919} INFO - Setting next_dagrun for example_subdag_operator.section-1 to None, run_after=None
[2022-05-24 21:14:59,923] {logging_mixin.py:115} INFO - [2022-05-24 21:14:59,922] {dag.py:2919} INFO - Setting next_dagrun for example_subdag_operator.section-2 to None, run_after=None
[2022-05-24 21:15:00,195] {logging_mixin.py:115} INFO - [2022-05-24 21:15:00,194] {dag.py:2371} INFO - Sync 2 DAGs
[2022-05-24 21:15:00,216] {logging_mixin.py:115} INFO - [2022-05-24 21:15:00,216] {dag.py:2919} INFO - Setting next_dagrun for example_subdag_operator.section-1 to None, run_after=None
[2022-05-24 21:15:00,219] {logging_mixin.py:115} INFO - [2022-05-24 21:15:00,219] {dag.py:2919} INFO - Setting next_dagrun for example_subdag_operator.section-2 to None, run_after=None
[2022-05-24 21:15:00,238] {processor.py:161} INFO - Processing /home/airflow/.local/lib/python3.7/site-packages/airflow/example_dags/example_subdag_operator.py took 0.565 seconds
[2022-05-24 21:15:30,411] {processor.py:153} INFO - Started process (PID=269) to work on /home/airflow/.local/lib/python3.7/site-packages/airflow/example_dags/example_subdag_operator.py
[2022-05-24 21:15:30,413] {processor.py:641} INFO - Processing file /home/airflow/.local/lib/python3.7/site-packages/airflow/example_dags/example_subdag_operator.py for tasks to queue
[2022-05-24 21:15:30,414] {logging_mixin.py:115} INFO - [2022-05-24 21:15:30,414] {dagbag.py:507} INFO - Filling up the DagBag from /home/airflow/.local/lib/python3.7/site-packages/airflow/example_dags/example_subdag_operator.py
[2022-05-24 21:15:30,449] {processor.py:651} INFO - DAG(s) dict_keys(['example_subdag_operator.section-1', 'example_subdag_operator.section-2', 'example_subdag_operator']) retrieved from /home/airflow/.local/lib/python3.7/site-packages/airflow/example_dags/example_subdag_operator.py
[2022-05-24 21:15:30,483] {logging_mixin.py:115} INFO - [2022-05-24 21:15:30,483] {dag.py:2371} INFO - Sync 3 DAGs
[2022-05-24 21:15:30,512] {logging_mixin.py:115} INFO - [2022-05-24 21:15:30,512] {dag.py:2919} INFO - Setting next_dagrun for example_subdag_operator to 2022-05-22T00:00:00+00:00, run_after=2022-05-22T00:00:00+00:00
[2022-05-24 21:15:30,513] {logging_mixin.py:115} INFO - [2022-05-24 21:15:30,513] {dag.py:2919} INFO - Setting next_dagrun for example_subdag_operator.section-1 to None, run_after=None
[2022-05-24 21:15:30,514] {logging_mixin.py:115} INFO - [2022-05-24 21:15:30,514] {dag.py:2919} INFO - Setting next_dagrun for example_subdag_operator.section-2 to None, run_after=None
[2022-05-24 21:15:30,805] {logging_mixin.py:115} INFO - [2022-05-24 21:15:30,804] {dag.py:2371} INFO - Sync 2 DAGs
[2022-05-24 21:15:30,830] {logging_mixin.py:115} INFO - [2022-05-24 21:15:30,830] {dag.py:2919} INFO - Setting next_dagrun for example_subdag_operator.section-1 to None, run_after=None
[2022-05-24 21:15:30,834] {logging_mixin.py:115} INFO - [2022-05-24 21:15:30,833] {dag.py:2919} INFO - Setting next_dagrun for example_subdag_operator.section-2 to None, run_after=None
[2022-05-24 21:15:30,845] {processor.py:161} INFO - Processing /home/airflow/.local/lib/python3.7/site-packages/airflow/example_dags/example_subdag_operator.py took 0.439 seconds
[2022-05-24 21:16:01,066] {processor.py:153} INFO - Started process (PID=328) to work on /home/airflow/.local/lib/python3.7/site-packages/airflow/example_dags/example_subdag_operator.py
[2022-05-24 21:16:01,069] {processor.py:641} INFO - Processing file /home/airflow/.local/lib/python3.7/site-packages/airflow/example_dags/example_subdag_operator.py for tasks to queue
[2022-05-24 21:16:01,071] {logging_mixin.py:115} INFO - [2022-05-24 21:16:01,071] {dagbag.py:507} INFO - Filling up the DagBag from /home/airflow/.local/lib/python3.7/site-packages/airflow/example_dags/example_subdag_operator.py
[2022-05-24 21:16:01,097] {processor.py:651} INFO - DAG(s) dict_keys(['example_subdag_operator.section-1', 'example_subdag_operator.section-2', 'example_subdag_operator']) retrieved from /home/airflow/.local/lib/python3.7/site-packages/airflow/example_dags/example_subdag_operator.py
[2022-05-24 21:16:01,128] {logging_mixin.py:115} INFO - [2022-05-24 21:16:01,128] {dag.py:2371} INFO - Sync 3 DAGs
[2022-05-24 21:16:01,149] {logging_mixin.py:115} INFO - [2022-05-24 21:16:01,149] {dag.py:2919} INFO - Setting next_dagrun for example_subdag_operator to 2022-05-22T00:00:00+00:00, run_after=2022-05-22T00:00:00+00:00
[2022-05-24 21:16:01,151] {logging_mixin.py:115} INFO - [2022-05-24 21:16:01,151] {dag.py:2919} INFO - Setting next_dagrun for example_subdag_operator.section-1 to None, run_after=None
[2022-05-24 21:16:01,153] {logging_mixin.py:115} INFO - [2022-05-24 21:16:01,152] {dag.py:2919} INFO - Setting next_dagrun for example_subdag_operator.section-2 to None, run_after=None
[2022-05-24 21:16:01,298] {logging_mixin.py:115} INFO - [2022-05-24 21:16:01,298] {dag.py:2371} INFO - Sync 2 DAGs
[2022-05-24 21:16:01,304] {logging_mixin.py:115} INFO - [2022-05-24 21:16:01,304] {dag.py:2919} INFO - Setting next_dagrun for example_subdag_operator.section-1 to None, run_after=None
[2022-05-24 21:16:01,305] {logging_mixin.py:115} INFO - [2022-05-24 21:16:01,305] {dag.py:2919} INFO - Setting next_dagrun for example_subdag_operator.section-2 to None, run_after=None
[2022-05-24 21:16:01,313] {processor.py:161} INFO - Processing /home/airflow/.local/lib/python3.7/site-packages/airflow/example_dags/example_subdag_operator.py took 0.255 seconds
[2022-05-24 21:16:31,750] {processor.py:153} INFO - Started process (PID=395) to work on /home/airflow/.local/lib/python3.7/site-packages/airflow/example_dags/example_subdag_operator.py
[2022-05-24 21:16:31,752] {processor.py:641} INFO - Processing file /home/airflow/.local/lib/python3.7/site-packages/airflow/example_dags/example_subdag_operator.py for tasks to queue
[2022-05-24 21:16:31,754] {logging_mixin.py:115} INFO - [2022-05-24 21:16:31,753] {dagbag.py:507} INFO - Filling up the DagBag from /home/airflow/.local/lib/python3.7/site-packages/airflow/example_dags/example_subdag_operator.py
[2022-05-24 21:16:31,791] {processor.py:651} INFO - DAG(s) dict_keys(['example_subdag_operator.section-1', 'example_subdag_operator.section-2', 'example_subdag_operator']) retrieved from /home/airflow/.local/lib/python3.7/site-packages/airflow/example_dags/example_subdag_operator.py
[2022-05-24 21:16:31,837] {logging_mixin.py:115} INFO - [2022-05-24 21:16:31,837] {dag.py:2371} INFO - Sync 3 DAGs
[2022-05-24 21:16:31,864] {logging_mixin.py:115} INFO - [2022-05-24 21:16:31,864] {dag.py:2919} INFO - Setting next_dagrun for example_subdag_operator to 2022-05-22T00:00:00+00:00, run_after=2022-05-22T00:00:00+00:00
[2022-05-24 21:16:31,867] {logging_mixin.py:115} INFO - [2022-05-24 21:16:31,866] {dag.py:2919} INFO - Setting next_dagrun for example_subdag_operator.section-1 to None, run_after=None
[2022-05-24 21:16:31,869] {logging_mixin.py:115} INFO - [2022-05-24 21:16:31,869] {dag.py:2919} INFO - Setting next_dagrun for example_subdag_operator.section-2 to None, run_after=None
[2022-05-24 21:16:32,044] {logging_mixin.py:115} INFO - [2022-05-24 21:16:32,043] {dag.py:2371} INFO - Sync 2 DAGs
[2022-05-24 21:16:32,053] {logging_mixin.py:115} INFO - [2022-05-24 21:16:32,053] {dag.py:2919} INFO - Setting next_dagrun for example_subdag_operator.section-1 to None, run_after=None
[2022-05-24 21:16:32,055] {logging_mixin.py:115} INFO - [2022-05-24 21:16:32,055] {dag.py:2919} INFO - Setting next_dagrun for example_subdag_operator.section-2 to None, run_after=None
[2022-05-24 21:16:32,067] {processor.py:161} INFO - Processing /home/airflow/.local/lib/python3.7/site-packages/airflow/example_dags/example_subdag_operator.py took 0.319 seconds
[2022-05-24 21:17:02,271] {processor.py:153} INFO - Started process (PID=460) to work on /home/airflow/.local/lib/python3.7/site-packages/airflow/example_dags/example_subdag_operator.py
[2022-05-24 21:17:02,273] {processor.py:641} INFO - Processing file /home/airflow/.local/lib/python3.7/site-packages/airflow/example_dags/example_subdag_operator.py for tasks to queue
[2022-05-24 21:17:02,274] {logging_mixin.py:115} INFO - [2022-05-24 21:17:02,274] {dagbag.py:507} INFO - Filling up the DagBag from /home/airflow/.local/lib/python3.7/site-packages/airflow/example_dags/example_subdag_operator.py
[2022-05-24 21:17:02,290] {processor.py:651} INFO - DAG(s) dict_keys(['example_subdag_operator.section-1', 'example_subdag_operator.section-2', 'example_subdag_operator']) retrieved from /home/airflow/.local/lib/python3.7/site-packages/airflow/example_dags/example_subdag_operator.py
[2022-05-24 21:17:02,317] {logging_mixin.py:115} INFO - [2022-05-24 21:17:02,317] {dag.py:2371} INFO - Sync 3 DAGs
[2022-05-24 21:17:02,336] {logging_mixin.py:115} INFO - [2022-05-24 21:17:02,336] {dag.py:2919} INFO - Setting next_dagrun for example_subdag_operator to 2022-05-22T00:00:00+00:00, run_after=2022-05-22T00:00:00+00:00
[2022-05-24 21:17:02,337] {logging_mixin.py:115} INFO - [2022-05-24 21:17:02,337] {dag.py:2919} INFO - Setting next_dagrun for example_subdag_operator.section-1 to None, run_after=None
[2022-05-24 21:17:02,338] {logging_mixin.py:115} INFO - [2022-05-24 21:17:02,338] {dag.py:2919} INFO - Setting next_dagrun for example_subdag_operator.section-2 to None, run_after=None
[2022-05-24 21:17:02,431] {logging_mixin.py:115} INFO - [2022-05-24 21:17:02,431] {dag.py:2371} INFO - Sync 2 DAGs
[2022-05-24 21:17:02,436] {logging_mixin.py:115} INFO - [2022-05-24 21:17:02,436] {dag.py:2919} INFO - Setting next_dagrun for example_subdag_operator.section-1 to None, run_after=None
[2022-05-24 21:17:02,437] {logging_mixin.py:115} INFO - [2022-05-24 21:17:02,437] {dag.py:2919} INFO - Setting next_dagrun for example_subdag_operator.section-2 to None, run_after=None
[2022-05-24 21:17:02,444] {processor.py:161} INFO - Processing /home/airflow/.local/lib/python3.7/site-packages/airflow/example_dags/example_subdag_operator.py took 0.176 seconds
[2022-05-24 21:17:32,942] {processor.py:153} INFO - Started process (PID=530) to work on /home/airflow/.local/lib/python3.7/site-packages/airflow/example_dags/example_subdag_operator.py
[2022-05-24 21:17:32,944] {processor.py:641} INFO - Processing file /home/airflow/.local/lib/python3.7/site-packages/airflow/example_dags/example_subdag_operator.py for tasks to queue
[2022-05-24 21:17:32,945] {logging_mixin.py:115} INFO - [2022-05-24 21:17:32,945] {dagbag.py:507} INFO - Filling up the DagBag from /home/airflow/.local/lib/python3.7/site-packages/airflow/example_dags/example_subdag_operator.py
[2022-05-24 21:17:32,964] {processor.py:651} INFO - DAG(s) dict_keys(['example_subdag_operator.section-1', 'example_subdag_operator.section-2', 'example_subdag_operator']) retrieved from /home/airflow/.local/lib/python3.7/site-packages/airflow/example_dags/example_subdag_operator.py
[2022-05-24 21:17:32,989] {logging_mixin.py:115} INFO - [2022-05-24 21:17:32,989] {dag.py:2371} INFO - Sync 3 DAGs
[2022-05-24 21:17:33,005] {logging_mixin.py:115} INFO - [2022-05-24 21:17:33,005] {dag.py:2919} INFO - Setting next_dagrun for example_subdag_operator to 2022-05-22T00:00:00+00:00, run_after=2022-05-22T00:00:00+00:00
[2022-05-24 21:17:33,007] {logging_mixin.py:115} INFO - [2022-05-24 21:17:33,007] {dag.py:2919} INFO - Setting next_dagrun for example_subdag_operator.section-1 to None, run_after=None
[2022-05-24 21:17:33,008] {logging_mixin.py:115} INFO - [2022-05-24 21:17:33,008] {dag.py:2919} INFO - Setting next_dagrun for example_subdag_operator.section-2 to None, run_after=None
[2022-05-24 21:17:33,092] {logging_mixin.py:115} INFO - [2022-05-24 21:17:33,092] {dag.py:2371} INFO - Sync 2 DAGs
[2022-05-24 21:17:33,096] {logging_mixin.py:115} INFO - [2022-05-24 21:17:33,096] {dag.py:2919} INFO - Setting next_dagrun for example_subdag_operator.section-1 to None, run_after=None
[2022-05-24 21:17:33,097] {logging_mixin.py:115} INFO - [2022-05-24 21:17:33,097] {dag.py:2919} INFO - Setting next_dagrun for example_subdag_operator.section-2 to None, run_after=None
[2022-05-24 21:17:33,103] {processor.py:161} INFO - Processing /home/airflow/.local/lib/python3.7/site-packages/airflow/example_dags/example_subdag_operator.py took 0.163 seconds
[2022-05-24 21:18:04,688] {processor.py:153} INFO - Started process (PID=596) to work on /home/airflow/.local/lib/python3.7/site-packages/airflow/example_dags/example_subdag_operator.py
[2022-05-24 21:18:04,691] {processor.py:641} INFO - Processing file /home/airflow/.local/lib/python3.7/site-packages/airflow/example_dags/example_subdag_operator.py for tasks to queue
[2022-05-24 21:18:04,693] {logging_mixin.py:115} INFO - [2022-05-24 21:18:04,693] {dagbag.py:507} INFO - Filling up the DagBag from /home/airflow/.local/lib/python3.7/site-packages/airflow/example_dags/example_subdag_operator.py
[2022-05-24 21:18:04,738] {processor.py:651} INFO - DAG(s) dict_keys(['example_subdag_operator.section-1', 'example_subdag_operator.section-2', 'example_subdag_operator']) retrieved from /home/airflow/.local/lib/python3.7/site-packages/airflow/example_dags/example_subdag_operator.py
[2022-05-24 21:18:04,772] {logging_mixin.py:115} INFO - [2022-05-24 21:18:04,772] {dag.py:2371} INFO - Sync 3 DAGs
[2022-05-24 21:18:04,796] {logging_mixin.py:115} INFO - [2022-05-24 21:18:04,796] {dag.py:2919} INFO - Setting next_dagrun for example_subdag_operator to 2022-05-22T00:00:00+00:00, run_after=2022-05-22T00:00:00+00:00
[2022-05-24 21:18:04,798] {logging_mixin.py:115} INFO - [2022-05-24 21:18:04,798] {dag.py:2919} INFO - Setting next_dagrun for example_subdag_operator.section-1 to None, run_after=None
[2022-05-24 21:18:04,799] {logging_mixin.py:115} INFO - [2022-05-24 21:18:04,799] {dag.py:2919} INFO - Setting next_dagrun for example_subdag_operator.section-2 to None, run_after=None
[2022-05-24 21:18:05,142] {logging_mixin.py:115} INFO - [2022-05-24 21:18:05,132] {dag.py:2371} INFO - Sync 2 DAGs
[2022-05-24 21:18:05,163] {logging_mixin.py:115} INFO - [2022-05-24 21:18:05,163] {dag.py:2919} INFO - Setting next_dagrun for example_subdag_operator.section-1 to None, run_after=None
[2022-05-24 21:18:05,167] {logging_mixin.py:115} INFO - [2022-05-24 21:18:05,167] {dag.py:2919} INFO - Setting next_dagrun for example_subdag_operator.section-2 to None, run_after=None
[2022-05-24 21:18:05,191] {processor.py:161} INFO - Processing /home/airflow/.local/lib/python3.7/site-packages/airflow/example_dags/example_subdag_operator.py took 0.509 seconds
[2022-05-24 21:18:35,331] {processor.py:153} INFO - Started process (PID=655) to work on /home/airflow/.local/lib/python3.7/site-packages/airflow/example_dags/example_subdag_operator.py
[2022-05-24 21:18:35,333] {processor.py:641} INFO - Processing file /home/airflow/.local/lib/python3.7/site-packages/airflow/example_dags/example_subdag_operator.py for tasks to queue
[2022-05-24 21:18:35,334] {logging_mixin.py:115} INFO - [2022-05-24 21:18:35,334] {dagbag.py:507} INFO - Filling up the DagBag from /home/airflow/.local/lib/python3.7/site-packages/airflow/example_dags/example_subdag_operator.py
[2022-05-24 21:18:35,357] {processor.py:651} INFO - DAG(s) dict_keys(['example_subdag_operator.section-1', 'example_subdag_operator.section-2', 'example_subdag_operator']) retrieved from /home/airflow/.local/lib/python3.7/site-packages/airflow/example_dags/example_subdag_operator.py
[2022-05-24 21:18:35,442] {logging_mixin.py:115} INFO - [2022-05-24 21:18:35,442] {dag.py:2371} INFO - Sync 3 DAGs
[2022-05-24 21:18:35,457] {logging_mixin.py:115} INFO - [2022-05-24 21:18:35,457] {dag.py:2919} INFO - Setting next_dagrun for example_subdag_operator to 2022-05-22T00:00:00+00:00, run_after=2022-05-22T00:00:00+00:00
[2022-05-24 21:18:35,459] {logging_mixin.py:115} INFO - [2022-05-24 21:18:35,459] {dag.py:2919} INFO - Setting next_dagrun for example_subdag_operator.section-1 to None, run_after=None
[2022-05-24 21:18:35,459] {logging_mixin.py:115} INFO - [2022-05-24 21:18:35,459] {dag.py:2919} INFO - Setting next_dagrun for example_subdag_operator.section-2 to None, run_after=None
[2022-05-24 21:18:35,568] {logging_mixin.py:115} INFO - [2022-05-24 21:18:35,567] {dag.py:2371} INFO - Sync 2 DAGs
[2022-05-24 21:18:35,571] {logging_mixin.py:115} INFO - [2022-05-24 21:18:35,571] {dag.py:2919} INFO - Setting next_dagrun for example_subdag_operator.section-1 to None, run_after=None
[2022-05-24 21:18:35,572] {logging_mixin.py:115} INFO - [2022-05-24 21:18:35,572] {dag.py:2919} INFO - Setting next_dagrun for example_subdag_operator.section-2 to None, run_after=None
[2022-05-24 21:18:35,578] {processor.py:161} INFO - Processing /home/airflow/.local/lib/python3.7/site-packages/airflow/example_dags/example_subdag_operator.py took 0.250 seconds
[2022-05-24 21:19:05,649] {processor.py:153} INFO - Started process (PID=721) to work on /home/airflow/.local/lib/python3.7/site-packages/airflow/example_dags/example_subdag_operator.py
[2022-05-24 21:19:05,651] {processor.py:641} INFO - Processing file /home/airflow/.local/lib/python3.7/site-packages/airflow/example_dags/example_subdag_operator.py for tasks to queue
[2022-05-24 21:19:05,652] {logging_mixin.py:115} INFO - [2022-05-24 21:19:05,652] {dagbag.py:507} INFO - Filling up the DagBag from /home/airflow/.local/lib/python3.7/site-packages/airflow/example_dags/example_subdag_operator.py
[2022-05-24 21:19:05,670] {processor.py:651} INFO - DAG(s) dict_keys(['example_subdag_operator.section-1', 'example_subdag_operator.section-2', 'example_subdag_operator']) retrieved from /home/airflow/.local/lib/python3.7/site-packages/airflow/example_dags/example_subdag_operator.py
[2022-05-24 21:19:05,704] {logging_mixin.py:115} INFO - [2022-05-24 21:19:05,704] {dag.py:2371} INFO - Sync 3 DAGs
[2022-05-24 21:19:05,825] {logging_mixin.py:115} INFO - [2022-05-24 21:19:05,825] {dag.py:2919} INFO - Setting next_dagrun for example_subdag_operator to 2022-05-22T00:00:00+00:00, run_after=2022-05-22T00:00:00+00:00
[2022-05-24 21:19:05,828] {logging_mixin.py:115} INFO - [2022-05-24 21:19:05,828] {dag.py:2919} INFO - Setting next_dagrun for example_subdag_operator.section-1 to None, run_after=None
[2022-05-24 21:19:05,829] {logging_mixin.py:115} INFO - [2022-05-24 21:19:05,828] {dag.py:2919} INFO - Setting next_dagrun for example_subdag_operator.section-2 to None, run_after=None
[2022-05-24 21:19:05,833] {logging_mixin.py:115} INFO - [2022-05-24 21:19:05,833] {dag.py:2371} INFO - Sync 2 DAGs
[2022-05-24 21:19:05,836] {logging_mixin.py:115} INFO - [2022-05-24 21:19:05,836] {dag.py:2919} INFO - Setting next_dagrun for example_subdag_operator.section-1 to None, run_after=None
[2022-05-24 21:19:05,837] {logging_mixin.py:115} INFO - [2022-05-24 21:19:05,837] {dag.py:2919} INFO - Setting next_dagrun for example_subdag_operator.section-2 to None, run_after=None
[2022-05-24 21:19:05,842] {processor.py:161} INFO - Processing /home/airflow/.local/lib/python3.7/site-packages/airflow/example_dags/example_subdag_operator.py took 0.195 seconds
[2022-05-24 21:19:36,318] {processor.py:153} INFO - Started process (PID=790) to work on /home/airflow/.local/lib/python3.7/site-packages/airflow/example_dags/example_subdag_operator.py
[2022-05-24 21:19:36,319] {processor.py:641} INFO - Processing file /home/airflow/.local/lib/python3.7/site-packages/airflow/example_dags/example_subdag_operator.py for tasks to queue
[2022-05-24 21:19:36,320] {logging_mixin.py:115} INFO - [2022-05-24 21:19:36,320] {dagbag.py:507} INFO - Filling up the DagBag from /home/airflow/.local/lib/python3.7/site-packages/airflow/example_dags/example_subdag_operator.py
[2022-05-24 21:19:36,340] {processor.py:651} INFO - DAG(s) dict_keys(['example_subdag_operator.section-1', 'example_subdag_operator.section-2', 'example_subdag_operator']) retrieved from /home/airflow/.local/lib/python3.7/site-packages/airflow/example_dags/example_subdag_operator.py
[2022-05-24 21:19:36,368] {logging_mixin.py:115} INFO - [2022-05-24 21:19:36,368] {dag.py:2371} INFO - Sync 3 DAGs
[2022-05-24 21:19:36,483] {logging_mixin.py:115} INFO - [2022-05-24 21:19:36,483] {dag.py:2919} INFO - Setting next_dagrun for example_subdag_operator to 2022-05-22T00:00:00+00:00, run_after=2022-05-22T00:00:00+00:00
[2022-05-24 21:19:36,485] {logging_mixin.py:115} INFO - [2022-05-24 21:19:36,485] {dag.py:2919} INFO - Setting next_dagrun for example_subdag_operator.section-1 to None, run_after=None
[2022-05-24 21:19:36,486] {logging_mixin.py:115} INFO - [2022-05-24 21:19:36,486] {dag.py:2919} INFO - Setting next_dagrun for example_subdag_operator.section-2 to None, run_after=None
[2022-05-24 21:19:36,490] {logging_mixin.py:115} INFO - [2022-05-24 21:19:36,490] {dag.py:2371} INFO - Sync 2 DAGs
[2022-05-24 21:19:36,494] {logging_mixin.py:115} INFO - [2022-05-24 21:19:36,494] {dag.py:2919} INFO - Setting next_dagrun for example_subdag_operator.section-1 to None, run_after=None
[2022-05-24 21:19:36,495] {logging_mixin.py:115} INFO - [2022-05-24 21:19:36,495] {dag.py:2919} INFO - Setting next_dagrun for example_subdag_operator.section-2 to None, run_after=None
[2022-05-24 21:19:36,501] {processor.py:161} INFO - Processing /home/airflow/.local/lib/python3.7/site-packages/airflow/example_dags/example_subdag_operator.py took 0.186 seconds
[2022-05-24 21:20:07,092] {processor.py:153} INFO - Started process (PID=850) to work on /home/airflow/.local/lib/python3.7/site-packages/airflow/example_dags/example_subdag_operator.py
[2022-05-24 21:20:07,094] {processor.py:641} INFO - Processing file /home/airflow/.local/lib/python3.7/site-packages/airflow/example_dags/example_subdag_operator.py for tasks to queue
[2022-05-24 21:20:07,094] {logging_mixin.py:115} INFO - [2022-05-24 21:20:07,094] {dagbag.py:507} INFO - Filling up the DagBag from /home/airflow/.local/lib/python3.7/site-packages/airflow/example_dags/example_subdag_operator.py
[2022-05-24 21:20:07,113] {processor.py:651} INFO - DAG(s) dict_keys(['example_subdag_operator.section-1', 'example_subdag_operator.section-2', 'example_subdag_operator']) retrieved from /home/airflow/.local/lib/python3.7/site-packages/airflow/example_dags/example_subdag_operator.py
[2022-05-24 21:20:07,143] {logging_mixin.py:115} INFO - [2022-05-24 21:20:07,142] {dag.py:2371} INFO - Sync 3 DAGs
[2022-05-24 21:20:07,257] {logging_mixin.py:115} INFO - [2022-05-24 21:20:07,257] {dag.py:2919} INFO - Setting next_dagrun for example_subdag_operator to 2022-05-22T00:00:00+00:00, run_after=2022-05-22T00:00:00+00:00
[2022-05-24 21:20:07,261] {logging_mixin.py:115} INFO - [2022-05-24 21:20:07,260] {dag.py:2919} INFO - Setting next_dagrun for example_subdag_operator.section-1 to None, run_after=None
[2022-05-24 21:20:07,266] {logging_mixin.py:115} INFO - [2022-05-24 21:20:07,266] {dag.py:2919} INFO - Setting next_dagrun for example_subdag_operator.section-2 to None, run_after=None
[2022-05-24 21:20:07,281] {logging_mixin.py:115} INFO - [2022-05-24 21:20:07,281] {dag.py:2371} INFO - Sync 2 DAGs
[2022-05-24 21:20:07,289] {logging_mixin.py:115} INFO - [2022-05-24 21:20:07,289] {dag.py:2919} INFO - Setting next_dagrun for example_subdag_operator.section-1 to None, run_after=None
[2022-05-24 21:20:07,294] {logging_mixin.py:115} INFO - [2022-05-24 21:20:07,294] {dag.py:2919} INFO - Setting next_dagrun for example_subdag_operator.section-2 to None, run_after=None
[2022-05-24 21:20:07,317] {processor.py:161} INFO - Processing /home/airflow/.local/lib/python3.7/site-packages/airflow/example_dags/example_subdag_operator.py took 0.227 seconds
[2022-05-24 21:20:37,708] {processor.py:153} INFO - Started process (PID=921) to work on /home/airflow/.local/lib/python3.7/site-packages/airflow/example_dags/example_subdag_operator.py
[2022-05-24 21:20:37,710] {processor.py:641} INFO - Processing file /home/airflow/.local/lib/python3.7/site-packages/airflow/example_dags/example_subdag_operator.py for tasks to queue
[2022-05-24 21:20:37,711] {logging_mixin.py:115} INFO - [2022-05-24 21:20:37,711] {dagbag.py:507} INFO - Filling up the DagBag from /home/airflow/.local/lib/python3.7/site-packages/airflow/example_dags/example_subdag_operator.py
[2022-05-24 21:20:37,728] {processor.py:651} INFO - DAG(s) dict_keys(['example_subdag_operator.section-1', 'example_subdag_operator.section-2', 'example_subdag_operator']) retrieved from /home/airflow/.local/lib/python3.7/site-packages/airflow/example_dags/example_subdag_operator.py
[2022-05-24 21:20:37,752] {logging_mixin.py:115} INFO - [2022-05-24 21:20:37,752] {dag.py:2371} INFO - Sync 3 DAGs
[2022-05-24 21:20:37,850] {logging_mixin.py:115} INFO - [2022-05-24 21:20:37,850] {dag.py:2919} INFO - Setting next_dagrun for example_subdag_operator to 2022-05-22T00:00:00+00:00, run_after=2022-05-22T00:00:00+00:00
[2022-05-24 21:20:37,851] {logging_mixin.py:115} INFO - [2022-05-24 21:20:37,851] {dag.py:2919} INFO - Setting next_dagrun for example_subdag_operator.section-1 to None, run_after=None
[2022-05-24 21:20:37,852] {logging_mixin.py:115} INFO - [2022-05-24 21:20:37,852] {dag.py:2919} INFO - Setting next_dagrun for example_subdag_operator.section-2 to None, run_after=None
[2022-05-24 21:20:37,856] {logging_mixin.py:115} INFO - [2022-05-24 21:20:37,856] {dag.py:2371} INFO - Sync 2 DAGs
[2022-05-24 21:20:37,860] {logging_mixin.py:115} INFO - [2022-05-24 21:20:37,860] {dag.py:2919} INFO - Setting next_dagrun for example_subdag_operator.section-1 to None, run_after=None
[2022-05-24 21:20:37,861] {logging_mixin.py:115} INFO - [2022-05-24 21:20:37,861] {dag.py:2919} INFO - Setting next_dagrun for example_subdag_operator.section-2 to None, run_after=None
[2022-05-24 21:20:37,867] {processor.py:161} INFO - Processing /home/airflow/.local/lib/python3.7/site-packages/airflow/example_dags/example_subdag_operator.py took 0.161 seconds
[2022-05-24 21:21:08,290] {processor.py:153} INFO - Started process (PID=989) to work on /home/airflow/.local/lib/python3.7/site-packages/airflow/example_dags/example_subdag_operator.py
[2022-05-24 21:21:08,291] {processor.py:641} INFO - Processing file /home/airflow/.local/lib/python3.7/site-packages/airflow/example_dags/example_subdag_operator.py for tasks to queue
[2022-05-24 21:21:08,293] {logging_mixin.py:115} INFO - [2022-05-24 21:21:08,293] {dagbag.py:507} INFO - Filling up the DagBag from /home/airflow/.local/lib/python3.7/site-packages/airflow/example_dags/example_subdag_operator.py
[2022-05-24 21:21:08,310] {processor.py:651} INFO - DAG(s) dict_keys(['example_subdag_operator.section-1', 'example_subdag_operator.section-2', 'example_subdag_operator']) retrieved from /home/airflow/.local/lib/python3.7/site-packages/airflow/example_dags/example_subdag_operator.py
[2022-05-24 21:21:08,338] {logging_mixin.py:115} INFO - [2022-05-24 21:21:08,338] {dag.py:2371} INFO - Sync 3 DAGs
[2022-05-24 21:21:08,435] {logging_mixin.py:115} INFO - [2022-05-24 21:21:08,435] {dag.py:2919} INFO - Setting next_dagrun for example_subdag_operator to 2022-05-22T00:00:00+00:00, run_after=2022-05-22T00:00:00+00:00
[2022-05-24 21:21:08,437] {logging_mixin.py:115} INFO - [2022-05-24 21:21:08,437] {dag.py:2919} INFO - Setting next_dagrun for example_subdag_operator.section-1 to None, run_after=None
[2022-05-24 21:21:08,438] {logging_mixin.py:115} INFO - [2022-05-24 21:21:08,438] {dag.py:2919} INFO - Setting next_dagrun for example_subdag_operator.section-2 to None, run_after=None
[2022-05-24 21:21:08,442] {logging_mixin.py:115} INFO - [2022-05-24 21:21:08,442] {dag.py:2371} INFO - Sync 2 DAGs
[2022-05-24 21:21:08,446] {logging_mixin.py:115} INFO - [2022-05-24 21:21:08,445] {dag.py:2919} INFO - Setting next_dagrun for example_subdag_operator.section-1 to None, run_after=None
[2022-05-24 21:21:08,447] {logging_mixin.py:115} INFO - [2022-05-24 21:21:08,447] {dag.py:2919} INFO - Setting next_dagrun for example_subdag_operator.section-2 to None, run_after=None
[2022-05-24 21:21:08,453] {processor.py:161} INFO - Processing /home/airflow/.local/lib/python3.7/site-packages/airflow/example_dags/example_subdag_operator.py took 0.165 seconds
[2022-05-24 21:21:38,884] {processor.py:153} INFO - Started process (PID=1055) to work on /home/airflow/.local/lib/python3.7/site-packages/airflow/example_dags/example_subdag_operator.py
[2022-05-24 21:21:38,886] {processor.py:641} INFO - Processing file /home/airflow/.local/lib/python3.7/site-packages/airflow/example_dags/example_subdag_operator.py for tasks to queue
[2022-05-24 21:21:38,887] {logging_mixin.py:115} INFO - [2022-05-24 21:21:38,887] {dagbag.py:507} INFO - Filling up the DagBag from /home/airflow/.local/lib/python3.7/site-packages/airflow/example_dags/example_subdag_operator.py
[2022-05-24 21:21:38,906] {processor.py:651} INFO - DAG(s) dict_keys(['example_subdag_operator.section-1', 'example_subdag_operator.section-2', 'example_subdag_operator']) retrieved from /home/airflow/.local/lib/python3.7/site-packages/airflow/example_dags/example_subdag_operator.py
[2022-05-24 21:21:38,932] {logging_mixin.py:115} INFO - [2022-05-24 21:21:38,932] {dag.py:2371} INFO - Sync 3 DAGs
[2022-05-24 21:21:39,029] {logging_mixin.py:115} INFO - [2022-05-24 21:21:39,029] {dag.py:2919} INFO - Setting next_dagrun for example_subdag_operator to 2022-05-22T00:00:00+00:00, run_after=2022-05-22T00:00:00+00:00
[2022-05-24 21:21:39,030] {logging_mixin.py:115} INFO - [2022-05-24 21:21:39,030] {dag.py:2919} INFO - Setting next_dagrun for example_subdag_operator.section-1 to None, run_after=None
[2022-05-24 21:21:39,032] {logging_mixin.py:115} INFO - [2022-05-24 21:21:39,032] {dag.py:2919} INFO - Setting next_dagrun for example_subdag_operator.section-2 to None, run_after=None
[2022-05-24 21:21:39,038] {logging_mixin.py:115} INFO - [2022-05-24 21:21:39,038] {dag.py:2371} INFO - Sync 2 DAGs
[2022-05-24 21:21:39,043] {logging_mixin.py:115} INFO - [2022-05-24 21:21:39,043] {dag.py:2919} INFO - Setting next_dagrun for example_subdag_operator.section-1 to None, run_after=None
[2022-05-24 21:21:39,044] {logging_mixin.py:115} INFO - [2022-05-24 21:21:39,044] {dag.py:2919} INFO - Setting next_dagrun for example_subdag_operator.section-2 to None, run_after=None
[2022-05-24 21:21:39,050] {processor.py:161} INFO - Processing /home/airflow/.local/lib/python3.7/site-packages/airflow/example_dags/example_subdag_operator.py took 0.168 seconds
[2022-05-24 21:22:10,887] {processor.py:153} INFO - Started process (PID=1129) to work on /home/airflow/.local/lib/python3.7/site-packages/airflow/example_dags/example_subdag_operator.py
[2022-05-24 21:22:10,890] {processor.py:641} INFO - Processing file /home/airflow/.local/lib/python3.7/site-packages/airflow/example_dags/example_subdag_operator.py for tasks to queue
[2022-05-24 21:22:10,891] {logging_mixin.py:115} INFO - [2022-05-24 21:22:10,891] {dagbag.py:507} INFO - Filling up the DagBag from /home/airflow/.local/lib/python3.7/site-packages/airflow/example_dags/example_subdag_operator.py
[2022-05-24 21:22:10,959] {processor.py:651} INFO - DAG(s) dict_keys(['example_subdag_operator.section-1', 'example_subdag_operator.section-2', 'example_subdag_operator']) retrieved from /home/airflow/.local/lib/python3.7/site-packages/airflow/example_dags/example_subdag_operator.py
[2022-05-24 21:22:11,014] {logging_mixin.py:115} INFO - [2022-05-24 21:22:11,014] {dag.py:2371} INFO - Sync 3 DAGs
[2022-05-24 21:22:11,339] {logging_mixin.py:115} INFO - [2022-05-24 21:22:11,339] {dag.py:2919} INFO - Setting next_dagrun for example_subdag_operator to 2022-05-22T00:00:00+00:00, run_after=2022-05-22T00:00:00+00:00
[2022-05-24 21:22:11,341] {logging_mixin.py:115} INFO - [2022-05-24 21:22:11,341] {dag.py:2919} INFO - Setting next_dagrun for example_subdag_operator.section-1 to None, run_after=None
[2022-05-24 21:22:11,343] {logging_mixin.py:115} INFO - [2022-05-24 21:22:11,342] {dag.py:2919} INFO - Setting next_dagrun for example_subdag_operator.section-2 to None, run_after=None
[2022-05-24 21:22:11,350] {logging_mixin.py:115} INFO - [2022-05-24 21:22:11,350] {dag.py:2371} INFO - Sync 2 DAGs
[2022-05-24 21:22:11,355] {logging_mixin.py:115} INFO - [2022-05-24 21:22:11,355] {dag.py:2919} INFO - Setting next_dagrun for example_subdag_operator.section-1 to None, run_after=None
[2022-05-24 21:22:11,356] {logging_mixin.py:115} INFO - [2022-05-24 21:22:11,356] {dag.py:2919} INFO - Setting next_dagrun for example_subdag_operator.section-2 to None, run_after=None
[2022-05-24 21:22:11,361] {processor.py:161} INFO - Processing /home/airflow/.local/lib/python3.7/site-packages/airflow/example_dags/example_subdag_operator.py took 0.480 seconds
