[2022-05-24 21:13:59,290] {processor.py:153} INFO - Started process (PID=66) to work on /home/airflow/.local/lib/python3.7/site-packages/airflow/example_dags/example_task_group.py
[2022-05-24 21:13:59,293] {processor.py:641} INFO - Processing file /home/airflow/.local/lib/python3.7/site-packages/airflow/example_dags/example_task_group.py for tasks to queue
[2022-05-24 21:13:59,295] {logging_mixin.py:115} INFO - [2022-05-24 21:13:59,295] {dagbag.py:507} INFO - Filling up the DagBag from /home/airflow/.local/lib/python3.7/site-packages/airflow/example_dags/example_task_group.py
[2022-05-24 21:13:59,308] {processor.py:651} INFO - DAG(s) dict_keys(['example_task_group']) retrieved from /home/airflow/.local/lib/python3.7/site-packages/airflow/example_dags/example_task_group.py
[2022-05-24 21:13:59,478] {logging_mixin.py:115} INFO - [2022-05-24 21:13:59,477] {manager.py:508} INFO - Created Permission View: can read on DAG:example_task_group
[2022-05-24 21:13:59,487] {logging_mixin.py:115} INFO - [2022-05-24 21:13:59,486] {manager.py:508} INFO - Created Permission View: can delete on DAG:example_task_group
[2022-05-24 21:13:59,493] {logging_mixin.py:115} INFO - [2022-05-24 21:13:59,493] {manager.py:508} INFO - Created Permission View: can edit on DAG:example_task_group
[2022-05-24 21:13:59,494] {logging_mixin.py:115} INFO - [2022-05-24 21:13:59,494] {dag.py:2371} INFO - Sync 1 DAGs
[2022-05-24 21:13:59,503] {logging_mixin.py:115} INFO - [2022-05-24 21:13:59,503] {dag.py:2390} INFO - Creating ORM DAG for example_task_group
[2022-05-24 21:13:59,512] {logging_mixin.py:115} INFO - [2022-05-24 21:13:59,512] {dag.py:2919} INFO - Setting next_dagrun for example_task_group to 2022-05-23T21:13:59.512005+00:00, run_after=2022-05-24T21:13:59.512005+00:00
[2022-05-24 21:13:59,522] {processor.py:161} INFO - Processing /home/airflow/.local/lib/python3.7/site-packages/airflow/example_dags/example_task_group.py took 0.236 seconds
[2022-05-24 21:14:29,779] {processor.py:153} INFO - Started process (PID=134) to work on /home/airflow/.local/lib/python3.7/site-packages/airflow/example_dags/example_task_group.py
[2022-05-24 21:14:29,784] {processor.py:641} INFO - Processing file /home/airflow/.local/lib/python3.7/site-packages/airflow/example_dags/example_task_group.py for tasks to queue
[2022-05-24 21:14:29,788] {logging_mixin.py:115} INFO - [2022-05-24 21:14:29,788] {dagbag.py:507} INFO - Filling up the DagBag from /home/airflow/.local/lib/python3.7/site-packages/airflow/example_dags/example_task_group.py
[2022-05-24 21:14:29,813] {processor.py:651} INFO - DAG(s) dict_keys(['example_task_group']) retrieved from /home/airflow/.local/lib/python3.7/site-packages/airflow/example_dags/example_task_group.py
[2022-05-24 21:14:29,873] {logging_mixin.py:115} INFO - [2022-05-24 21:14:29,873] {dag.py:2371} INFO - Sync 1 DAGs
[2022-05-24 21:14:29,902] {logging_mixin.py:115} INFO - [2022-05-24 21:14:29,902] {dag.py:2919} INFO - Setting next_dagrun for example_task_group to 2022-05-23T21:14:29.902343+00:00, run_after=2022-05-24T21:14:29.902343+00:00
[2022-05-24 21:14:30,091] {processor.py:161} INFO - Processing /home/airflow/.local/lib/python3.7/site-packages/airflow/example_dags/example_task_group.py took 0.318 seconds
[2022-05-24 21:15:00,460] {processor.py:153} INFO - Started process (PID=202) to work on /home/airflow/.local/lib/python3.7/site-packages/airflow/example_dags/example_task_group.py
[2022-05-24 21:15:00,463] {processor.py:641} INFO - Processing file /home/airflow/.local/lib/python3.7/site-packages/airflow/example_dags/example_task_group.py for tasks to queue
[2022-05-24 21:15:00,464] {logging_mixin.py:115} INFO - [2022-05-24 21:15:00,464] {dagbag.py:507} INFO - Filling up the DagBag from /home/airflow/.local/lib/python3.7/site-packages/airflow/example_dags/example_task_group.py
[2022-05-24 21:15:00,471] {processor.py:651} INFO - DAG(s) dict_keys(['example_task_group']) retrieved from /home/airflow/.local/lib/python3.7/site-packages/airflow/example_dags/example_task_group.py
[2022-05-24 21:15:00,509] {logging_mixin.py:115} INFO - [2022-05-24 21:15:00,509] {dag.py:2371} INFO - Sync 1 DAGs
[2022-05-24 21:15:00,548] {logging_mixin.py:115} INFO - [2022-05-24 21:15:00,548] {dag.py:2919} INFO - Setting next_dagrun for example_task_group to 2022-05-23T21:15:00.548138+00:00, run_after=2022-05-24T21:15:00.548138+00:00
[2022-05-24 21:15:00,678] {processor.py:161} INFO - Processing /home/airflow/.local/lib/python3.7/site-packages/airflow/example_dags/example_task_group.py took 0.221 seconds
[2022-05-24 21:15:30,988] {processor.py:153} INFO - Started process (PID=272) to work on /home/airflow/.local/lib/python3.7/site-packages/airflow/example_dags/example_task_group.py
[2022-05-24 21:15:30,989] {processor.py:641} INFO - Processing file /home/airflow/.local/lib/python3.7/site-packages/airflow/example_dags/example_task_group.py for tasks to queue
[2022-05-24 21:15:30,990] {logging_mixin.py:115} INFO - [2022-05-24 21:15:30,990] {dagbag.py:507} INFO - Filling up the DagBag from /home/airflow/.local/lib/python3.7/site-packages/airflow/example_dags/example_task_group.py
[2022-05-24 21:15:30,996] {processor.py:651} INFO - DAG(s) dict_keys(['example_task_group']) retrieved from /home/airflow/.local/lib/python3.7/site-packages/airflow/example_dags/example_task_group.py
[2022-05-24 21:15:31,019] {logging_mixin.py:115} INFO - [2022-05-24 21:15:31,019] {dag.py:2371} INFO - Sync 1 DAGs
[2022-05-24 21:15:31,041] {logging_mixin.py:115} INFO - [2022-05-24 21:15:31,041] {dag.py:2919} INFO - Setting next_dagrun for example_task_group to 2022-05-23T21:15:31.040713+00:00, run_after=2022-05-24T21:15:31.040713+00:00
[2022-05-24 21:15:31,156] {processor.py:161} INFO - Processing /home/airflow/.local/lib/python3.7/site-packages/airflow/example_dags/example_task_group.py took 0.171 seconds
[2022-05-24 21:16:01,409] {processor.py:153} INFO - Started process (PID=331) to work on /home/airflow/.local/lib/python3.7/site-packages/airflow/example_dags/example_task_group.py
[2022-05-24 21:16:01,411] {processor.py:641} INFO - Processing file /home/airflow/.local/lib/python3.7/site-packages/airflow/example_dags/example_task_group.py for tasks to queue
[2022-05-24 21:16:01,413] {logging_mixin.py:115} INFO - [2022-05-24 21:16:01,413] {dagbag.py:507} INFO - Filling up the DagBag from /home/airflow/.local/lib/python3.7/site-packages/airflow/example_dags/example_task_group.py
[2022-05-24 21:16:01,420] {processor.py:651} INFO - DAG(s) dict_keys(['example_task_group']) retrieved from /home/airflow/.local/lib/python3.7/site-packages/airflow/example_dags/example_task_group.py
[2022-05-24 21:16:01,445] {logging_mixin.py:115} INFO - [2022-05-24 21:16:01,445] {dag.py:2371} INFO - Sync 1 DAGs
[2022-05-24 21:16:01,464] {logging_mixin.py:115} INFO - [2022-05-24 21:16:01,464] {dag.py:2919} INFO - Setting next_dagrun for example_task_group to 2022-05-23T21:16:01.463836+00:00, run_after=2022-05-24T21:16:01.463836+00:00
[2022-05-24 21:16:01,589] {processor.py:161} INFO - Processing /home/airflow/.local/lib/python3.7/site-packages/airflow/example_dags/example_task_group.py took 0.182 seconds
[2022-05-24 21:16:32,248] {processor.py:153} INFO - Started process (PID=398) to work on /home/airflow/.local/lib/python3.7/site-packages/airflow/example_dags/example_task_group.py
[2022-05-24 21:16:32,250] {processor.py:641} INFO - Processing file /home/airflow/.local/lib/python3.7/site-packages/airflow/example_dags/example_task_group.py for tasks to queue
[2022-05-24 21:16:32,251] {logging_mixin.py:115} INFO - [2022-05-24 21:16:32,251] {dagbag.py:507} INFO - Filling up the DagBag from /home/airflow/.local/lib/python3.7/site-packages/airflow/example_dags/example_task_group.py
[2022-05-24 21:16:32,257] {processor.py:651} INFO - DAG(s) dict_keys(['example_task_group']) retrieved from /home/airflow/.local/lib/python3.7/site-packages/airflow/example_dags/example_task_group.py
[2022-05-24 21:16:32,278] {logging_mixin.py:115} INFO - [2022-05-24 21:16:32,278] {dag.py:2371} INFO - Sync 1 DAGs
[2022-05-24 21:16:32,295] {logging_mixin.py:115} INFO - [2022-05-24 21:16:32,295] {dag.py:2919} INFO - Setting next_dagrun for example_task_group to 2022-05-23T21:16:32.294975+00:00, run_after=2022-05-24T21:16:32.294975+00:00
[2022-05-24 21:16:32,432] {processor.py:161} INFO - Processing /home/airflow/.local/lib/python3.7/site-packages/airflow/example_dags/example_task_group.py took 0.185 seconds
[2022-05-24 21:17:02,593] {processor.py:153} INFO - Started process (PID=464) to work on /home/airflow/.local/lib/python3.7/site-packages/airflow/example_dags/example_task_group.py
[2022-05-24 21:17:02,596] {processor.py:641} INFO - Processing file /home/airflow/.local/lib/python3.7/site-packages/airflow/example_dags/example_task_group.py for tasks to queue
[2022-05-24 21:17:02,598] {logging_mixin.py:115} INFO - [2022-05-24 21:17:02,598] {dagbag.py:507} INFO - Filling up the DagBag from /home/airflow/.local/lib/python3.7/site-packages/airflow/example_dags/example_task_group.py
[2022-05-24 21:17:02,606] {processor.py:651} INFO - DAG(s) dict_keys(['example_task_group']) retrieved from /home/airflow/.local/lib/python3.7/site-packages/airflow/example_dags/example_task_group.py
[2022-05-24 21:17:02,625] {logging_mixin.py:115} INFO - [2022-05-24 21:17:02,625] {dag.py:2371} INFO - Sync 1 DAGs
[2022-05-24 21:17:02,641] {logging_mixin.py:115} INFO - [2022-05-24 21:17:02,641] {dag.py:2919} INFO - Setting next_dagrun for example_task_group to 2022-05-23T21:17:02.641412+00:00, run_after=2022-05-24T21:17:02.641412+00:00
[2022-05-24 21:17:02,721] {processor.py:161} INFO - Processing /home/airflow/.local/lib/python3.7/site-packages/airflow/example_dags/example_task_group.py took 0.132 seconds
[2022-05-24 21:17:33,140] {processor.py:153} INFO - Started process (PID=533) to work on /home/airflow/.local/lib/python3.7/site-packages/airflow/example_dags/example_task_group.py
[2022-05-24 21:17:33,141] {processor.py:641} INFO - Processing file /home/airflow/.local/lib/python3.7/site-packages/airflow/example_dags/example_task_group.py for tasks to queue
[2022-05-24 21:17:33,142] {logging_mixin.py:115} INFO - [2022-05-24 21:17:33,142] {dagbag.py:507} INFO - Filling up the DagBag from /home/airflow/.local/lib/python3.7/site-packages/airflow/example_dags/example_task_group.py
[2022-05-24 21:17:33,147] {processor.py:651} INFO - DAG(s) dict_keys(['example_task_group']) retrieved from /home/airflow/.local/lib/python3.7/site-packages/airflow/example_dags/example_task_group.py
[2022-05-24 21:17:33,169] {logging_mixin.py:115} INFO - [2022-05-24 21:17:33,169] {dag.py:2371} INFO - Sync 1 DAGs
[2022-05-24 21:17:33,182] {logging_mixin.py:115} INFO - [2022-05-24 21:17:33,182] {dag.py:2919} INFO - Setting next_dagrun for example_task_group to 2022-05-23T21:17:33.182585+00:00, run_after=2022-05-24T21:17:33.182585+00:00
[2022-05-24 21:17:33,277] {processor.py:161} INFO - Processing /home/airflow/.local/lib/python3.7/site-packages/airflow/example_dags/example_task_group.py took 0.139 seconds
[2022-05-24 21:18:05,463] {processor.py:153} INFO - Started process (PID=599) to work on /home/airflow/.local/lib/python3.7/site-packages/airflow/example_dags/example_task_group.py
[2022-05-24 21:18:05,465] {processor.py:641} INFO - Processing file /home/airflow/.local/lib/python3.7/site-packages/airflow/example_dags/example_task_group.py for tasks to queue
[2022-05-24 21:18:05,466] {logging_mixin.py:115} INFO - [2022-05-24 21:18:05,466] {dagbag.py:507} INFO - Filling up the DagBag from /home/airflow/.local/lib/python3.7/site-packages/airflow/example_dags/example_task_group.py
[2022-05-24 21:18:05,476] {processor.py:651} INFO - DAG(s) dict_keys(['example_task_group']) retrieved from /home/airflow/.local/lib/python3.7/site-packages/airflow/example_dags/example_task_group.py
[2022-05-24 21:18:05,507] {logging_mixin.py:115} INFO - [2022-05-24 21:18:05,507] {dag.py:2371} INFO - Sync 1 DAGs
[2022-05-24 21:18:05,530] {logging_mixin.py:115} INFO - [2022-05-24 21:18:05,529] {dag.py:2919} INFO - Setting next_dagrun for example_task_group to 2022-05-23T21:18:05.529564+00:00, run_after=2022-05-24T21:18:05.529564+00:00
[2022-05-24 21:18:05,666] {processor.py:161} INFO - Processing /home/airflow/.local/lib/python3.7/site-packages/airflow/example_dags/example_task_group.py took 0.207 seconds
[2022-05-24 21:18:35,714] {processor.py:153} INFO - Started process (PID=658) to work on /home/airflow/.local/lib/python3.7/site-packages/airflow/example_dags/example_task_group.py
[2022-05-24 21:18:35,715] {processor.py:641} INFO - Processing file /home/airflow/.local/lib/python3.7/site-packages/airflow/example_dags/example_task_group.py for tasks to queue
[2022-05-24 21:18:35,716] {logging_mixin.py:115} INFO - [2022-05-24 21:18:35,716] {dagbag.py:507} INFO - Filling up the DagBag from /home/airflow/.local/lib/python3.7/site-packages/airflow/example_dags/example_task_group.py
[2022-05-24 21:18:35,722] {processor.py:651} INFO - DAG(s) dict_keys(['example_task_group']) retrieved from /home/airflow/.local/lib/python3.7/site-packages/airflow/example_dags/example_task_group.py
[2022-05-24 21:18:35,741] {logging_mixin.py:115} INFO - [2022-05-24 21:18:35,741] {dag.py:2371} INFO - Sync 1 DAGs
[2022-05-24 21:18:35,757] {logging_mixin.py:115} INFO - [2022-05-24 21:18:35,757] {dag.py:2919} INFO - Setting next_dagrun for example_task_group to 2022-05-23T21:18:35.757088+00:00, run_after=2022-05-24T21:18:35.757088+00:00
[2022-05-24 21:18:35,916] {processor.py:161} INFO - Processing /home/airflow/.local/lib/python3.7/site-packages/airflow/example_dags/example_task_group.py took 0.204 seconds
[2022-05-24 21:19:06,017] {processor.py:153} INFO - Started process (PID=724) to work on /home/airflow/.local/lib/python3.7/site-packages/airflow/example_dags/example_task_group.py
[2022-05-24 21:19:06,019] {processor.py:641} INFO - Processing file /home/airflow/.local/lib/python3.7/site-packages/airflow/example_dags/example_task_group.py for tasks to queue
[2022-05-24 21:19:06,020] {logging_mixin.py:115} INFO - [2022-05-24 21:19:06,020] {dagbag.py:507} INFO - Filling up the DagBag from /home/airflow/.local/lib/python3.7/site-packages/airflow/example_dags/example_task_group.py
[2022-05-24 21:19:06,024] {processor.py:651} INFO - DAG(s) dict_keys(['example_task_group']) retrieved from /home/airflow/.local/lib/python3.7/site-packages/airflow/example_dags/example_task_group.py
[2022-05-24 21:19:06,041] {logging_mixin.py:115} INFO - [2022-05-24 21:19:06,041] {dag.py:2371} INFO - Sync 1 DAGs
[2022-05-24 21:19:06,145] {logging_mixin.py:115} INFO - [2022-05-24 21:19:06,145] {dag.py:2919} INFO - Setting next_dagrun for example_task_group to 2022-05-23T21:19:06.145800+00:00, run_after=2022-05-24T21:19:06.145800+00:00
[2022-05-24 21:19:06,154] {processor.py:161} INFO - Processing /home/airflow/.local/lib/python3.7/site-packages/airflow/example_dags/example_task_group.py took 0.140 seconds
[2022-05-24 21:19:36,547] {processor.py:153} INFO - Started process (PID=793) to work on /home/airflow/.local/lib/python3.7/site-packages/airflow/example_dags/example_task_group.py
[2022-05-24 21:19:36,549] {processor.py:641} INFO - Processing file /home/airflow/.local/lib/python3.7/site-packages/airflow/example_dags/example_task_group.py for tasks to queue
[2022-05-24 21:19:36,550] {logging_mixin.py:115} INFO - [2022-05-24 21:19:36,550] {dagbag.py:507} INFO - Filling up the DagBag from /home/airflow/.local/lib/python3.7/site-packages/airflow/example_dags/example_task_group.py
[2022-05-24 21:19:36,556] {processor.py:651} INFO - DAG(s) dict_keys(['example_task_group']) retrieved from /home/airflow/.local/lib/python3.7/site-packages/airflow/example_dags/example_task_group.py
[2022-05-24 21:19:36,573] {logging_mixin.py:115} INFO - [2022-05-24 21:19:36,573] {dag.py:2371} INFO - Sync 1 DAGs
[2022-05-24 21:19:36,677] {logging_mixin.py:115} INFO - [2022-05-24 21:19:36,677] {dag.py:2919} INFO - Setting next_dagrun for example_task_group to 2022-05-23T21:19:36.677477+00:00, run_after=2022-05-24T21:19:36.677477+00:00
[2022-05-24 21:19:36,686] {processor.py:161} INFO - Processing /home/airflow/.local/lib/python3.7/site-packages/airflow/example_dags/example_task_group.py took 0.142 seconds
[2022-05-24 21:20:07,379] {processor.py:153} INFO - Started process (PID=862) to work on /home/airflow/.local/lib/python3.7/site-packages/airflow/example_dags/example_task_group.py
[2022-05-24 21:20:07,382] {processor.py:641} INFO - Processing file /home/airflow/.local/lib/python3.7/site-packages/airflow/example_dags/example_task_group.py for tasks to queue
[2022-05-24 21:20:07,383] {logging_mixin.py:115} INFO - [2022-05-24 21:20:07,383] {dagbag.py:507} INFO - Filling up the DagBag from /home/airflow/.local/lib/python3.7/site-packages/airflow/example_dags/example_task_group.py
[2022-05-24 21:20:07,394] {processor.py:651} INFO - DAG(s) dict_keys(['example_task_group']) retrieved from /home/airflow/.local/lib/python3.7/site-packages/airflow/example_dags/example_task_group.py
[2022-05-24 21:20:07,418] {logging_mixin.py:115} INFO - [2022-05-24 21:20:07,418] {dag.py:2371} INFO - Sync 1 DAGs
[2022-05-24 21:20:07,637] {logging_mixin.py:115} INFO - [2022-05-24 21:20:07,637] {dag.py:2919} INFO - Setting next_dagrun for example_task_group to 2022-05-23T21:20:07.636891+00:00, run_after=2022-05-24T21:20:07.636891+00:00
[2022-05-24 21:20:07,653] {processor.py:161} INFO - Processing /home/airflow/.local/lib/python3.7/site-packages/airflow/example_dags/example_task_group.py took 0.277 seconds
[2022-05-24 21:20:37,874] {processor.py:153} INFO - Started process (PID=923) to work on /home/airflow/.local/lib/python3.7/site-packages/airflow/example_dags/example_task_group.py
[2022-05-24 21:20:37,876] {processor.py:641} INFO - Processing file /home/airflow/.local/lib/python3.7/site-packages/airflow/example_dags/example_task_group.py for tasks to queue
[2022-05-24 21:20:37,877] {logging_mixin.py:115} INFO - [2022-05-24 21:20:37,877] {dagbag.py:507} INFO - Filling up the DagBag from /home/airflow/.local/lib/python3.7/site-packages/airflow/example_dags/example_task_group.py
[2022-05-24 21:20:37,883] {processor.py:651} INFO - DAG(s) dict_keys(['example_task_group']) retrieved from /home/airflow/.local/lib/python3.7/site-packages/airflow/example_dags/example_task_group.py
[2022-05-24 21:20:37,901] {logging_mixin.py:115} INFO - [2022-05-24 21:20:37,900] {dag.py:2371} INFO - Sync 1 DAGs
[2022-05-24 21:20:37,999] {logging_mixin.py:115} INFO - [2022-05-24 21:20:37,999] {dag.py:2919} INFO - Setting next_dagrun for example_task_group to 2022-05-23T21:20:37.999472+00:00, run_after=2022-05-24T21:20:37.999472+00:00
[2022-05-24 21:20:38,008] {processor.py:161} INFO - Processing /home/airflow/.local/lib/python3.7/site-packages/airflow/example_dags/example_task_group.py took 0.136 seconds
[2022-05-24 21:21:08,659] {processor.py:153} INFO - Started process (PID=992) to work on /home/airflow/.local/lib/python3.7/site-packages/airflow/example_dags/example_task_group.py
[2022-05-24 21:21:08,661] {processor.py:641} INFO - Processing file /home/airflow/.local/lib/python3.7/site-packages/airflow/example_dags/example_task_group.py for tasks to queue
[2022-05-24 21:21:08,662] {logging_mixin.py:115} INFO - [2022-05-24 21:21:08,662] {dagbag.py:507} INFO - Filling up the DagBag from /home/airflow/.local/lib/python3.7/site-packages/airflow/example_dags/example_task_group.py
[2022-05-24 21:21:08,668] {processor.py:651} INFO - DAG(s) dict_keys(['example_task_group']) retrieved from /home/airflow/.local/lib/python3.7/site-packages/airflow/example_dags/example_task_group.py
[2022-05-24 21:21:08,687] {logging_mixin.py:115} INFO - [2022-05-24 21:21:08,687] {dag.py:2371} INFO - Sync 1 DAGs
[2022-05-24 21:21:08,792] {logging_mixin.py:115} INFO - [2022-05-24 21:21:08,792] {dag.py:2919} INFO - Setting next_dagrun for example_task_group to 2022-05-23T21:21:08.792640+00:00, run_after=2022-05-24T21:21:08.792640+00:00
[2022-05-24 21:21:08,800] {processor.py:161} INFO - Processing /home/airflow/.local/lib/python3.7/site-packages/airflow/example_dags/example_task_group.py took 0.143 seconds
[2022-05-24 21:21:39,230] {processor.py:153} INFO - Started process (PID=1058) to work on /home/airflow/.local/lib/python3.7/site-packages/airflow/example_dags/example_task_group.py
[2022-05-24 21:21:39,232] {processor.py:641} INFO - Processing file /home/airflow/.local/lib/python3.7/site-packages/airflow/example_dags/example_task_group.py for tasks to queue
[2022-05-24 21:21:39,233] {logging_mixin.py:115} INFO - [2022-05-24 21:21:39,233] {dagbag.py:507} INFO - Filling up the DagBag from /home/airflow/.local/lib/python3.7/site-packages/airflow/example_dags/example_task_group.py
[2022-05-24 21:21:39,239] {processor.py:651} INFO - DAG(s) dict_keys(['example_task_group']) retrieved from /home/airflow/.local/lib/python3.7/site-packages/airflow/example_dags/example_task_group.py
[2022-05-24 21:21:39,255] {logging_mixin.py:115} INFO - [2022-05-24 21:21:39,255] {dag.py:2371} INFO - Sync 1 DAGs
[2022-05-24 21:21:39,350] {logging_mixin.py:115} INFO - [2022-05-24 21:21:39,350] {dag.py:2919} INFO - Setting next_dagrun for example_task_group to 2022-05-23T21:21:39.350774+00:00, run_after=2022-05-24T21:21:39.350774+00:00
[2022-05-24 21:21:39,357] {processor.py:161} INFO - Processing /home/airflow/.local/lib/python3.7/site-packages/airflow/example_dags/example_task_group.py took 0.129 seconds
[2022-05-24 21:22:11,695] {processor.py:153} INFO - Started process (PID=1132) to work on /home/airflow/.local/lib/python3.7/site-packages/airflow/example_dags/example_task_group.py
[2022-05-24 21:22:11,697] {processor.py:641} INFO - Processing file /home/airflow/.local/lib/python3.7/site-packages/airflow/example_dags/example_task_group.py for tasks to queue
[2022-05-24 21:22:11,705] {logging_mixin.py:115} INFO - [2022-05-24 21:22:11,705] {dagbag.py:507} INFO - Filling up the DagBag from /home/airflow/.local/lib/python3.7/site-packages/airflow/example_dags/example_task_group.py
[2022-05-24 21:22:11,728] {processor.py:651} INFO - DAG(s) dict_keys(['example_task_group']) retrieved from /home/airflow/.local/lib/python3.7/site-packages/airflow/example_dags/example_task_group.py
[2022-05-24 21:22:11,830] {logging_mixin.py:115} INFO - [2022-05-24 21:22:11,830] {dag.py:2371} INFO - Sync 1 DAGs
[2022-05-24 21:22:12,291] {logging_mixin.py:115} INFO - [2022-05-24 21:22:12,291] {dag.py:2919} INFO - Setting next_dagrun for example_task_group to 2022-05-23T21:22:12.290753+00:00, run_after=2022-05-24T21:22:12.290753+00:00
[2022-05-24 21:22:12,318] {processor.py:161} INFO - Processing /home/airflow/.local/lib/python3.7/site-packages/airflow/example_dags/example_task_group.py took 0.627 seconds
