[2022-05-24 21:13:58,756] {processor.py:153} INFO - Started process (PID=65) to work on /home/airflow/.local/lib/python3.7/site-packages/airflow/example_dags/example_time_delta_sensor_async.py
[2022-05-24 21:13:58,757] {processor.py:641} INFO - Processing file /home/airflow/.local/lib/python3.7/site-packages/airflow/example_dags/example_time_delta_sensor_async.py for tasks to queue
[2022-05-24 21:13:58,761] {logging_mixin.py:115} INFO - [2022-05-24 21:13:58,761] {dagbag.py:507} INFO - Filling up the DagBag from /home/airflow/.local/lib/python3.7/site-packages/airflow/example_dags/example_time_delta_sensor_async.py
[2022-05-24 21:13:58,787] {processor.py:651} INFO - DAG(s) dict_keys(['example_time_delta_sensor_async']) retrieved from /home/airflow/.local/lib/python3.7/site-packages/airflow/example_dags/example_time_delta_sensor_async.py
[2022-05-24 21:13:59,139] {logging_mixin.py:115} INFO - [2022-05-24 21:13:59,139] {manager.py:508} INFO - Created Permission View: can read on DAG:example_time_delta_sensor_async
[2022-05-24 21:13:59,152] {logging_mixin.py:115} INFO - [2022-05-24 21:13:59,152] {manager.py:508} INFO - Created Permission View: can delete on DAG:example_time_delta_sensor_async
[2022-05-24 21:13:59,167] {logging_mixin.py:115} INFO - [2022-05-24 21:13:59,167] {manager.py:508} INFO - Created Permission View: can edit on DAG:example_time_delta_sensor_async
[2022-05-24 21:13:59,169] {logging_mixin.py:115} INFO - [2022-05-24 21:13:59,169] {dag.py:2371} INFO - Sync 1 DAGs
[2022-05-24 21:13:59,181] {logging_mixin.py:115} INFO - [2022-05-24 21:13:59,181] {dag.py:2390} INFO - Creating ORM DAG for example_time_delta_sensor_async
[2022-05-24 21:13:59,200] {logging_mixin.py:115} INFO - [2022-05-24 21:13:59,200] {dag.py:2919} INFO - Setting next_dagrun for example_time_delta_sensor_async to None, run_after=None
[2022-05-24 21:13:59,216] {processor.py:161} INFO - Processing /home/airflow/.local/lib/python3.7/site-packages/airflow/example_dags/example_time_delta_sensor_async.py took 0.464 seconds
[2022-05-24 21:14:29,641] {processor.py:153} INFO - Started process (PID=133) to work on /home/airflow/.local/lib/python3.7/site-packages/airflow/example_dags/example_time_delta_sensor_async.py
[2022-05-24 21:14:29,643] {processor.py:641} INFO - Processing file /home/airflow/.local/lib/python3.7/site-packages/airflow/example_dags/example_time_delta_sensor_async.py for tasks to queue
[2022-05-24 21:14:29,644] {logging_mixin.py:115} INFO - [2022-05-24 21:14:29,644] {dagbag.py:507} INFO - Filling up the DagBag from /home/airflow/.local/lib/python3.7/site-packages/airflow/example_dags/example_time_delta_sensor_async.py
[2022-05-24 21:14:29,652] {processor.py:651} INFO - DAG(s) dict_keys(['example_time_delta_sensor_async']) retrieved from /home/airflow/.local/lib/python3.7/site-packages/airflow/example_dags/example_time_delta_sensor_async.py
[2022-05-24 21:14:29,691] {logging_mixin.py:115} INFO - [2022-05-24 21:14:29,690] {dag.py:2371} INFO - Sync 1 DAGs
[2022-05-24 21:14:29,719] {logging_mixin.py:115} INFO - [2022-05-24 21:14:29,719] {dag.py:2919} INFO - Setting next_dagrun for example_time_delta_sensor_async to None, run_after=None
[2022-05-24 21:14:29,733] {processor.py:161} INFO - Processing /home/airflow/.local/lib/python3.7/site-packages/airflow/example_dags/example_time_delta_sensor_async.py took 0.095 seconds
[2022-05-24 21:15:00,279] {processor.py:153} INFO - Started process (PID=201) to work on /home/airflow/.local/lib/python3.7/site-packages/airflow/example_dags/example_time_delta_sensor_async.py
[2022-05-24 21:15:00,282] {processor.py:641} INFO - Processing file /home/airflow/.local/lib/python3.7/site-packages/airflow/example_dags/example_time_delta_sensor_async.py for tasks to queue
[2022-05-24 21:15:00,285] {logging_mixin.py:115} INFO - [2022-05-24 21:15:00,285] {dagbag.py:507} INFO - Filling up the DagBag from /home/airflow/.local/lib/python3.7/site-packages/airflow/example_dags/example_time_delta_sensor_async.py
[2022-05-24 21:15:00,300] {processor.py:651} INFO - DAG(s) dict_keys(['example_time_delta_sensor_async']) retrieved from /home/airflow/.local/lib/python3.7/site-packages/airflow/example_dags/example_time_delta_sensor_async.py
[2022-05-24 21:15:00,391] {logging_mixin.py:115} INFO - [2022-05-24 21:15:00,391] {dag.py:2371} INFO - Sync 1 DAGs
[2022-05-24 21:15:00,420] {logging_mixin.py:115} INFO - [2022-05-24 21:15:00,420] {dag.py:2919} INFO - Setting next_dagrun for example_time_delta_sensor_async to None, run_after=None
[2022-05-24 21:15:00,432] {processor.py:161} INFO - Processing /home/airflow/.local/lib/python3.7/site-packages/airflow/example_dags/example_time_delta_sensor_async.py took 0.157 seconds
[2022-05-24 21:15:30,878] {processor.py:153} INFO - Started process (PID=270) to work on /home/airflow/.local/lib/python3.7/site-packages/airflow/example_dags/example_time_delta_sensor_async.py
[2022-05-24 21:15:30,879] {processor.py:641} INFO - Processing file /home/airflow/.local/lib/python3.7/site-packages/airflow/example_dags/example_time_delta_sensor_async.py for tasks to queue
[2022-05-24 21:15:30,880] {logging_mixin.py:115} INFO - [2022-05-24 21:15:30,880] {dagbag.py:507} INFO - Filling up the DagBag from /home/airflow/.local/lib/python3.7/site-packages/airflow/example_dags/example_time_delta_sensor_async.py
[2022-05-24 21:15:30,887] {processor.py:651} INFO - DAG(s) dict_keys(['example_time_delta_sensor_async']) retrieved from /home/airflow/.local/lib/python3.7/site-packages/airflow/example_dags/example_time_delta_sensor_async.py
[2022-05-24 21:15:30,930] {logging_mixin.py:115} INFO - [2022-05-24 21:15:30,930] {dag.py:2371} INFO - Sync 1 DAGs
[2022-05-24 21:15:30,955] {logging_mixin.py:115} INFO - [2022-05-24 21:15:30,955] {dag.py:2919} INFO - Setting next_dagrun for example_time_delta_sensor_async to None, run_after=None
[2022-05-24 21:15:30,965] {processor.py:161} INFO - Processing /home/airflow/.local/lib/python3.7/site-packages/airflow/example_dags/example_time_delta_sensor_async.py took 0.094 seconds
[2022-05-24 21:16:01,317] {processor.py:153} INFO - Started process (PID=329) to work on /home/airflow/.local/lib/python3.7/site-packages/airflow/example_dags/example_time_delta_sensor_async.py
[2022-05-24 21:16:01,319] {processor.py:641} INFO - Processing file /home/airflow/.local/lib/python3.7/site-packages/airflow/example_dags/example_time_delta_sensor_async.py for tasks to queue
[2022-05-24 21:16:01,320] {logging_mixin.py:115} INFO - [2022-05-24 21:16:01,320] {dagbag.py:507} INFO - Filling up the DagBag from /home/airflow/.local/lib/python3.7/site-packages/airflow/example_dags/example_time_delta_sensor_async.py
[2022-05-24 21:16:01,325] {processor.py:651} INFO - DAG(s) dict_keys(['example_time_delta_sensor_async']) retrieved from /home/airflow/.local/lib/python3.7/site-packages/airflow/example_dags/example_time_delta_sensor_async.py
[2022-05-24 21:16:01,363] {logging_mixin.py:115} INFO - [2022-05-24 21:16:01,363] {dag.py:2371} INFO - Sync 1 DAGs
[2022-05-24 21:16:01,379] {logging_mixin.py:115} INFO - [2022-05-24 21:16:01,379] {dag.py:2919} INFO - Setting next_dagrun for example_time_delta_sensor_async to None, run_after=None
[2022-05-24 21:16:01,387] {processor.py:161} INFO - Processing /home/airflow/.local/lib/python3.7/site-packages/airflow/example_dags/example_time_delta_sensor_async.py took 0.073 seconds
[2022-05-24 21:16:32,107] {processor.py:153} INFO - Started process (PID=397) to work on /home/airflow/.local/lib/python3.7/site-packages/airflow/example_dags/example_time_delta_sensor_async.py
[2022-05-24 21:16:32,110] {processor.py:641} INFO - Processing file /home/airflow/.local/lib/python3.7/site-packages/airflow/example_dags/example_time_delta_sensor_async.py for tasks to queue
[2022-05-24 21:16:32,112] {logging_mixin.py:115} INFO - [2022-05-24 21:16:32,112] {dagbag.py:507} INFO - Filling up the DagBag from /home/airflow/.local/lib/python3.7/site-packages/airflow/example_dags/example_time_delta_sensor_async.py
[2022-05-24 21:16:32,124] {processor.py:651} INFO - DAG(s) dict_keys(['example_time_delta_sensor_async']) retrieved from /home/airflow/.local/lib/python3.7/site-packages/airflow/example_dags/example_time_delta_sensor_async.py
[2022-05-24 21:16:32,177] {logging_mixin.py:115} INFO - [2022-05-24 21:16:32,177] {dag.py:2371} INFO - Sync 1 DAGs
[2022-05-24 21:16:32,207] {logging_mixin.py:115} INFO - [2022-05-24 21:16:32,206] {dag.py:2919} INFO - Setting next_dagrun for example_time_delta_sensor_async to None, run_after=None
[2022-05-24 21:16:32,227] {processor.py:161} INFO - Processing /home/airflow/.local/lib/python3.7/site-packages/airflow/example_dags/example_time_delta_sensor_async.py took 0.124 seconds
[2022-05-24 21:17:02,442] {processor.py:153} INFO - Started process (PID=461) to work on /home/airflow/.local/lib/python3.7/site-packages/airflow/example_dags/example_time_delta_sensor_async.py
[2022-05-24 21:17:02,444] {processor.py:641} INFO - Processing file /home/airflow/.local/lib/python3.7/site-packages/airflow/example_dags/example_time_delta_sensor_async.py for tasks to queue
[2022-05-24 21:17:02,444] {logging_mixin.py:115} INFO - [2022-05-24 21:17:02,444] {dagbag.py:507} INFO - Filling up the DagBag from /home/airflow/.local/lib/python3.7/site-packages/airflow/example_dags/example_time_delta_sensor_async.py
[2022-05-24 21:17:02,449] {processor.py:651} INFO - DAG(s) dict_keys(['example_time_delta_sensor_async']) retrieved from /home/airflow/.local/lib/python3.7/site-packages/airflow/example_dags/example_time_delta_sensor_async.py
[2022-05-24 21:17:02,474] {logging_mixin.py:115} INFO - [2022-05-24 21:17:02,474] {dag.py:2371} INFO - Sync 1 DAGs
[2022-05-24 21:17:02,492] {logging_mixin.py:115} INFO - [2022-05-24 21:17:02,492] {dag.py:2919} INFO - Setting next_dagrun for example_time_delta_sensor_async to None, run_after=None
[2022-05-24 21:17:02,500] {processor.py:161} INFO - Processing /home/airflow/.local/lib/python3.7/site-packages/airflow/example_dags/example_time_delta_sensor_async.py took 0.060 seconds
[2022-05-24 21:17:33,127] {processor.py:153} INFO - Started process (PID=532) to work on /home/airflow/.local/lib/python3.7/site-packages/airflow/example_dags/example_time_delta_sensor_async.py
[2022-05-24 21:17:33,128] {processor.py:641} INFO - Processing file /home/airflow/.local/lib/python3.7/site-packages/airflow/example_dags/example_time_delta_sensor_async.py for tasks to queue
[2022-05-24 21:17:33,129] {logging_mixin.py:115} INFO - [2022-05-24 21:17:33,129] {dagbag.py:507} INFO - Filling up the DagBag from /home/airflow/.local/lib/python3.7/site-packages/airflow/example_dags/example_time_delta_sensor_async.py
[2022-05-24 21:17:33,134] {processor.py:651} INFO - DAG(s) dict_keys(['example_time_delta_sensor_async']) retrieved from /home/airflow/.local/lib/python3.7/site-packages/airflow/example_dags/example_time_delta_sensor_async.py
[2022-05-24 21:17:33,165] {logging_mixin.py:115} INFO - [2022-05-24 21:17:33,165] {dag.py:2371} INFO - Sync 1 DAGs
[2022-05-24 21:17:33,179] {logging_mixin.py:115} INFO - [2022-05-24 21:17:33,179] {dag.py:2919} INFO - Setting next_dagrun for example_time_delta_sensor_async to None, run_after=None
[2022-05-24 21:17:33,186] {processor.py:161} INFO - Processing /home/airflow/.local/lib/python3.7/site-packages/airflow/example_dags/example_time_delta_sensor_async.py took 0.061 seconds
[2022-05-24 21:18:05,267] {processor.py:153} INFO - Started process (PID=598) to work on /home/airflow/.local/lib/python3.7/site-packages/airflow/example_dags/example_time_delta_sensor_async.py
[2022-05-24 21:18:05,270] {processor.py:641} INFO - Processing file /home/airflow/.local/lib/python3.7/site-packages/airflow/example_dags/example_time_delta_sensor_async.py for tasks to queue
[2022-05-24 21:18:05,272] {logging_mixin.py:115} INFO - [2022-05-24 21:18:05,272] {dagbag.py:507} INFO - Filling up the DagBag from /home/airflow/.local/lib/python3.7/site-packages/airflow/example_dags/example_time_delta_sensor_async.py
[2022-05-24 21:18:05,284] {processor.py:651} INFO - DAG(s) dict_keys(['example_time_delta_sensor_async']) retrieved from /home/airflow/.local/lib/python3.7/site-packages/airflow/example_dags/example_time_delta_sensor_async.py
[2022-05-24 21:18:05,361] {logging_mixin.py:115} INFO - [2022-05-24 21:18:05,361] {dag.py:2371} INFO - Sync 1 DAGs
[2022-05-24 21:18:05,397] {logging_mixin.py:115} INFO - [2022-05-24 21:18:05,397] {dag.py:2919} INFO - Setting next_dagrun for example_time_delta_sensor_async to None, run_after=None
[2022-05-24 21:18:05,423] {processor.py:161} INFO - Processing /home/airflow/.local/lib/python3.7/site-packages/airflow/example_dags/example_time_delta_sensor_async.py took 0.159 seconds
[2022-05-24 21:18:35,611] {processor.py:153} INFO - Started process (PID=656) to work on /home/airflow/.local/lib/python3.7/site-packages/airflow/example_dags/example_time_delta_sensor_async.py
[2022-05-24 21:18:35,613] {processor.py:641} INFO - Processing file /home/airflow/.local/lib/python3.7/site-packages/airflow/example_dags/example_time_delta_sensor_async.py for tasks to queue
[2022-05-24 21:18:35,614] {logging_mixin.py:115} INFO - [2022-05-24 21:18:35,614] {dagbag.py:507} INFO - Filling up the DagBag from /home/airflow/.local/lib/python3.7/site-packages/airflow/example_dags/example_time_delta_sensor_async.py
[2022-05-24 21:18:35,620] {processor.py:651} INFO - DAG(s) dict_keys(['example_time_delta_sensor_async']) retrieved from /home/airflow/.local/lib/python3.7/site-packages/airflow/example_dags/example_time_delta_sensor_async.py
[2022-05-24 21:18:35,660] {logging_mixin.py:115} INFO - [2022-05-24 21:18:35,660] {dag.py:2371} INFO - Sync 1 DAGs
[2022-05-24 21:18:35,681] {logging_mixin.py:115} INFO - [2022-05-24 21:18:35,681] {dag.py:2919} INFO - Setting next_dagrun for example_time_delta_sensor_async to None, run_after=None
[2022-05-24 21:18:35,690] {processor.py:161} INFO - Processing /home/airflow/.local/lib/python3.7/site-packages/airflow/example_dags/example_time_delta_sensor_async.py took 0.082 seconds
[2022-05-24 21:19:05,868] {processor.py:153} INFO - Started process (PID=722) to work on /home/airflow/.local/lib/python3.7/site-packages/airflow/example_dags/example_time_delta_sensor_async.py
[2022-05-24 21:19:05,870] {processor.py:641} INFO - Processing file /home/airflow/.local/lib/python3.7/site-packages/airflow/example_dags/example_time_delta_sensor_async.py for tasks to queue
[2022-05-24 21:19:05,871] {logging_mixin.py:115} INFO - [2022-05-24 21:19:05,871] {dagbag.py:507} INFO - Filling up the DagBag from /home/airflow/.local/lib/python3.7/site-packages/airflow/example_dags/example_time_delta_sensor_async.py
[2022-05-24 21:19:05,875] {processor.py:651} INFO - DAG(s) dict_keys(['example_time_delta_sensor_async']) retrieved from /home/airflow/.local/lib/python3.7/site-packages/airflow/example_dags/example_time_delta_sensor_async.py
[2022-05-24 21:19:05,900] {logging_mixin.py:115} INFO - [2022-05-24 21:19:05,900] {dag.py:2371} INFO - Sync 1 DAGs
[2022-05-24 21:19:05,983] {logging_mixin.py:115} INFO - [2022-05-24 21:19:05,983] {dag.py:2919} INFO - Setting next_dagrun for example_time_delta_sensor_async to None, run_after=None
[2022-05-24 21:19:05,990] {processor.py:161} INFO - Processing /home/airflow/.local/lib/python3.7/site-packages/airflow/example_dags/example_time_delta_sensor_async.py took 0.124 seconds
[2022-05-24 21:19:36,529] {processor.py:153} INFO - Started process (PID=792) to work on /home/airflow/.local/lib/python3.7/site-packages/airflow/example_dags/example_time_delta_sensor_async.py
[2022-05-24 21:19:36,530] {processor.py:641} INFO - Processing file /home/airflow/.local/lib/python3.7/site-packages/airflow/example_dags/example_time_delta_sensor_async.py for tasks to queue
[2022-05-24 21:19:36,531] {logging_mixin.py:115} INFO - [2022-05-24 21:19:36,531] {dagbag.py:507} INFO - Filling up the DagBag from /home/airflow/.local/lib/python3.7/site-packages/airflow/example_dags/example_time_delta_sensor_async.py
[2022-05-24 21:19:36,535] {processor.py:651} INFO - DAG(s) dict_keys(['example_time_delta_sensor_async']) retrieved from /home/airflow/.local/lib/python3.7/site-packages/airflow/example_dags/example_time_delta_sensor_async.py
[2022-05-24 21:19:36,563] {logging_mixin.py:115} INFO - [2022-05-24 21:19:36,563] {dag.py:2371} INFO - Sync 1 DAGs
[2022-05-24 21:19:36,668] {logging_mixin.py:115} INFO - [2022-05-24 21:19:36,668] {dag.py:2919} INFO - Setting next_dagrun for example_time_delta_sensor_async to None, run_after=None
[2022-05-24 21:19:36,677] {processor.py:161} INFO - Processing /home/airflow/.local/lib/python3.7/site-packages/airflow/example_dags/example_time_delta_sensor_async.py took 0.150 seconds
[2022-05-24 21:20:07,375] {processor.py:153} INFO - Started process (PID=861) to work on /home/airflow/.local/lib/python3.7/site-packages/airflow/example_dags/example_time_delta_sensor_async.py
[2022-05-24 21:20:07,377] {processor.py:641} INFO - Processing file /home/airflow/.local/lib/python3.7/site-packages/airflow/example_dags/example_time_delta_sensor_async.py for tasks to queue
[2022-05-24 21:20:07,378] {logging_mixin.py:115} INFO - [2022-05-24 21:20:07,378] {dagbag.py:507} INFO - Filling up the DagBag from /home/airflow/.local/lib/python3.7/site-packages/airflow/example_dags/example_time_delta_sensor_async.py
[2022-05-24 21:20:07,385] {processor.py:651} INFO - DAG(s) dict_keys(['example_time_delta_sensor_async']) retrieved from /home/airflow/.local/lib/python3.7/site-packages/airflow/example_dags/example_time_delta_sensor_async.py
[2022-05-24 21:20:07,424] {logging_mixin.py:115} INFO - [2022-05-24 21:20:07,423] {dag.py:2371} INFO - Sync 1 DAGs
[2022-05-24 21:20:07,658] {logging_mixin.py:115} INFO - [2022-05-24 21:20:07,658] {dag.py:2919} INFO - Setting next_dagrun for example_time_delta_sensor_async to None, run_after=None
[2022-05-24 21:20:07,668] {processor.py:161} INFO - Processing /home/airflow/.local/lib/python3.7/site-packages/airflow/example_dags/example_time_delta_sensor_async.py took 0.297 seconds
[2022-05-24 21:20:37,892] {processor.py:153} INFO - Started process (PID=924) to work on /home/airflow/.local/lib/python3.7/site-packages/airflow/example_dags/example_time_delta_sensor_async.py
[2022-05-24 21:20:37,893] {processor.py:641} INFO - Processing file /home/airflow/.local/lib/python3.7/site-packages/airflow/example_dags/example_time_delta_sensor_async.py for tasks to queue
[2022-05-24 21:20:37,894] {logging_mixin.py:115} INFO - [2022-05-24 21:20:37,894] {dagbag.py:507} INFO - Filling up the DagBag from /home/airflow/.local/lib/python3.7/site-packages/airflow/example_dags/example_time_delta_sensor_async.py
[2022-05-24 21:20:37,898] {processor.py:651} INFO - DAG(s) dict_keys(['example_time_delta_sensor_async']) retrieved from /home/airflow/.local/lib/python3.7/site-packages/airflow/example_dags/example_time_delta_sensor_async.py
[2022-05-24 21:20:37,922] {logging_mixin.py:115} INFO - [2022-05-24 21:20:37,922] {dag.py:2371} INFO - Sync 1 DAGs
[2022-05-24 21:20:38,025] {logging_mixin.py:115} INFO - [2022-05-24 21:20:38,025] {dag.py:2919} INFO - Setting next_dagrun for example_time_delta_sensor_async to None, run_after=None
[2022-05-24 21:20:38,033] {processor.py:161} INFO - Processing /home/airflow/.local/lib/python3.7/site-packages/airflow/example_dags/example_time_delta_sensor_async.py took 0.143 seconds
[2022-05-24 21:21:08,485] {processor.py:153} INFO - Started process (PID=991) to work on /home/airflow/.local/lib/python3.7/site-packages/airflow/example_dags/example_time_delta_sensor_async.py
[2022-05-24 21:21:08,487] {processor.py:641} INFO - Processing file /home/airflow/.local/lib/python3.7/site-packages/airflow/example_dags/example_time_delta_sensor_async.py for tasks to queue
[2022-05-24 21:21:08,488] {logging_mixin.py:115} INFO - [2022-05-24 21:21:08,488] {dagbag.py:507} INFO - Filling up the DagBag from /home/airflow/.local/lib/python3.7/site-packages/airflow/example_dags/example_time_delta_sensor_async.py
[2022-05-24 21:21:08,492] {processor.py:651} INFO - DAG(s) dict_keys(['example_time_delta_sensor_async']) retrieved from /home/airflow/.local/lib/python3.7/site-packages/airflow/example_dags/example_time_delta_sensor_async.py
[2022-05-24 21:21:08,518] {logging_mixin.py:115} INFO - [2022-05-24 21:21:08,517] {dag.py:2371} INFO - Sync 1 DAGs
[2022-05-24 21:21:08,620] {logging_mixin.py:115} INFO - [2022-05-24 21:21:08,619] {dag.py:2919} INFO - Setting next_dagrun for example_time_delta_sensor_async to None, run_after=None
[2022-05-24 21:21:08,628] {processor.py:161} INFO - Processing /home/airflow/.local/lib/python3.7/site-packages/airflow/example_dags/example_time_delta_sensor_async.py took 0.145 seconds
[2022-05-24 21:21:39,078] {processor.py:153} INFO - Started process (PID=1057) to work on /home/airflow/.local/lib/python3.7/site-packages/airflow/example_dags/example_time_delta_sensor_async.py
[2022-05-24 21:21:39,079] {processor.py:641} INFO - Processing file /home/airflow/.local/lib/python3.7/site-packages/airflow/example_dags/example_time_delta_sensor_async.py for tasks to queue
[2022-05-24 21:21:39,079] {logging_mixin.py:115} INFO - [2022-05-24 21:21:39,079] {dagbag.py:507} INFO - Filling up the DagBag from /home/airflow/.local/lib/python3.7/site-packages/airflow/example_dags/example_time_delta_sensor_async.py
[2022-05-24 21:21:39,084] {processor.py:651} INFO - DAG(s) dict_keys(['example_time_delta_sensor_async']) retrieved from /home/airflow/.local/lib/python3.7/site-packages/airflow/example_dags/example_time_delta_sensor_async.py
[2022-05-24 21:21:39,111] {logging_mixin.py:115} INFO - [2022-05-24 21:21:39,111] {dag.py:2371} INFO - Sync 1 DAGs
[2022-05-24 21:21:39,201] {logging_mixin.py:115} INFO - [2022-05-24 21:21:39,201] {dag.py:2919} INFO - Setting next_dagrun for example_time_delta_sensor_async to None, run_after=None
[2022-05-24 21:21:39,207] {processor.py:161} INFO - Processing /home/airflow/.local/lib/python3.7/site-packages/airflow/example_dags/example_time_delta_sensor_async.py took 0.132 seconds
[2022-05-24 21:22:11,404] {processor.py:153} INFO - Started process (PID=1131) to work on /home/airflow/.local/lib/python3.7/site-packages/airflow/example_dags/example_time_delta_sensor_async.py
[2022-05-24 21:22:11,405] {processor.py:641} INFO - Processing file /home/airflow/.local/lib/python3.7/site-packages/airflow/example_dags/example_time_delta_sensor_async.py for tasks to queue
[2022-05-24 21:22:11,406] {logging_mixin.py:115} INFO - [2022-05-24 21:22:11,406] {dagbag.py:507} INFO - Filling up the DagBag from /home/airflow/.local/lib/python3.7/site-packages/airflow/example_dags/example_time_delta_sensor_async.py
[2022-05-24 21:22:11,413] {processor.py:651} INFO - DAG(s) dict_keys(['example_time_delta_sensor_async']) retrieved from /home/airflow/.local/lib/python3.7/site-packages/airflow/example_dags/example_time_delta_sensor_async.py
[2022-05-24 21:22:11,475] {logging_mixin.py:115} INFO - [2022-05-24 21:22:11,475] {dag.py:2371} INFO - Sync 1 DAGs
[2022-05-24 21:22:11,642] {logging_mixin.py:115} INFO - [2022-05-24 21:22:11,642] {dag.py:2919} INFO - Setting next_dagrun for example_time_delta_sensor_async to None, run_after=None
[2022-05-24 21:22:11,652] {processor.py:161} INFO - Processing /home/airflow/.local/lib/python3.7/site-packages/airflow/example_dags/example_time_delta_sensor_async.py took 0.250 seconds
