[2022-05-24 21:13:46,897] {processor.py:153} INFO - Started process (PID=49) to work on /home/airflow/.local/lib/python3.7/site-packages/airflow/example_dags/example_bash_operator.py
[2022-05-24 21:13:46,900] {processor.py:641} INFO - Processing file /home/airflow/.local/lib/python3.7/site-packages/airflow/example_dags/example_bash_operator.py for tasks to queue
[2022-05-24 21:13:46,907] {logging_mixin.py:115} INFO - [2022-05-24 21:13:46,906] {dagbag.py:507} INFO - Filling up the DagBag from /home/airflow/.local/lib/python3.7/site-packages/airflow/example_dags/example_bash_operator.py
[2022-05-24 21:13:46,975] {processor.py:651} INFO - DAG(s) dict_keys(['example_bash_operator']) retrieved from /home/airflow/.local/lib/python3.7/site-packages/airflow/example_dags/example_bash_operator.py
[2022-05-24 21:13:48,545] {logging_mixin.py:115} INFO - [2022-05-24 21:13:48,545] {manager.py:508} INFO - Created Permission View: can read on DAG:example_bash_operator
[2022-05-24 21:13:48,582] {logging_mixin.py:115} INFO - [2022-05-24 21:13:48,582] {manager.py:508} INFO - Created Permission View: can delete on DAG:example_bash_operator
[2022-05-24 21:13:48,605] {logging_mixin.py:115} INFO - [2022-05-24 21:13:48,605] {manager.py:508} INFO - Created Permission View: can edit on DAG:example_bash_operator
[2022-05-24 21:13:48,608] {logging_mixin.py:115} INFO - [2022-05-24 21:13:48,608] {dag.py:2371} INFO - Sync 1 DAGs
[2022-05-24 21:13:48,631] {logging_mixin.py:115} INFO - [2022-05-24 21:13:48,631] {dag.py:2390} INFO - Creating ORM DAG for example_bash_operator
[2022-05-24 21:13:48,672] {logging_mixin.py:115} INFO - [2022-05-24 21:13:48,672] {dag.py:2919} INFO - Setting next_dagrun for example_bash_operator to 2022-05-23T00:00:00+00:00, run_after=2022-05-24T00:00:00+00:00
[2022-05-24 21:13:48,727] {processor.py:161} INFO - Processing /home/airflow/.local/lib/python3.7/site-packages/airflow/example_dags/example_bash_operator.py took 1.835 seconds
[2022-05-24 21:14:19,816] {processor.py:153} INFO - Started process (PID=107) to work on /home/airflow/.local/lib/python3.7/site-packages/airflow/example_dags/example_bash_operator.py
[2022-05-24 21:14:19,819] {processor.py:641} INFO - Processing file /home/airflow/.local/lib/python3.7/site-packages/airflow/example_dags/example_bash_operator.py for tasks to queue
[2022-05-24 21:14:19,822] {logging_mixin.py:115} INFO - [2022-05-24 21:14:19,822] {dagbag.py:507} INFO - Filling up the DagBag from /home/airflow/.local/lib/python3.7/site-packages/airflow/example_dags/example_bash_operator.py
[2022-05-24 21:14:19,853] {processor.py:651} INFO - DAG(s) dict_keys(['example_bash_operator']) retrieved from /home/airflow/.local/lib/python3.7/site-packages/airflow/example_dags/example_bash_operator.py
[2022-05-24 21:14:19,886] {logging_mixin.py:115} INFO - [2022-05-24 21:14:19,886] {dag.py:2371} INFO - Sync 1 DAGs
[2022-05-24 21:14:20,113] {logging_mixin.py:115} INFO - [2022-05-24 21:14:20,113] {dag.py:2919} INFO - Setting next_dagrun for example_bash_operator to 2022-05-23T00:00:00+00:00, run_after=2022-05-24T00:00:00+00:00
[2022-05-24 21:14:20,122] {processor.py:161} INFO - Processing /home/airflow/.local/lib/python3.7/site-packages/airflow/example_dags/example_bash_operator.py took 0.311 seconds
[2022-05-24 21:14:50,333] {processor.py:153} INFO - Started process (PID=174) to work on /home/airflow/.local/lib/python3.7/site-packages/airflow/example_dags/example_bash_operator.py
[2022-05-24 21:14:50,335] {processor.py:641} INFO - Processing file /home/airflow/.local/lib/python3.7/site-packages/airflow/example_dags/example_bash_operator.py for tasks to queue
[2022-05-24 21:14:50,337] {logging_mixin.py:115} INFO - [2022-05-24 21:14:50,337] {dagbag.py:507} INFO - Filling up the DagBag from /home/airflow/.local/lib/python3.7/site-packages/airflow/example_dags/example_bash_operator.py
[2022-05-24 21:14:50,356] {processor.py:651} INFO - DAG(s) dict_keys(['example_bash_operator']) retrieved from /home/airflow/.local/lib/python3.7/site-packages/airflow/example_dags/example_bash_operator.py
[2022-05-24 21:14:50,402] {logging_mixin.py:115} INFO - [2022-05-24 21:14:50,402] {dag.py:2371} INFO - Sync 1 DAGs
[2022-05-24 21:14:50,610] {logging_mixin.py:115} INFO - [2022-05-24 21:14:50,610] {dag.py:2919} INFO - Setting next_dagrun for example_bash_operator to 2022-05-23T00:00:00+00:00, run_after=2022-05-24T00:00:00+00:00
[2022-05-24 21:14:50,618] {processor.py:161} INFO - Processing /home/airflow/.local/lib/python3.7/site-packages/airflow/example_dags/example_bash_operator.py took 0.290 seconds
[2022-05-24 21:15:20,801] {processor.py:153} INFO - Started process (PID=244) to work on /home/airflow/.local/lib/python3.7/site-packages/airflow/example_dags/example_bash_operator.py
[2022-05-24 21:15:20,803] {processor.py:641} INFO - Processing file /home/airflow/.local/lib/python3.7/site-packages/airflow/example_dags/example_bash_operator.py for tasks to queue
[2022-05-24 21:15:20,804] {logging_mixin.py:115} INFO - [2022-05-24 21:15:20,804] {dagbag.py:507} INFO - Filling up the DagBag from /home/airflow/.local/lib/python3.7/site-packages/airflow/example_dags/example_bash_operator.py
[2022-05-24 21:15:20,812] {processor.py:651} INFO - DAG(s) dict_keys(['example_bash_operator']) retrieved from /home/airflow/.local/lib/python3.7/site-packages/airflow/example_dags/example_bash_operator.py
[2022-05-24 21:15:20,830] {logging_mixin.py:115} INFO - [2022-05-24 21:15:20,830] {dag.py:2371} INFO - Sync 1 DAGs
[2022-05-24 21:15:21,070] {logging_mixin.py:115} INFO - [2022-05-24 21:15:21,069] {dag.py:2919} INFO - Setting next_dagrun for example_bash_operator to 2022-05-23T00:00:00+00:00, run_after=2022-05-24T00:00:00+00:00
[2022-05-24 21:15:21,079] {processor.py:161} INFO - Processing /home/airflow/.local/lib/python3.7/site-packages/airflow/example_dags/example_bash_operator.py took 0.282 seconds
[2022-05-24 21:15:51,226] {processor.py:153} INFO - Started process (PID=314) to work on /home/airflow/.local/lib/python3.7/site-packages/airflow/example_dags/example_bash_operator.py
[2022-05-24 21:15:51,230] {processor.py:641} INFO - Processing file /home/airflow/.local/lib/python3.7/site-packages/airflow/example_dags/example_bash_operator.py for tasks to queue
[2022-05-24 21:15:51,238] {logging_mixin.py:115} INFO - [2022-05-24 21:15:51,237] {dagbag.py:507} INFO - Filling up the DagBag from /home/airflow/.local/lib/python3.7/site-packages/airflow/example_dags/example_bash_operator.py
[2022-05-24 21:15:51,271] {processor.py:651} INFO - DAG(s) dict_keys(['example_bash_operator']) retrieved from /home/airflow/.local/lib/python3.7/site-packages/airflow/example_dags/example_bash_operator.py
[2022-05-24 21:15:51,326] {logging_mixin.py:115} INFO - [2022-05-24 21:15:51,326] {dag.py:2371} INFO - Sync 1 DAGs
[2022-05-24 21:15:51,564] {logging_mixin.py:115} INFO - [2022-05-24 21:15:51,564] {dag.py:2919} INFO - Setting next_dagrun for example_bash_operator to 2022-05-23T00:00:00+00:00, run_after=2022-05-24T00:00:00+00:00
[2022-05-24 21:15:51,580] {processor.py:161} INFO - Processing /home/airflow/.local/lib/python3.7/site-packages/airflow/example_dags/example_bash_operator.py took 0.359 seconds
[2022-05-24 21:16:22,356] {processor.py:153} INFO - Started process (PID=371) to work on /home/airflow/.local/lib/python3.7/site-packages/airflow/example_dags/example_bash_operator.py
[2022-05-24 21:16:22,358] {processor.py:641} INFO - Processing file /home/airflow/.local/lib/python3.7/site-packages/airflow/example_dags/example_bash_operator.py for tasks to queue
[2022-05-24 21:16:22,360] {logging_mixin.py:115} INFO - [2022-05-24 21:16:22,359] {dagbag.py:507} INFO - Filling up the DagBag from /home/airflow/.local/lib/python3.7/site-packages/airflow/example_dags/example_bash_operator.py
[2022-05-24 21:16:22,379] {processor.py:651} INFO - DAG(s) dict_keys(['example_bash_operator']) retrieved from /home/airflow/.local/lib/python3.7/site-packages/airflow/example_dags/example_bash_operator.py
[2022-05-24 21:16:22,416] {logging_mixin.py:115} INFO - [2022-05-24 21:16:22,416] {dag.py:2371} INFO - Sync 1 DAGs
[2022-05-24 21:16:22,760] {logging_mixin.py:115} INFO - [2022-05-24 21:16:22,760] {dag.py:2919} INFO - Setting next_dagrun for example_bash_operator to 2022-05-23T00:00:00+00:00, run_after=2022-05-24T00:00:00+00:00
[2022-05-24 21:16:22,785] {processor.py:161} INFO - Processing /home/airflow/.local/lib/python3.7/site-packages/airflow/example_dags/example_bash_operator.py took 0.435 seconds
[2022-05-24 21:16:53,638] {processor.py:153} INFO - Started process (PID=436) to work on /home/airflow/.local/lib/python3.7/site-packages/airflow/example_dags/example_bash_operator.py
[2022-05-24 21:16:53,640] {processor.py:641} INFO - Processing file /home/airflow/.local/lib/python3.7/site-packages/airflow/example_dags/example_bash_operator.py for tasks to queue
[2022-05-24 21:16:53,641] {logging_mixin.py:115} INFO - [2022-05-24 21:16:53,641] {dagbag.py:507} INFO - Filling up the DagBag from /home/airflow/.local/lib/python3.7/site-packages/airflow/example_dags/example_bash_operator.py
[2022-05-24 21:16:53,657] {processor.py:651} INFO - DAG(s) dict_keys(['example_bash_operator']) retrieved from /home/airflow/.local/lib/python3.7/site-packages/airflow/example_dags/example_bash_operator.py
[2022-05-24 21:16:53,692] {logging_mixin.py:115} INFO - [2022-05-24 21:16:53,692] {dag.py:2371} INFO - Sync 1 DAGs
[2022-05-24 21:16:54,018] {logging_mixin.py:115} INFO - [2022-05-24 21:16:54,018] {dag.py:2919} INFO - Setting next_dagrun for example_bash_operator to 2022-05-23T00:00:00+00:00, run_after=2022-05-24T00:00:00+00:00
[2022-05-24 21:16:54,046] {processor.py:161} INFO - Processing /home/airflow/.local/lib/python3.7/site-packages/airflow/example_dags/example_bash_operator.py took 0.412 seconds
[2022-05-24 21:17:24,321] {processor.py:153} INFO - Started process (PID=506) to work on /home/airflow/.local/lib/python3.7/site-packages/airflow/example_dags/example_bash_operator.py
[2022-05-24 21:17:24,324] {processor.py:641} INFO - Processing file /home/airflow/.local/lib/python3.7/site-packages/airflow/example_dags/example_bash_operator.py for tasks to queue
[2022-05-24 21:17:24,327] {logging_mixin.py:115} INFO - [2022-05-24 21:17:24,327] {dagbag.py:507} INFO - Filling up the DagBag from /home/airflow/.local/lib/python3.7/site-packages/airflow/example_dags/example_bash_operator.py
[2022-05-24 21:17:24,350] {processor.py:651} INFO - DAG(s) dict_keys(['example_bash_operator']) retrieved from /home/airflow/.local/lib/python3.7/site-packages/airflow/example_dags/example_bash_operator.py
[2022-05-24 21:17:24,373] {logging_mixin.py:115} INFO - [2022-05-24 21:17:24,373] {dag.py:2371} INFO - Sync 1 DAGs
[2022-05-24 21:17:24,618] {logging_mixin.py:115} INFO - [2022-05-24 21:17:24,618] {dag.py:2919} INFO - Setting next_dagrun for example_bash_operator to 2022-05-23T00:00:00+00:00, run_after=2022-05-24T00:00:00+00:00
[2022-05-24 21:17:24,628] {processor.py:161} INFO - Processing /home/airflow/.local/lib/python3.7/site-packages/airflow/example_dags/example_bash_operator.py took 0.314 seconds
[2022-05-24 21:17:55,513] {processor.py:153} INFO - Started process (PID=572) to work on /home/airflow/.local/lib/python3.7/site-packages/airflow/example_dags/example_bash_operator.py
[2022-05-24 21:17:55,518] {processor.py:641} INFO - Processing file /home/airflow/.local/lib/python3.7/site-packages/airflow/example_dags/example_bash_operator.py for tasks to queue
[2022-05-24 21:17:55,522] {logging_mixin.py:115} INFO - [2022-05-24 21:17:55,522] {dagbag.py:507} INFO - Filling up the DagBag from /home/airflow/.local/lib/python3.7/site-packages/airflow/example_dags/example_bash_operator.py
[2022-05-24 21:17:55,546] {processor.py:651} INFO - DAG(s) dict_keys(['example_bash_operator']) retrieved from /home/airflow/.local/lib/python3.7/site-packages/airflow/example_dags/example_bash_operator.py
[2022-05-24 21:17:55,572] {logging_mixin.py:115} INFO - [2022-05-24 21:17:55,572] {dag.py:2371} INFO - Sync 1 DAGs
[2022-05-24 21:17:55,784] {logging_mixin.py:115} INFO - [2022-05-24 21:17:55,783] {dag.py:2919} INFO - Setting next_dagrun for example_bash_operator to 2022-05-23T00:00:00+00:00, run_after=2022-05-24T00:00:00+00:00
[2022-05-24 21:17:55,794] {processor.py:161} INFO - Processing /home/airflow/.local/lib/python3.7/site-packages/airflow/example_dags/example_bash_operator.py took 0.291 seconds
[2022-05-24 21:18:26,703] {processor.py:153} INFO - Started process (PID=630) to work on /home/airflow/.local/lib/python3.7/site-packages/airflow/example_dags/example_bash_operator.py
[2022-05-24 21:18:26,706] {processor.py:641} INFO - Processing file /home/airflow/.local/lib/python3.7/site-packages/airflow/example_dags/example_bash_operator.py for tasks to queue
[2022-05-24 21:18:26,708] {logging_mixin.py:115} INFO - [2022-05-24 21:18:26,708] {dagbag.py:507} INFO - Filling up the DagBag from /home/airflow/.local/lib/python3.7/site-packages/airflow/example_dags/example_bash_operator.py
[2022-05-24 21:18:26,739] {processor.py:651} INFO - DAG(s) dict_keys(['example_bash_operator']) retrieved from /home/airflow/.local/lib/python3.7/site-packages/airflow/example_dags/example_bash_operator.py
[2022-05-24 21:18:26,793] {logging_mixin.py:115} INFO - [2022-05-24 21:18:26,793] {dag.py:2371} INFO - Sync 1 DAGs
[2022-05-24 21:18:27,082] {logging_mixin.py:115} INFO - [2022-05-24 21:18:27,081] {dag.py:2919} INFO - Setting next_dagrun for example_bash_operator to 2022-05-23T00:00:00+00:00, run_after=2022-05-24T00:00:00+00:00
[2022-05-24 21:18:27,100] {processor.py:161} INFO - Processing /home/airflow/.local/lib/python3.7/site-packages/airflow/example_dags/example_bash_operator.py took 0.407 seconds
[2022-05-24 21:18:57,554] {processor.py:153} INFO - Started process (PID=697) to work on /home/airflow/.local/lib/python3.7/site-packages/airflow/example_dags/example_bash_operator.py
[2022-05-24 21:18:57,557] {processor.py:641} INFO - Processing file /home/airflow/.local/lib/python3.7/site-packages/airflow/example_dags/example_bash_operator.py for tasks to queue
[2022-05-24 21:18:57,560] {logging_mixin.py:115} INFO - [2022-05-24 21:18:57,559] {dagbag.py:507} INFO - Filling up the DagBag from /home/airflow/.local/lib/python3.7/site-packages/airflow/example_dags/example_bash_operator.py
[2022-05-24 21:18:57,590] {processor.py:651} INFO - DAG(s) dict_keys(['example_bash_operator']) retrieved from /home/airflow/.local/lib/python3.7/site-packages/airflow/example_dags/example_bash_operator.py
[2022-05-24 21:18:57,625] {logging_mixin.py:115} INFO - [2022-05-24 21:18:57,625] {dag.py:2371} INFO - Sync 1 DAGs
[2022-05-24 21:18:57,852] {logging_mixin.py:115} INFO - [2022-05-24 21:18:57,852] {dag.py:2919} INFO - Setting next_dagrun for example_bash_operator to 2022-05-23T00:00:00+00:00, run_after=2022-05-24T00:00:00+00:00
[2022-05-24 21:18:57,859] {processor.py:161} INFO - Processing /home/airflow/.local/lib/python3.7/site-packages/airflow/example_dags/example_bash_operator.py took 0.312 seconds
[2022-05-24 21:19:28,184] {processor.py:153} INFO - Started process (PID=767) to work on /home/airflow/.local/lib/python3.7/site-packages/airflow/example_dags/example_bash_operator.py
[2022-05-24 21:19:28,191] {processor.py:641} INFO - Processing file /home/airflow/.local/lib/python3.7/site-packages/airflow/example_dags/example_bash_operator.py for tasks to queue
[2022-05-24 21:19:28,193] {logging_mixin.py:115} INFO - [2022-05-24 21:19:28,193] {dagbag.py:507} INFO - Filling up the DagBag from /home/airflow/.local/lib/python3.7/site-packages/airflow/example_dags/example_bash_operator.py
[2022-05-24 21:19:28,211] {processor.py:651} INFO - DAG(s) dict_keys(['example_bash_operator']) retrieved from /home/airflow/.local/lib/python3.7/site-packages/airflow/example_dags/example_bash_operator.py
[2022-05-24 21:19:28,239] {logging_mixin.py:115} INFO - [2022-05-24 21:19:28,239] {dag.py:2371} INFO - Sync 1 DAGs
[2022-05-24 21:19:28,475] {logging_mixin.py:115} INFO - [2022-05-24 21:19:28,475] {dag.py:2919} INFO - Setting next_dagrun for example_bash_operator to 2022-05-23T00:00:00+00:00, run_after=2022-05-24T00:00:00+00:00
[2022-05-24 21:19:28,482] {processor.py:161} INFO - Processing /home/airflow/.local/lib/python3.7/site-packages/airflow/example_dags/example_bash_operator.py took 0.306 seconds
[2022-05-24 21:19:59,294] {processor.py:153} INFO - Started process (PID=836) to work on /home/airflow/.local/lib/python3.7/site-packages/airflow/example_dags/example_bash_operator.py
[2022-05-24 21:19:59,297] {processor.py:641} INFO - Processing file /home/airflow/.local/lib/python3.7/site-packages/airflow/example_dags/example_bash_operator.py for tasks to queue
[2022-05-24 21:19:59,299] {logging_mixin.py:115} INFO - [2022-05-24 21:19:59,299] {dagbag.py:507} INFO - Filling up the DagBag from /home/airflow/.local/lib/python3.7/site-packages/airflow/example_dags/example_bash_operator.py
[2022-05-24 21:19:59,320] {processor.py:651} INFO - DAG(s) dict_keys(['example_bash_operator']) retrieved from /home/airflow/.local/lib/python3.7/site-packages/airflow/example_dags/example_bash_operator.py
[2022-05-24 21:19:59,351] {logging_mixin.py:115} INFO - [2022-05-24 21:19:59,351] {dag.py:2371} INFO - Sync 1 DAGs
[2022-05-24 21:19:59,547] {logging_mixin.py:115} INFO - [2022-05-24 21:19:59,547] {dag.py:2919} INFO - Setting next_dagrun for example_bash_operator to 2022-05-23T00:00:00+00:00, run_after=2022-05-24T00:00:00+00:00
[2022-05-24 21:19:59,558] {processor.py:161} INFO - Processing /home/airflow/.local/lib/python3.7/site-packages/airflow/example_dags/example_bash_operator.py took 0.271 seconds
[2022-05-24 21:20:30,026] {processor.py:153} INFO - Started process (PID=907) to work on /home/airflow/.local/lib/python3.7/site-packages/airflow/example_dags/example_bash_operator.py
[2022-05-24 21:20:30,028] {processor.py:641} INFO - Processing file /home/airflow/.local/lib/python3.7/site-packages/airflow/example_dags/example_bash_operator.py for tasks to queue
[2022-05-24 21:20:30,029] {logging_mixin.py:115} INFO - [2022-05-24 21:20:30,029] {dagbag.py:507} INFO - Filling up the DagBag from /home/airflow/.local/lib/python3.7/site-packages/airflow/example_dags/example_bash_operator.py
[2022-05-24 21:20:30,065] {processor.py:651} INFO - DAG(s) dict_keys(['example_bash_operator']) retrieved from /home/airflow/.local/lib/python3.7/site-packages/airflow/example_dags/example_bash_operator.py
[2022-05-24 21:20:30,124] {logging_mixin.py:115} INFO - [2022-05-24 21:20:30,123] {dag.py:2371} INFO - Sync 1 DAGs
[2022-05-24 21:20:30,371] {logging_mixin.py:115} INFO - [2022-05-24 21:20:30,371] {dag.py:2919} INFO - Setting next_dagrun for example_bash_operator to 2022-05-23T00:00:00+00:00, run_after=2022-05-24T00:00:00+00:00
[2022-05-24 21:20:30,380] {processor.py:161} INFO - Processing /home/airflow/.local/lib/python3.7/site-packages/airflow/example_dags/example_bash_operator.py took 0.359 seconds
[2022-05-24 21:21:00,515] {processor.py:153} INFO - Started process (PID=966) to work on /home/airflow/.local/lib/python3.7/site-packages/airflow/example_dags/example_bash_operator.py
[2022-05-24 21:21:00,519] {processor.py:641} INFO - Processing file /home/airflow/.local/lib/python3.7/site-packages/airflow/example_dags/example_bash_operator.py for tasks to queue
[2022-05-24 21:21:00,521] {logging_mixin.py:115} INFO - [2022-05-24 21:21:00,521] {dagbag.py:507} INFO - Filling up the DagBag from /home/airflow/.local/lib/python3.7/site-packages/airflow/example_dags/example_bash_operator.py
[2022-05-24 21:21:00,540] {processor.py:651} INFO - DAG(s) dict_keys(['example_bash_operator']) retrieved from /home/airflow/.local/lib/python3.7/site-packages/airflow/example_dags/example_bash_operator.py
[2022-05-24 21:21:00,563] {logging_mixin.py:115} INFO - [2022-05-24 21:21:00,563] {dag.py:2371} INFO - Sync 1 DAGs
[2022-05-24 21:21:00,818] {logging_mixin.py:115} INFO - [2022-05-24 21:21:00,818] {dag.py:2919} INFO - Setting next_dagrun for example_bash_operator to 2022-05-23T00:00:00+00:00, run_after=2022-05-24T00:00:00+00:00
[2022-05-24 21:21:00,827] {processor.py:161} INFO - Processing /home/airflow/.local/lib/python3.7/site-packages/airflow/example_dags/example_bash_operator.py took 0.318 seconds
[2022-05-24 21:21:30,956] {processor.py:153} INFO - Started process (PID=1032) to work on /home/airflow/.local/lib/python3.7/site-packages/airflow/example_dags/example_bash_operator.py
[2022-05-24 21:21:30,960] {processor.py:641} INFO - Processing file /home/airflow/.local/lib/python3.7/site-packages/airflow/example_dags/example_bash_operator.py for tasks to queue
[2022-05-24 21:21:30,963] {logging_mixin.py:115} INFO - [2022-05-24 21:21:30,963] {dagbag.py:507} INFO - Filling up the DagBag from /home/airflow/.local/lib/python3.7/site-packages/airflow/example_dags/example_bash_operator.py
[2022-05-24 21:21:30,983] {processor.py:651} INFO - DAG(s) dict_keys(['example_bash_operator']) retrieved from /home/airflow/.local/lib/python3.7/site-packages/airflow/example_dags/example_bash_operator.py
[2022-05-24 21:21:31,014] {logging_mixin.py:115} INFO - [2022-05-24 21:21:31,014] {dag.py:2371} INFO - Sync 1 DAGs
[2022-05-24 21:21:31,270] {logging_mixin.py:115} INFO - [2022-05-24 21:21:31,270] {dag.py:2919} INFO - Setting next_dagrun for example_bash_operator to 2022-05-23T00:00:00+00:00, run_after=2022-05-24T00:00:00+00:00
[2022-05-24 21:21:31,281] {processor.py:161} INFO - Processing /home/airflow/.local/lib/python3.7/site-packages/airflow/example_dags/example_bash_operator.py took 0.331 seconds
[2022-05-24 21:22:01,741] {processor.py:153} INFO - Started process (PID=1102) to work on /home/airflow/.local/lib/python3.7/site-packages/airflow/example_dags/example_bash_operator.py
[2022-05-24 21:22:01,743] {processor.py:641} INFO - Processing file /home/airflow/.local/lib/python3.7/site-packages/airflow/example_dags/example_bash_operator.py for tasks to queue
[2022-05-24 21:22:01,746] {logging_mixin.py:115} INFO - [2022-05-24 21:22:01,745] {dagbag.py:507} INFO - Filling up the DagBag from /home/airflow/.local/lib/python3.7/site-packages/airflow/example_dags/example_bash_operator.py
[2022-05-24 21:22:01,769] {processor.py:651} INFO - DAG(s) dict_keys(['example_bash_operator']) retrieved from /home/airflow/.local/lib/python3.7/site-packages/airflow/example_dags/example_bash_operator.py
[2022-05-24 21:22:01,795] {logging_mixin.py:115} INFO - [2022-05-24 21:22:01,795] {dag.py:2371} INFO - Sync 1 DAGs
[2022-05-24 21:22:01,989] {logging_mixin.py:115} INFO - [2022-05-24 21:22:01,989] {dag.py:2919} INFO - Setting next_dagrun for example_bash_operator to 2022-05-23T00:00:00+00:00, run_after=2022-05-24T00:00:00+00:00
[2022-05-24 21:22:01,996] {processor.py:161} INFO - Processing /home/airflow/.local/lib/python3.7/site-packages/airflow/example_dags/example_bash_operator.py took 0.263 seconds
