[2022-05-24 21:13:59,564] {processor.py:153} INFO - Started process (PID=68) to work on /home/airflow/.local/lib/python3.7/site-packages/airflow/example_dags/example_python_operator.py
[2022-05-24 21:13:59,566] {processor.py:641} INFO - Processing file /home/airflow/.local/lib/python3.7/site-packages/airflow/example_dags/example_python_operator.py for tasks to queue
[2022-05-24 21:13:59,568] {logging_mixin.py:115} INFO - [2022-05-24 21:13:59,568] {dagbag.py:507} INFO - Filling up the DagBag from /home/airflow/.local/lib/python3.7/site-packages/airflow/example_dags/example_python_operator.py
[2022-05-24 21:13:59,583] {processor.py:651} INFO - DAG(s) dict_keys(['example_python_operator']) retrieved from /home/airflow/.local/lib/python3.7/site-packages/airflow/example_dags/example_python_operator.py
[2022-05-24 21:13:59,909] {logging_mixin.py:115} INFO - [2022-05-24 21:13:59,909] {manager.py:508} INFO - Created Permission View: can read on DAG:example_python_operator
[2022-05-24 21:13:59,920] {logging_mixin.py:115} INFO - [2022-05-24 21:13:59,920] {manager.py:508} INFO - Created Permission View: can delete on DAG:example_python_operator
[2022-05-24 21:13:59,926] {logging_mixin.py:115} INFO - [2022-05-24 21:13:59,926] {manager.py:508} INFO - Created Permission View: can edit on DAG:example_python_operator
[2022-05-24 21:13:59,927] {logging_mixin.py:115} INFO - [2022-05-24 21:13:59,927] {dag.py:2371} INFO - Sync 1 DAGs
[2022-05-24 21:13:59,933] {logging_mixin.py:115} INFO - [2022-05-24 21:13:59,933] {dag.py:2390} INFO - Creating ORM DAG for example_python_operator
[2022-05-24 21:13:59,941] {logging_mixin.py:115} INFO - [2022-05-24 21:13:59,941] {dag.py:2919} INFO - Setting next_dagrun for example_python_operator to None, run_after=None
[2022-05-24 21:13:59,951] {processor.py:161} INFO - Processing /home/airflow/.local/lib/python3.7/site-packages/airflow/example_dags/example_python_operator.py took 0.390 seconds
[2022-05-24 21:14:30,151] {processor.py:153} INFO - Started process (PID=136) to work on /home/airflow/.local/lib/python3.7/site-packages/airflow/example_dags/example_python_operator.py
[2022-05-24 21:14:30,152] {processor.py:641} INFO - Processing file /home/airflow/.local/lib/python3.7/site-packages/airflow/example_dags/example_python_operator.py for tasks to queue
[2022-05-24 21:14:30,153] {logging_mixin.py:115} INFO - [2022-05-24 21:14:30,153] {dagbag.py:507} INFO - Filling up the DagBag from /home/airflow/.local/lib/python3.7/site-packages/airflow/example_dags/example_python_operator.py
[2022-05-24 21:14:30,173] {processor.py:651} INFO - DAG(s) dict_keys(['example_python_operator']) retrieved from /home/airflow/.local/lib/python3.7/site-packages/airflow/example_dags/example_python_operator.py
[2022-05-24 21:14:30,225] {logging_mixin.py:115} INFO - [2022-05-24 21:14:30,225] {dag.py:2371} INFO - Sync 1 DAGs
[2022-05-24 21:14:30,812] {logging_mixin.py:115} INFO - [2022-05-24 21:14:30,812] {dag.py:2919} INFO - Setting next_dagrun for example_python_operator to None, run_after=None
[2022-05-24 21:14:30,823] {processor.py:161} INFO - Processing /home/airflow/.local/lib/python3.7/site-packages/airflow/example_dags/example_python_operator.py took 0.675 seconds
[2022-05-24 21:15:01,748] {processor.py:153} INFO - Started process (PID=204) to work on /home/airflow/.local/lib/python3.7/site-packages/airflow/example_dags/example_python_operator.py
[2022-05-24 21:15:01,750] {processor.py:641} INFO - Processing file /home/airflow/.local/lib/python3.7/site-packages/airflow/example_dags/example_python_operator.py for tasks to queue
[2022-05-24 21:15:01,753] {logging_mixin.py:115} INFO - [2022-05-24 21:15:01,753] {dagbag.py:507} INFO - Filling up the DagBag from /home/airflow/.local/lib/python3.7/site-packages/airflow/example_dags/example_python_operator.py
[2022-05-24 21:15:01,789] {processor.py:651} INFO - DAG(s) dict_keys(['example_python_operator']) retrieved from /home/airflow/.local/lib/python3.7/site-packages/airflow/example_dags/example_python_operator.py
[2022-05-24 21:15:01,822] {logging_mixin.py:115} INFO - [2022-05-24 21:15:01,822] {dag.py:2371} INFO - Sync 1 DAGs
[2022-05-24 21:15:02,101] {logging_mixin.py:115} INFO - [2022-05-24 21:15:02,101] {dag.py:2919} INFO - Setting next_dagrun for example_python_operator to None, run_after=None
[2022-05-24 21:15:02,134] {processor.py:161} INFO - Processing /home/airflow/.local/lib/python3.7/site-packages/airflow/example_dags/example_python_operator.py took 0.391 seconds
[2022-05-24 21:15:32,230] {processor.py:153} INFO - Started process (PID=274) to work on /home/airflow/.local/lib/python3.7/site-packages/airflow/example_dags/example_python_operator.py
[2022-05-24 21:15:32,232] {processor.py:641} INFO - Processing file /home/airflow/.local/lib/python3.7/site-packages/airflow/example_dags/example_python_operator.py for tasks to queue
[2022-05-24 21:15:32,234] {logging_mixin.py:115} INFO - [2022-05-24 21:15:32,234] {dagbag.py:507} INFO - Filling up the DagBag from /home/airflow/.local/lib/python3.7/site-packages/airflow/example_dags/example_python_operator.py
[2022-05-24 21:15:32,252] {processor.py:651} INFO - DAG(s) dict_keys(['example_python_operator']) retrieved from /home/airflow/.local/lib/python3.7/site-packages/airflow/example_dags/example_python_operator.py
[2022-05-24 21:15:32,272] {logging_mixin.py:115} INFO - [2022-05-24 21:15:32,272] {dag.py:2371} INFO - Sync 1 DAGs
[2022-05-24 21:15:32,571] {logging_mixin.py:115} INFO - [2022-05-24 21:15:32,571] {dag.py:2919} INFO - Setting next_dagrun for example_python_operator to None, run_after=None
[2022-05-24 21:15:32,581] {processor.py:161} INFO - Processing /home/airflow/.local/lib/python3.7/site-packages/airflow/example_dags/example_python_operator.py took 0.357 seconds
[2022-05-24 21:16:02,694] {processor.py:153} INFO - Started process (PID=344) to work on /home/airflow/.local/lib/python3.7/site-packages/airflow/example_dags/example_python_operator.py
[2022-05-24 21:16:02,695] {processor.py:641} INFO - Processing file /home/airflow/.local/lib/python3.7/site-packages/airflow/example_dags/example_python_operator.py for tasks to queue
[2022-05-24 21:16:02,697] {logging_mixin.py:115} INFO - [2022-05-24 21:16:02,697] {dagbag.py:507} INFO - Filling up the DagBag from /home/airflow/.local/lib/python3.7/site-packages/airflow/example_dags/example_python_operator.py
[2022-05-24 21:16:02,714] {processor.py:651} INFO - DAG(s) dict_keys(['example_python_operator']) retrieved from /home/airflow/.local/lib/python3.7/site-packages/airflow/example_dags/example_python_operator.py
[2022-05-24 21:16:02,738] {logging_mixin.py:115} INFO - [2022-05-24 21:16:02,738] {dag.py:2371} INFO - Sync 1 DAGs
[2022-05-24 21:16:03,001] {logging_mixin.py:115} INFO - [2022-05-24 21:16:03,001] {dag.py:2919} INFO - Setting next_dagrun for example_python_operator to None, run_after=None
[2022-05-24 21:16:03,019] {processor.py:161} INFO - Processing /home/airflow/.local/lib/python3.7/site-packages/airflow/example_dags/example_python_operator.py took 0.329 seconds
[2022-05-24 21:16:33,582] {processor.py:153} INFO - Started process (PID=400) to work on /home/airflow/.local/lib/python3.7/site-packages/airflow/example_dags/example_python_operator.py
[2022-05-24 21:16:33,584] {processor.py:641} INFO - Processing file /home/airflow/.local/lib/python3.7/site-packages/airflow/example_dags/example_python_operator.py for tasks to queue
[2022-05-24 21:16:33,586] {logging_mixin.py:115} INFO - [2022-05-24 21:16:33,586] {dagbag.py:507} INFO - Filling up the DagBag from /home/airflow/.local/lib/python3.7/site-packages/airflow/example_dags/example_python_operator.py
[2022-05-24 21:16:33,618] {processor.py:651} INFO - DAG(s) dict_keys(['example_python_operator']) retrieved from /home/airflow/.local/lib/python3.7/site-packages/airflow/example_dags/example_python_operator.py
[2022-05-24 21:16:33,664] {logging_mixin.py:115} INFO - [2022-05-24 21:16:33,664] {dag.py:2371} INFO - Sync 1 DAGs
[2022-05-24 21:16:33,940] {logging_mixin.py:115} INFO - [2022-05-24 21:16:33,940] {dag.py:2919} INFO - Setting next_dagrun for example_python_operator to None, run_after=None
[2022-05-24 21:16:33,951] {processor.py:161} INFO - Processing /home/airflow/.local/lib/python3.7/site-packages/airflow/example_dags/example_python_operator.py took 0.376 seconds
[2022-05-24 21:17:04,703] {processor.py:153} INFO - Started process (PID=465) to work on /home/airflow/.local/lib/python3.7/site-packages/airflow/example_dags/example_python_operator.py
[2022-05-24 21:17:04,705] {processor.py:641} INFO - Processing file /home/airflow/.local/lib/python3.7/site-packages/airflow/example_dags/example_python_operator.py for tasks to queue
[2022-05-24 21:17:04,707] {logging_mixin.py:115} INFO - [2022-05-24 21:17:04,707] {dagbag.py:507} INFO - Filling up the DagBag from /home/airflow/.local/lib/python3.7/site-packages/airflow/example_dags/example_python_operator.py
[2022-05-24 21:17:04,728] {processor.py:651} INFO - DAG(s) dict_keys(['example_python_operator']) retrieved from /home/airflow/.local/lib/python3.7/site-packages/airflow/example_dags/example_python_operator.py
[2022-05-24 21:17:04,758] {logging_mixin.py:115} INFO - [2022-05-24 21:17:04,758] {dag.py:2371} INFO - Sync 1 DAGs
[2022-05-24 21:17:04,987] {logging_mixin.py:115} INFO - [2022-05-24 21:17:04,987] {dag.py:2919} INFO - Setting next_dagrun for example_python_operator to None, run_after=None
[2022-05-24 21:17:05,001] {processor.py:161} INFO - Processing /home/airflow/.local/lib/python3.7/site-packages/airflow/example_dags/example_python_operator.py took 0.304 seconds
[2022-05-24 21:17:35,325] {processor.py:153} INFO - Started process (PID=535) to work on /home/airflow/.local/lib/python3.7/site-packages/airflow/example_dags/example_python_operator.py
[2022-05-24 21:17:35,328] {processor.py:641} INFO - Processing file /home/airflow/.local/lib/python3.7/site-packages/airflow/example_dags/example_python_operator.py for tasks to queue
[2022-05-24 21:17:35,330] {logging_mixin.py:115} INFO - [2022-05-24 21:17:35,330] {dagbag.py:507} INFO - Filling up the DagBag from /home/airflow/.local/lib/python3.7/site-packages/airflow/example_dags/example_python_operator.py
[2022-05-24 21:17:35,350] {processor.py:651} INFO - DAG(s) dict_keys(['example_python_operator']) retrieved from /home/airflow/.local/lib/python3.7/site-packages/airflow/example_dags/example_python_operator.py
[2022-05-24 21:17:35,375] {logging_mixin.py:115} INFO - [2022-05-24 21:17:35,375] {dag.py:2371} INFO - Sync 1 DAGs
[2022-05-24 21:17:35,530] {logging_mixin.py:115} INFO - [2022-05-24 21:17:35,530] {dag.py:2919} INFO - Setting next_dagrun for example_python_operator to None, run_after=None
[2022-05-24 21:17:35,540] {processor.py:161} INFO - Processing /home/airflow/.local/lib/python3.7/site-packages/airflow/example_dags/example_python_operator.py took 0.221 seconds
[2022-05-24 21:18:05,696] {processor.py:153} INFO - Started process (PID=601) to work on /home/airflow/.local/lib/python3.7/site-packages/airflow/example_dags/example_python_operator.py
[2022-05-24 21:18:05,697] {processor.py:641} INFO - Processing file /home/airflow/.local/lib/python3.7/site-packages/airflow/example_dags/example_python_operator.py for tasks to queue
[2022-05-24 21:18:05,698] {logging_mixin.py:115} INFO - [2022-05-24 21:18:05,698] {dagbag.py:507} INFO - Filling up the DagBag from /home/airflow/.local/lib/python3.7/site-packages/airflow/example_dags/example_python_operator.py
[2022-05-24 21:18:05,709] {processor.py:651} INFO - DAG(s) dict_keys(['example_python_operator']) retrieved from /home/airflow/.local/lib/python3.7/site-packages/airflow/example_dags/example_python_operator.py
[2022-05-24 21:18:05,726] {logging_mixin.py:115} INFO - [2022-05-24 21:18:05,726] {dag.py:2371} INFO - Sync 1 DAGs
[2022-05-24 21:18:05,836] {logging_mixin.py:115} INFO - [2022-05-24 21:18:05,836] {dag.py:2919} INFO - Setting next_dagrun for example_python_operator to None, run_after=None
[2022-05-24 21:18:05,845] {processor.py:161} INFO - Processing /home/airflow/.local/lib/python3.7/site-packages/airflow/example_dags/example_python_operator.py took 0.151 seconds
[2022-05-24 21:18:35,975] {processor.py:153} INFO - Started process (PID=660) to work on /home/airflow/.local/lib/python3.7/site-packages/airflow/example_dags/example_python_operator.py
[2022-05-24 21:18:35,977] {processor.py:641} INFO - Processing file /home/airflow/.local/lib/python3.7/site-packages/airflow/example_dags/example_python_operator.py for tasks to queue
[2022-05-24 21:18:35,978] {logging_mixin.py:115} INFO - [2022-05-24 21:18:35,978] {dagbag.py:507} INFO - Filling up the DagBag from /home/airflow/.local/lib/python3.7/site-packages/airflow/example_dags/example_python_operator.py
[2022-05-24 21:18:35,989] {processor.py:651} INFO - DAG(s) dict_keys(['example_python_operator']) retrieved from /home/airflow/.local/lib/python3.7/site-packages/airflow/example_dags/example_python_operator.py
[2022-05-24 21:18:36,007] {logging_mixin.py:115} INFO - [2022-05-24 21:18:36,007] {dag.py:2371} INFO - Sync 1 DAGs
[2022-05-24 21:18:36,108] {logging_mixin.py:115} INFO - [2022-05-24 21:18:36,108] {dag.py:2919} INFO - Setting next_dagrun for example_python_operator to None, run_after=None
[2022-05-24 21:18:36,117] {processor.py:161} INFO - Processing /home/airflow/.local/lib/python3.7/site-packages/airflow/example_dags/example_python_operator.py took 0.144 seconds
[2022-05-24 21:19:06,200] {processor.py:153} INFO - Started process (PID=726) to work on /home/airflow/.local/lib/python3.7/site-packages/airflow/example_dags/example_python_operator.py
[2022-05-24 21:19:06,202] {processor.py:641} INFO - Processing file /home/airflow/.local/lib/python3.7/site-packages/airflow/example_dags/example_python_operator.py for tasks to queue
[2022-05-24 21:19:06,203] {logging_mixin.py:115} INFO - [2022-05-24 21:19:06,203] {dagbag.py:507} INFO - Filling up the DagBag from /home/airflow/.local/lib/python3.7/site-packages/airflow/example_dags/example_python_operator.py
[2022-05-24 21:19:06,216] {processor.py:651} INFO - DAG(s) dict_keys(['example_python_operator']) retrieved from /home/airflow/.local/lib/python3.7/site-packages/airflow/example_dags/example_python_operator.py
[2022-05-24 21:19:06,237] {logging_mixin.py:115} INFO - [2022-05-24 21:19:06,237] {dag.py:2371} INFO - Sync 1 DAGs
[2022-05-24 21:19:06,335] {logging_mixin.py:115} INFO - [2022-05-24 21:19:06,335] {dag.py:2919} INFO - Setting next_dagrun for example_python_operator to None, run_after=None
[2022-05-24 21:19:06,342] {processor.py:161} INFO - Processing /home/airflow/.local/lib/python3.7/site-packages/airflow/example_dags/example_python_operator.py took 0.144 seconds
[2022-05-24 21:19:36,713] {processor.py:153} INFO - Started process (PID=795) to work on /home/airflow/.local/lib/python3.7/site-packages/airflow/example_dags/example_python_operator.py
[2022-05-24 21:19:36,715] {processor.py:641} INFO - Processing file /home/airflow/.local/lib/python3.7/site-packages/airflow/example_dags/example_python_operator.py for tasks to queue
[2022-05-24 21:19:36,716] {logging_mixin.py:115} INFO - [2022-05-24 21:19:36,716] {dagbag.py:507} INFO - Filling up the DagBag from /home/airflow/.local/lib/python3.7/site-packages/airflow/example_dags/example_python_operator.py
[2022-05-24 21:19:36,726] {processor.py:651} INFO - DAG(s) dict_keys(['example_python_operator']) retrieved from /home/airflow/.local/lib/python3.7/site-packages/airflow/example_dags/example_python_operator.py
[2022-05-24 21:19:36,744] {logging_mixin.py:115} INFO - [2022-05-24 21:19:36,744] {dag.py:2371} INFO - Sync 1 DAGs
[2022-05-24 21:19:36,839] {logging_mixin.py:115} INFO - [2022-05-24 21:19:36,839] {dag.py:2919} INFO - Setting next_dagrun for example_python_operator to None, run_after=None
[2022-05-24 21:19:36,846] {processor.py:161} INFO - Processing /home/airflow/.local/lib/python3.7/site-packages/airflow/example_dags/example_python_operator.py took 0.135 seconds
[2022-05-24 21:20:07,717] {processor.py:153} INFO - Started process (PID=866) to work on /home/airflow/.local/lib/python3.7/site-packages/airflow/example_dags/example_python_operator.py
[2022-05-24 21:20:07,720] {processor.py:641} INFO - Processing file /home/airflow/.local/lib/python3.7/site-packages/airflow/example_dags/example_python_operator.py for tasks to queue
[2022-05-24 21:20:07,723] {logging_mixin.py:115} INFO - [2022-05-24 21:20:07,723] {dagbag.py:507} INFO - Filling up the DagBag from /home/airflow/.local/lib/python3.7/site-packages/airflow/example_dags/example_python_operator.py
[2022-05-24 21:20:07,739] {processor.py:651} INFO - DAG(s) dict_keys(['example_python_operator']) retrieved from /home/airflow/.local/lib/python3.7/site-packages/airflow/example_dags/example_python_operator.py
[2022-05-24 21:20:07,762] {logging_mixin.py:115} INFO - [2022-05-24 21:20:07,762] {dag.py:2371} INFO - Sync 1 DAGs
[2022-05-24 21:20:07,917] {logging_mixin.py:115} INFO - [2022-05-24 21:20:07,917] {dag.py:2919} INFO - Setting next_dagrun for example_python_operator to None, run_after=None
[2022-05-24 21:20:07,932] {processor.py:161} INFO - Processing /home/airflow/.local/lib/python3.7/site-packages/airflow/example_dags/example_python_operator.py took 0.217 seconds
[2022-05-24 21:20:38,058] {processor.py:153} INFO - Started process (PID=926) to work on /home/airflow/.local/lib/python3.7/site-packages/airflow/example_dags/example_python_operator.py
[2022-05-24 21:20:38,059] {processor.py:641} INFO - Processing file /home/airflow/.local/lib/python3.7/site-packages/airflow/example_dags/example_python_operator.py for tasks to queue
[2022-05-24 21:20:38,060] {logging_mixin.py:115} INFO - [2022-05-24 21:20:38,060] {dagbag.py:507} INFO - Filling up the DagBag from /home/airflow/.local/lib/python3.7/site-packages/airflow/example_dags/example_python_operator.py
[2022-05-24 21:20:38,070] {processor.py:651} INFO - DAG(s) dict_keys(['example_python_operator']) retrieved from /home/airflow/.local/lib/python3.7/site-packages/airflow/example_dags/example_python_operator.py
[2022-05-24 21:20:38,091] {logging_mixin.py:115} INFO - [2022-05-24 21:20:38,091] {dag.py:2371} INFO - Sync 1 DAGs
[2022-05-24 21:20:38,190] {logging_mixin.py:115} INFO - [2022-05-24 21:20:38,190] {dag.py:2919} INFO - Setting next_dagrun for example_python_operator to None, run_after=None
[2022-05-24 21:20:38,196] {processor.py:161} INFO - Processing /home/airflow/.local/lib/python3.7/site-packages/airflow/example_dags/example_python_operator.py took 0.140 seconds
[2022-05-24 21:21:08,842] {processor.py:153} INFO - Started process (PID=994) to work on /home/airflow/.local/lib/python3.7/site-packages/airflow/example_dags/example_python_operator.py
[2022-05-24 21:21:08,843] {processor.py:641} INFO - Processing file /home/airflow/.local/lib/python3.7/site-packages/airflow/example_dags/example_python_operator.py for tasks to queue
[2022-05-24 21:21:08,844] {logging_mixin.py:115} INFO - [2022-05-24 21:21:08,844] {dagbag.py:507} INFO - Filling up the DagBag from /home/airflow/.local/lib/python3.7/site-packages/airflow/example_dags/example_python_operator.py
[2022-05-24 21:21:08,856] {processor.py:651} INFO - DAG(s) dict_keys(['example_python_operator']) retrieved from /home/airflow/.local/lib/python3.7/site-packages/airflow/example_dags/example_python_operator.py
[2022-05-24 21:21:08,880] {logging_mixin.py:115} INFO - [2022-05-24 21:21:08,880] {dag.py:2371} INFO - Sync 1 DAGs
[2022-05-24 21:21:09,014] {logging_mixin.py:115} INFO - [2022-05-24 21:21:09,013] {dag.py:2919} INFO - Setting next_dagrun for example_python_operator to None, run_after=None
[2022-05-24 21:21:09,023] {processor.py:161} INFO - Processing /home/airflow/.local/lib/python3.7/site-packages/airflow/example_dags/example_python_operator.py took 0.183 seconds
[2022-05-24 21:21:39,381] {processor.py:153} INFO - Started process (PID=1060) to work on /home/airflow/.local/lib/python3.7/site-packages/airflow/example_dags/example_python_operator.py
[2022-05-24 21:21:39,383] {processor.py:641} INFO - Processing file /home/airflow/.local/lib/python3.7/site-packages/airflow/example_dags/example_python_operator.py for tasks to queue
[2022-05-24 21:21:39,383] {logging_mixin.py:115} INFO - [2022-05-24 21:21:39,383] {dagbag.py:507} INFO - Filling up the DagBag from /home/airflow/.local/lib/python3.7/site-packages/airflow/example_dags/example_python_operator.py
[2022-05-24 21:21:39,393] {processor.py:651} INFO - DAG(s) dict_keys(['example_python_operator']) retrieved from /home/airflow/.local/lib/python3.7/site-packages/airflow/example_dags/example_python_operator.py
[2022-05-24 21:21:39,413] {logging_mixin.py:115} INFO - [2022-05-24 21:21:39,412] {dag.py:2371} INFO - Sync 1 DAGs
[2022-05-24 21:21:39,498] {logging_mixin.py:115} INFO - [2022-05-24 21:21:39,498] {dag.py:2919} INFO - Setting next_dagrun for example_python_operator to None, run_after=None
[2022-05-24 21:21:39,505] {processor.py:161} INFO - Processing /home/airflow/.local/lib/python3.7/site-packages/airflow/example_dags/example_python_operator.py took 0.126 seconds
[2022-05-24 21:22:12,411] {processor.py:153} INFO - Started process (PID=1134) to work on /home/airflow/.local/lib/python3.7/site-packages/airflow/example_dags/example_python_operator.py
[2022-05-24 21:22:12,425] {processor.py:641} INFO - Processing file /home/airflow/.local/lib/python3.7/site-packages/airflow/example_dags/example_python_operator.py for tasks to queue
[2022-05-24 21:22:12,428] {logging_mixin.py:115} INFO - [2022-05-24 21:22:12,428] {dagbag.py:507} INFO - Filling up the DagBag from /home/airflow/.local/lib/python3.7/site-packages/airflow/example_dags/example_python_operator.py
[2022-05-24 21:22:12,490] {processor.py:651} INFO - DAG(s) dict_keys(['example_python_operator']) retrieved from /home/airflow/.local/lib/python3.7/site-packages/airflow/example_dags/example_python_operator.py
[2022-05-24 21:22:12,549] {logging_mixin.py:115} INFO - [2022-05-24 21:22:12,549] {dag.py:2371} INFO - Sync 1 DAGs
[2022-05-24 21:22:13,024] {logging_mixin.py:115} INFO - [2022-05-24 21:22:13,024] {dag.py:2919} INFO - Setting next_dagrun for example_python_operator to None, run_after=None
[2022-05-24 21:22:13,050] {processor.py:161} INFO - Processing /home/airflow/.local/lib/python3.7/site-packages/airflow/example_dags/example_python_operator.py took 0.651 seconds
