[2022-05-24 21:14:00,910] {processor.py:153} INFO - Started process (PID=85) to work on /home/airflow/.local/lib/python3.7/site-packages/airflow/example_dags/example_external_task_marker_dag.py
[2022-05-24 21:14:00,912] {processor.py:641} INFO - Processing file /home/airflow/.local/lib/python3.7/site-packages/airflow/example_dags/example_external_task_marker_dag.py for tasks to queue
[2022-05-24 21:14:00,913] {logging_mixin.py:115} INFO - [2022-05-24 21:14:00,913] {dagbag.py:507} INFO - Filling up the DagBag from /home/airflow/.local/lib/python3.7/site-packages/airflow/example_dags/example_external_task_marker_dag.py
[2022-05-24 21:14:00,917] {processor.py:651} INFO - DAG(s) dict_keys(['example_external_task_marker_parent', 'example_external_task_marker_child']) retrieved from /home/airflow/.local/lib/python3.7/site-packages/airflow/example_dags/example_external_task_marker_dag.py
[2022-05-24 21:14:01,088] {logging_mixin.py:115} INFO - [2022-05-24 21:14:01,088] {manager.py:508} INFO - Created Permission View: can read on DAG:example_external_task_marker_parent
[2022-05-24 21:14:01,113] {logging_mixin.py:115} INFO - [2022-05-24 21:14:01,113] {manager.py:508} INFO - Created Permission View: can delete on DAG:example_external_task_marker_parent
[2022-05-24 21:14:01,126] {logging_mixin.py:115} INFO - [2022-05-24 21:14:01,126] {manager.py:508} INFO - Created Permission View: can edit on DAG:example_external_task_marker_parent
[2022-05-24 21:14:01,200] {logging_mixin.py:115} INFO - [2022-05-24 21:14:01,200] {manager.py:508} INFO - Created Permission View: can read on DAG:example_external_task_marker_child
[2022-05-24 21:14:01,226] {logging_mixin.py:115} INFO - [2022-05-24 21:14:01,226] {manager.py:508} INFO - Created Permission View: can delete on DAG:example_external_task_marker_child
[2022-05-24 21:14:01,252] {logging_mixin.py:115} INFO - [2022-05-24 21:14:01,252] {manager.py:508} INFO - Created Permission View: can edit on DAG:example_external_task_marker_child
[2022-05-24 21:14:01,254] {logging_mixin.py:115} INFO - [2022-05-24 21:14:01,254] {dag.py:2371} INFO - Sync 2 DAGs
[2022-05-24 21:14:01,275] {logging_mixin.py:115} INFO - [2022-05-24 21:14:01,275] {dag.py:2390} INFO - Creating ORM DAG for example_external_task_marker_parent
[2022-05-24 21:14:01,278] {logging_mixin.py:115} INFO - [2022-05-24 21:14:01,278] {dag.py:2390} INFO - Creating ORM DAG for example_external_task_marker_child
[2022-05-24 21:14:01,314] {logging_mixin.py:115} INFO - [2022-05-24 21:14:01,314] {dag.py:2919} INFO - Setting next_dagrun for example_external_task_marker_child to None, run_after=None
[2022-05-24 21:14:01,318] {logging_mixin.py:115} INFO - [2022-05-24 21:14:01,318] {dag.py:2919} INFO - Setting next_dagrun for example_external_task_marker_parent to None, run_after=None
[2022-05-24 21:14:01,350] {processor.py:161} INFO - Processing /home/airflow/.local/lib/python3.7/site-packages/airflow/example_dags/example_external_task_marker_dag.py took 0.442 seconds
[2022-05-24 21:14:31,957] {processor.py:153} INFO - Started process (PID=144) to work on /home/airflow/.local/lib/python3.7/site-packages/airflow/example_dags/example_external_task_marker_dag.py
[2022-05-24 21:14:31,959] {processor.py:641} INFO - Processing file /home/airflow/.local/lib/python3.7/site-packages/airflow/example_dags/example_external_task_marker_dag.py for tasks to queue
[2022-05-24 21:14:31,960] {logging_mixin.py:115} INFO - [2022-05-24 21:14:31,960] {dagbag.py:507} INFO - Filling up the DagBag from /home/airflow/.local/lib/python3.7/site-packages/airflow/example_dags/example_external_task_marker_dag.py
[2022-05-24 21:14:31,964] {processor.py:651} INFO - DAG(s) dict_keys(['example_external_task_marker_parent', 'example_external_task_marker_child']) retrieved from /home/airflow/.local/lib/python3.7/site-packages/airflow/example_dags/example_external_task_marker_dag.py
[2022-05-24 21:14:32,023] {logging_mixin.py:115} INFO - [2022-05-24 21:14:32,022] {dag.py:2371} INFO - Sync 2 DAGs
[2022-05-24 21:14:32,056] {logging_mixin.py:115} INFO - [2022-05-24 21:14:32,056] {dag.py:2919} INFO - Setting next_dagrun for example_external_task_marker_child to None, run_after=None
[2022-05-24 21:14:32,064] {logging_mixin.py:115} INFO - [2022-05-24 21:14:32,064] {dag.py:2919} INFO - Setting next_dagrun for example_external_task_marker_parent to None, run_after=None
[2022-05-24 21:14:32,093] {processor.py:161} INFO - Processing /home/airflow/.local/lib/python3.7/site-packages/airflow/example_dags/example_external_task_marker_dag.py took 0.138 seconds
[2022-05-24 21:15:02,890] {processor.py:153} INFO - Started process (PID=212) to work on /home/airflow/.local/lib/python3.7/site-packages/airflow/example_dags/example_external_task_marker_dag.py
[2022-05-24 21:15:02,892] {processor.py:641} INFO - Processing file /home/airflow/.local/lib/python3.7/site-packages/airflow/example_dags/example_external_task_marker_dag.py for tasks to queue
[2022-05-24 21:15:02,893] {logging_mixin.py:115} INFO - [2022-05-24 21:15:02,893] {dagbag.py:507} INFO - Filling up the DagBag from /home/airflow/.local/lib/python3.7/site-packages/airflow/example_dags/example_external_task_marker_dag.py
[2022-05-24 21:15:02,897] {processor.py:651} INFO - DAG(s) dict_keys(['example_external_task_marker_parent', 'example_external_task_marker_child']) retrieved from /home/airflow/.local/lib/python3.7/site-packages/airflow/example_dags/example_external_task_marker_dag.py
[2022-05-24 21:15:02,943] {logging_mixin.py:115} INFO - [2022-05-24 21:15:02,943] {dag.py:2371} INFO - Sync 2 DAGs
[2022-05-24 21:15:02,961] {logging_mixin.py:115} INFO - [2022-05-24 21:15:02,961] {dag.py:2919} INFO - Setting next_dagrun for example_external_task_marker_child to None, run_after=None
[2022-05-24 21:15:02,963] {logging_mixin.py:115} INFO - [2022-05-24 21:15:02,963] {dag.py:2919} INFO - Setting next_dagrun for example_external_task_marker_parent to None, run_after=None
[2022-05-24 21:15:02,971] {processor.py:161} INFO - Processing /home/airflow/.local/lib/python3.7/site-packages/airflow/example_dags/example_external_task_marker_dag.py took 0.084 seconds
[2022-05-24 21:15:33,846] {processor.py:153} INFO - Started process (PID=282) to work on /home/airflow/.local/lib/python3.7/site-packages/airflow/example_dags/example_external_task_marker_dag.py
[2022-05-24 21:15:33,857] {processor.py:641} INFO - Processing file /home/airflow/.local/lib/python3.7/site-packages/airflow/example_dags/example_external_task_marker_dag.py for tasks to queue
[2022-05-24 21:15:33,882] {logging_mixin.py:115} INFO - [2022-05-24 21:15:33,881] {dagbag.py:507} INFO - Filling up the DagBag from /home/airflow/.local/lib/python3.7/site-packages/airflow/example_dags/example_external_task_marker_dag.py
[2022-05-24 21:15:33,895] {processor.py:651} INFO - DAG(s) dict_keys(['example_external_task_marker_parent', 'example_external_task_marker_child']) retrieved from /home/airflow/.local/lib/python3.7/site-packages/airflow/example_dags/example_external_task_marker_dag.py
[2022-05-24 21:15:34,009] {logging_mixin.py:115} INFO - [2022-05-24 21:15:34,009] {dag.py:2371} INFO - Sync 2 DAGs
[2022-05-24 21:15:34,050] {logging_mixin.py:115} INFO - [2022-05-24 21:15:34,050] {dag.py:2919} INFO - Setting next_dagrun for example_external_task_marker_child to None, run_after=None
[2022-05-24 21:15:34,053] {logging_mixin.py:115} INFO - [2022-05-24 21:15:34,053] {dag.py:2919} INFO - Setting next_dagrun for example_external_task_marker_parent to None, run_after=None
[2022-05-24 21:15:34,071] {processor.py:161} INFO - Processing /home/airflow/.local/lib/python3.7/site-packages/airflow/example_dags/example_external_task_marker_dag.py took 0.232 seconds
[2022-05-24 21:16:04,673] {processor.py:153} INFO - Started process (PID=351) to work on /home/airflow/.local/lib/python3.7/site-packages/airflow/example_dags/example_external_task_marker_dag.py
[2022-05-24 21:16:04,674] {processor.py:641} INFO - Processing file /home/airflow/.local/lib/python3.7/site-packages/airflow/example_dags/example_external_task_marker_dag.py for tasks to queue
[2022-05-24 21:16:04,675] {logging_mixin.py:115} INFO - [2022-05-24 21:16:04,675] {dagbag.py:507} INFO - Filling up the DagBag from /home/airflow/.local/lib/python3.7/site-packages/airflow/example_dags/example_external_task_marker_dag.py
[2022-05-24 21:16:04,680] {processor.py:651} INFO - DAG(s) dict_keys(['example_external_task_marker_parent', 'example_external_task_marker_child']) retrieved from /home/airflow/.local/lib/python3.7/site-packages/airflow/example_dags/example_external_task_marker_dag.py
[2022-05-24 21:16:04,720] {logging_mixin.py:115} INFO - [2022-05-24 21:16:04,720] {dag.py:2371} INFO - Sync 2 DAGs
[2022-05-24 21:16:04,742] {logging_mixin.py:115} INFO - [2022-05-24 21:16:04,742] {dag.py:2919} INFO - Setting next_dagrun for example_external_task_marker_child to None, run_after=None
[2022-05-24 21:16:04,743] {logging_mixin.py:115} INFO - [2022-05-24 21:16:04,743] {dag.py:2919} INFO - Setting next_dagrun for example_external_task_marker_parent to None, run_after=None
[2022-05-24 21:16:04,753] {processor.py:161} INFO - Processing /home/airflow/.local/lib/python3.7/site-packages/airflow/example_dags/example_external_task_marker_dag.py took 0.083 seconds
[2022-05-24 21:16:35,578] {processor.py:153} INFO - Started process (PID=416) to work on /home/airflow/.local/lib/python3.7/site-packages/airflow/example_dags/example_external_task_marker_dag.py
[2022-05-24 21:16:35,580] {processor.py:641} INFO - Processing file /home/airflow/.local/lib/python3.7/site-packages/airflow/example_dags/example_external_task_marker_dag.py for tasks to queue
[2022-05-24 21:16:35,582] {logging_mixin.py:115} INFO - [2022-05-24 21:16:35,582] {dagbag.py:507} INFO - Filling up the DagBag from /home/airflow/.local/lib/python3.7/site-packages/airflow/example_dags/example_external_task_marker_dag.py
[2022-05-24 21:16:35,587] {processor.py:651} INFO - DAG(s) dict_keys(['example_external_task_marker_parent', 'example_external_task_marker_child']) retrieved from /home/airflow/.local/lib/python3.7/site-packages/airflow/example_dags/example_external_task_marker_dag.py
[2022-05-24 21:16:35,631] {logging_mixin.py:115} INFO - [2022-05-24 21:16:35,631] {dag.py:2371} INFO - Sync 2 DAGs
[2022-05-24 21:16:35,654] {logging_mixin.py:115} INFO - [2022-05-24 21:16:35,653] {dag.py:2919} INFO - Setting next_dagrun for example_external_task_marker_child to None, run_after=None
[2022-05-24 21:16:35,655] {logging_mixin.py:115} INFO - [2022-05-24 21:16:35,655] {dag.py:2919} INFO - Setting next_dagrun for example_external_task_marker_parent to None, run_after=None
[2022-05-24 21:16:35,666] {processor.py:161} INFO - Processing /home/airflow/.local/lib/python3.7/site-packages/airflow/example_dags/example_external_task_marker_dag.py took 0.091 seconds
[2022-05-24 21:17:06,423] {processor.py:153} INFO - Started process (PID=473) to work on /home/airflow/.local/lib/python3.7/site-packages/airflow/example_dags/example_external_task_marker_dag.py
[2022-05-24 21:17:06,425] {processor.py:641} INFO - Processing file /home/airflow/.local/lib/python3.7/site-packages/airflow/example_dags/example_external_task_marker_dag.py for tasks to queue
[2022-05-24 21:17:06,426] {logging_mixin.py:115} INFO - [2022-05-24 21:17:06,426] {dagbag.py:507} INFO - Filling up the DagBag from /home/airflow/.local/lib/python3.7/site-packages/airflow/example_dags/example_external_task_marker_dag.py
[2022-05-24 21:17:06,429] {processor.py:651} INFO - DAG(s) dict_keys(['example_external_task_marker_parent', 'example_external_task_marker_child']) retrieved from /home/airflow/.local/lib/python3.7/site-packages/airflow/example_dags/example_external_task_marker_dag.py
[2022-05-24 21:17:06,459] {logging_mixin.py:115} INFO - [2022-05-24 21:17:06,459] {dag.py:2371} INFO - Sync 2 DAGs
[2022-05-24 21:17:06,476] {logging_mixin.py:115} INFO - [2022-05-24 21:17:06,476] {dag.py:2919} INFO - Setting next_dagrun for example_external_task_marker_child to None, run_after=None
[2022-05-24 21:17:06,477] {logging_mixin.py:115} INFO - [2022-05-24 21:17:06,477] {dag.py:2919} INFO - Setting next_dagrun for example_external_task_marker_parent to None, run_after=None
[2022-05-24 21:17:06,487] {processor.py:161} INFO - Processing /home/airflow/.local/lib/python3.7/site-packages/airflow/example_dags/example_external_task_marker_dag.py took 0.066 seconds
[2022-05-24 21:17:36,970] {processor.py:153} INFO - Started process (PID=543) to work on /home/airflow/.local/lib/python3.7/site-packages/airflow/example_dags/example_external_task_marker_dag.py
[2022-05-24 21:17:36,971] {processor.py:641} INFO - Processing file /home/airflow/.local/lib/python3.7/site-packages/airflow/example_dags/example_external_task_marker_dag.py for tasks to queue
[2022-05-24 21:17:36,972] {logging_mixin.py:115} INFO - [2022-05-24 21:17:36,972] {dagbag.py:507} INFO - Filling up the DagBag from /home/airflow/.local/lib/python3.7/site-packages/airflow/example_dags/example_external_task_marker_dag.py
[2022-05-24 21:17:36,975] {processor.py:651} INFO - DAG(s) dict_keys(['example_external_task_marker_parent', 'example_external_task_marker_child']) retrieved from /home/airflow/.local/lib/python3.7/site-packages/airflow/example_dags/example_external_task_marker_dag.py
[2022-05-24 21:17:37,004] {logging_mixin.py:115} INFO - [2022-05-24 21:17:37,004] {dag.py:2371} INFO - Sync 2 DAGs
[2022-05-24 21:17:37,021] {logging_mixin.py:115} INFO - [2022-05-24 21:17:37,020] {dag.py:2919} INFO - Setting next_dagrun for example_external_task_marker_child to None, run_after=None
[2022-05-24 21:17:37,022] {logging_mixin.py:115} INFO - [2022-05-24 21:17:37,022] {dag.py:2919} INFO - Setting next_dagrun for example_external_task_marker_parent to None, run_after=None
[2022-05-24 21:17:37,030] {processor.py:161} INFO - Processing /home/airflow/.local/lib/python3.7/site-packages/airflow/example_dags/example_external_task_marker_dag.py took 0.062 seconds
[2022-05-24 21:18:07,388] {processor.py:153} INFO - Started process (PID=609) to work on /home/airflow/.local/lib/python3.7/site-packages/airflow/example_dags/example_external_task_marker_dag.py
[2022-05-24 21:18:07,390] {processor.py:641} INFO - Processing file /home/airflow/.local/lib/python3.7/site-packages/airflow/example_dags/example_external_task_marker_dag.py for tasks to queue
[2022-05-24 21:18:07,391] {logging_mixin.py:115} INFO - [2022-05-24 21:18:07,391] {dagbag.py:507} INFO - Filling up the DagBag from /home/airflow/.local/lib/python3.7/site-packages/airflow/example_dags/example_external_task_marker_dag.py
[2022-05-24 21:18:07,395] {processor.py:651} INFO - DAG(s) dict_keys(['example_external_task_marker_parent', 'example_external_task_marker_child']) retrieved from /home/airflow/.local/lib/python3.7/site-packages/airflow/example_dags/example_external_task_marker_dag.py
[2022-05-24 21:18:07,429] {logging_mixin.py:115} INFO - [2022-05-24 21:18:07,428] {dag.py:2371} INFO - Sync 2 DAGs
[2022-05-24 21:18:07,444] {logging_mixin.py:115} INFO - [2022-05-24 21:18:07,444] {dag.py:2919} INFO - Setting next_dagrun for example_external_task_marker_child to None, run_after=None
[2022-05-24 21:18:07,445] {logging_mixin.py:115} INFO - [2022-05-24 21:18:07,445] {dag.py:2919} INFO - Setting next_dagrun for example_external_task_marker_parent to None, run_after=None
[2022-05-24 21:18:07,453] {processor.py:161} INFO - Processing /home/airflow/.local/lib/python3.7/site-packages/airflow/example_dags/example_external_task_marker_dag.py took 0.067 seconds
[2022-05-24 21:18:37,738] {processor.py:153} INFO - Started process (PID=668) to work on /home/airflow/.local/lib/python3.7/site-packages/airflow/example_dags/example_external_task_marker_dag.py
[2022-05-24 21:18:37,740] {processor.py:641} INFO - Processing file /home/airflow/.local/lib/python3.7/site-packages/airflow/example_dags/example_external_task_marker_dag.py for tasks to queue
[2022-05-24 21:18:37,741] {logging_mixin.py:115} INFO - [2022-05-24 21:18:37,741] {dagbag.py:507} INFO - Filling up the DagBag from /home/airflow/.local/lib/python3.7/site-packages/airflow/example_dags/example_external_task_marker_dag.py
[2022-05-24 21:18:37,746] {processor.py:651} INFO - DAG(s) dict_keys(['example_external_task_marker_parent', 'example_external_task_marker_child']) retrieved from /home/airflow/.local/lib/python3.7/site-packages/airflow/example_dags/example_external_task_marker_dag.py
[2022-05-24 21:18:37,795] {logging_mixin.py:115} INFO - [2022-05-24 21:18:37,795] {dag.py:2371} INFO - Sync 2 DAGs
[2022-05-24 21:18:37,815] {logging_mixin.py:115} INFO - [2022-05-24 21:18:37,815] {dag.py:2919} INFO - Setting next_dagrun for example_external_task_marker_child to None, run_after=None
[2022-05-24 21:18:37,819] {logging_mixin.py:115} INFO - [2022-05-24 21:18:37,818] {dag.py:2919} INFO - Setting next_dagrun for example_external_task_marker_parent to None, run_after=None
[2022-05-24 21:18:37,841] {processor.py:161} INFO - Processing /home/airflow/.local/lib/python3.7/site-packages/airflow/example_dags/example_external_task_marker_dag.py took 0.105 seconds
[2022-05-24 21:19:08,578] {processor.py:153} INFO - Started process (PID=734) to work on /home/airflow/.local/lib/python3.7/site-packages/airflow/example_dags/example_external_task_marker_dag.py
[2022-05-24 21:19:08,580] {processor.py:641} INFO - Processing file /home/airflow/.local/lib/python3.7/site-packages/airflow/example_dags/example_external_task_marker_dag.py for tasks to queue
[2022-05-24 21:19:08,581] {logging_mixin.py:115} INFO - [2022-05-24 21:19:08,581] {dagbag.py:507} INFO - Filling up the DagBag from /home/airflow/.local/lib/python3.7/site-packages/airflow/example_dags/example_external_task_marker_dag.py
[2022-05-24 21:19:08,586] {processor.py:651} INFO - DAG(s) dict_keys(['example_external_task_marker_parent', 'example_external_task_marker_child']) retrieved from /home/airflow/.local/lib/python3.7/site-packages/airflow/example_dags/example_external_task_marker_dag.py
[2022-05-24 21:19:08,660] {logging_mixin.py:115} INFO - [2022-05-24 21:19:08,660] {dag.py:2371} INFO - Sync 2 DAGs
[2022-05-24 21:19:08,797] {logging_mixin.py:115} INFO - [2022-05-24 21:19:08,797] {dag.py:2919} INFO - Setting next_dagrun for example_external_task_marker_child to None, run_after=None
[2022-05-24 21:19:08,799] {logging_mixin.py:115} INFO - [2022-05-24 21:19:08,799] {dag.py:2919} INFO - Setting next_dagrun for example_external_task_marker_parent to None, run_after=None
[2022-05-24 21:19:08,807] {processor.py:161} INFO - Processing /home/airflow/.local/lib/python3.7/site-packages/airflow/example_dags/example_external_task_marker_dag.py took 0.231 seconds
[2022-05-24 21:19:39,517] {processor.py:153} INFO - Started process (PID=803) to work on /home/airflow/.local/lib/python3.7/site-packages/airflow/example_dags/example_external_task_marker_dag.py
[2022-05-24 21:19:39,519] {processor.py:641} INFO - Processing file /home/airflow/.local/lib/python3.7/site-packages/airflow/example_dags/example_external_task_marker_dag.py for tasks to queue
[2022-05-24 21:19:39,520] {logging_mixin.py:115} INFO - [2022-05-24 21:19:39,520] {dagbag.py:507} INFO - Filling up the DagBag from /home/airflow/.local/lib/python3.7/site-packages/airflow/example_dags/example_external_task_marker_dag.py
[2022-05-24 21:19:39,523] {processor.py:651} INFO - DAG(s) dict_keys(['example_external_task_marker_parent', 'example_external_task_marker_child']) retrieved from /home/airflow/.local/lib/python3.7/site-packages/airflow/example_dags/example_external_task_marker_dag.py
[2022-05-24 21:19:39,552] {logging_mixin.py:115} INFO - [2022-05-24 21:19:39,552] {dag.py:2371} INFO - Sync 2 DAGs
[2022-05-24 21:19:39,660] {logging_mixin.py:115} INFO - [2022-05-24 21:19:39,660] {dag.py:2919} INFO - Setting next_dagrun for example_external_task_marker_child to None, run_after=None
[2022-05-24 21:19:39,662] {logging_mixin.py:115} INFO - [2022-05-24 21:19:39,662] {dag.py:2919} INFO - Setting next_dagrun for example_external_task_marker_parent to None, run_after=None
[2022-05-24 21:19:39,672] {processor.py:161} INFO - Processing /home/airflow/.local/lib/python3.7/site-packages/airflow/example_dags/example_external_task_marker_dag.py took 0.157 seconds
[2022-05-24 21:20:10,771] {processor.py:153} INFO - Started process (PID=874) to work on /home/airflow/.local/lib/python3.7/site-packages/airflow/example_dags/example_external_task_marker_dag.py
[2022-05-24 21:20:10,773] {processor.py:641} INFO - Processing file /home/airflow/.local/lib/python3.7/site-packages/airflow/example_dags/example_external_task_marker_dag.py for tasks to queue
[2022-05-24 21:20:10,774] {logging_mixin.py:115} INFO - [2022-05-24 21:20:10,774] {dagbag.py:507} INFO - Filling up the DagBag from /home/airflow/.local/lib/python3.7/site-packages/airflow/example_dags/example_external_task_marker_dag.py
[2022-05-24 21:20:10,778] {processor.py:651} INFO - DAG(s) dict_keys(['example_external_task_marker_parent', 'example_external_task_marker_child']) retrieved from /home/airflow/.local/lib/python3.7/site-packages/airflow/example_dags/example_external_task_marker_dag.py
[2022-05-24 21:20:10,840] {logging_mixin.py:115} INFO - [2022-05-24 21:20:10,840] {dag.py:2371} INFO - Sync 2 DAGs
[2022-05-24 21:20:11,001] {logging_mixin.py:115} INFO - [2022-05-24 21:20:11,001] {dag.py:2919} INFO - Setting next_dagrun for example_external_task_marker_child to None, run_after=None
[2022-05-24 21:20:11,002] {logging_mixin.py:115} INFO - [2022-05-24 21:20:11,002] {dag.py:2919} INFO - Setting next_dagrun for example_external_task_marker_parent to None, run_after=None
[2022-05-24 21:20:11,009] {processor.py:161} INFO - Processing /home/airflow/.local/lib/python3.7/site-packages/airflow/example_dags/example_external_task_marker_dag.py took 0.240 seconds
[2022-05-24 21:20:42,226] {processor.py:153} INFO - Started process (PID=945) to work on /home/airflow/.local/lib/python3.7/site-packages/airflow/example_dags/example_external_task_marker_dag.py
[2022-05-24 21:20:42,228] {processor.py:641} INFO - Processing file /home/airflow/.local/lib/python3.7/site-packages/airflow/example_dags/example_external_task_marker_dag.py for tasks to queue
[2022-05-24 21:20:42,229] {logging_mixin.py:115} INFO - [2022-05-24 21:20:42,229] {dagbag.py:507} INFO - Filling up the DagBag from /home/airflow/.local/lib/python3.7/site-packages/airflow/example_dags/example_external_task_marker_dag.py
[2022-05-24 21:20:42,233] {processor.py:651} INFO - DAG(s) dict_keys(['example_external_task_marker_parent', 'example_external_task_marker_child']) retrieved from /home/airflow/.local/lib/python3.7/site-packages/airflow/example_dags/example_external_task_marker_dag.py
[2022-05-24 21:20:42,272] {logging_mixin.py:115} INFO - [2022-05-24 21:20:42,272] {dag.py:2371} INFO - Sync 2 DAGs
[2022-05-24 21:20:42,389] {logging_mixin.py:115} INFO - [2022-05-24 21:20:42,389] {dag.py:2919} INFO - Setting next_dagrun for example_external_task_marker_child to None, run_after=None
[2022-05-24 21:20:42,390] {logging_mixin.py:115} INFO - [2022-05-24 21:20:42,390] {dag.py:2919} INFO - Setting next_dagrun for example_external_task_marker_parent to None, run_after=None
[2022-05-24 21:20:42,396] {processor.py:161} INFO - Processing /home/airflow/.local/lib/python3.7/site-packages/airflow/example_dags/example_external_task_marker_dag.py took 0.173 seconds
[2022-05-24 21:21:12,573] {processor.py:153} INFO - Started process (PID=1002) to work on /home/airflow/.local/lib/python3.7/site-packages/airflow/example_dags/example_external_task_marker_dag.py
[2022-05-24 21:21:12,574] {processor.py:641} INFO - Processing file /home/airflow/.local/lib/python3.7/site-packages/airflow/example_dags/example_external_task_marker_dag.py for tasks to queue
[2022-05-24 21:21:12,576] {logging_mixin.py:115} INFO - [2022-05-24 21:21:12,576] {dagbag.py:507} INFO - Filling up the DagBag from /home/airflow/.local/lib/python3.7/site-packages/airflow/example_dags/example_external_task_marker_dag.py
[2022-05-24 21:21:12,579] {processor.py:651} INFO - DAG(s) dict_keys(['example_external_task_marker_parent', 'example_external_task_marker_child']) retrieved from /home/airflow/.local/lib/python3.7/site-packages/airflow/example_dags/example_external_task_marker_dag.py
[2022-05-24 21:21:12,620] {logging_mixin.py:115} INFO - [2022-05-24 21:21:12,620] {dag.py:2371} INFO - Sync 2 DAGs
[2022-05-24 21:21:12,740] {logging_mixin.py:115} INFO - [2022-05-24 21:21:12,740] {dag.py:2919} INFO - Setting next_dagrun for example_external_task_marker_child to None, run_after=None
[2022-05-24 21:21:12,744] {logging_mixin.py:115} INFO - [2022-05-24 21:21:12,743] {dag.py:2919} INFO - Setting next_dagrun for example_external_task_marker_parent to None, run_after=None
[2022-05-24 21:21:12,760] {processor.py:161} INFO - Processing /home/airflow/.local/lib/python3.7/site-packages/airflow/example_dags/example_external_task_marker_dag.py took 0.190 seconds
[2022-05-24 21:21:43,468] {processor.py:153} INFO - Started process (PID=1068) to work on /home/airflow/.local/lib/python3.7/site-packages/airflow/example_dags/example_external_task_marker_dag.py
[2022-05-24 21:21:43,470] {processor.py:641} INFO - Processing file /home/airflow/.local/lib/python3.7/site-packages/airflow/example_dags/example_external_task_marker_dag.py for tasks to queue
[2022-05-24 21:21:43,470] {logging_mixin.py:115} INFO - [2022-05-24 21:21:43,470] {dagbag.py:507} INFO - Filling up the DagBag from /home/airflow/.local/lib/python3.7/site-packages/airflow/example_dags/example_external_task_marker_dag.py
[2022-05-24 21:21:43,474] {processor.py:651} INFO - DAG(s) dict_keys(['example_external_task_marker_parent', 'example_external_task_marker_child']) retrieved from /home/airflow/.local/lib/python3.7/site-packages/airflow/example_dags/example_external_task_marker_dag.py
[2022-05-24 21:21:43,508] {logging_mixin.py:115} INFO - [2022-05-24 21:21:43,508] {dag.py:2371} INFO - Sync 2 DAGs
[2022-05-24 21:21:43,610] {logging_mixin.py:115} INFO - [2022-05-24 21:21:43,609] {dag.py:2919} INFO - Setting next_dagrun for example_external_task_marker_child to None, run_after=None
[2022-05-24 21:21:43,611] {logging_mixin.py:115} INFO - [2022-05-24 21:21:43,610] {dag.py:2919} INFO - Setting next_dagrun for example_external_task_marker_parent to None, run_after=None
[2022-05-24 21:21:43,617] {processor.py:161} INFO - Processing /home/airflow/.local/lib/python3.7/site-packages/airflow/example_dags/example_external_task_marker_dag.py took 0.151 seconds
[2022-05-24 21:22:14,484] {processor.py:153} INFO - Started process (PID=1142) to work on /home/airflow/.local/lib/python3.7/site-packages/airflow/example_dags/example_external_task_marker_dag.py
[2022-05-24 21:22:14,485] {processor.py:641} INFO - Processing file /home/airflow/.local/lib/python3.7/site-packages/airflow/example_dags/example_external_task_marker_dag.py for tasks to queue
[2022-05-24 21:22:14,487] {logging_mixin.py:115} INFO - [2022-05-24 21:22:14,487] {dagbag.py:507} INFO - Filling up the DagBag from /home/airflow/.local/lib/python3.7/site-packages/airflow/example_dags/example_external_task_marker_dag.py
[2022-05-24 21:22:14,493] {processor.py:651} INFO - DAG(s) dict_keys(['example_external_task_marker_parent', 'example_external_task_marker_child']) retrieved from /home/airflow/.local/lib/python3.7/site-packages/airflow/example_dags/example_external_task_marker_dag.py
[2022-05-24 21:22:14,539] {logging_mixin.py:115} INFO - [2022-05-24 21:22:14,539] {dag.py:2371} INFO - Sync 2 DAGs
[2022-05-24 21:22:14,649] {logging_mixin.py:115} INFO - [2022-05-24 21:22:14,649] {dag.py:2919} INFO - Setting next_dagrun for example_external_task_marker_child to None, run_after=None
[2022-05-24 21:22:14,654] {logging_mixin.py:115} INFO - [2022-05-24 21:22:14,654] {dag.py:2919} INFO - Setting next_dagrun for example_external_task_marker_parent to None, run_after=None
[2022-05-24 21:22:14,662] {processor.py:161} INFO - Processing /home/airflow/.local/lib/python3.7/site-packages/airflow/example_dags/example_external_task_marker_dag.py took 0.182 seconds
