[2022-05-24 21:13:57,578] {processor.py:153} INFO - Started process (PID=62) to work on /home/airflow/.local/lib/python3.7/site-packages/airflow/example_dags/example_short_circuit_operator.py
[2022-05-24 21:13:57,585] {processor.py:641} INFO - Processing file /home/airflow/.local/lib/python3.7/site-packages/airflow/example_dags/example_short_circuit_operator.py for tasks to queue
[2022-05-24 21:13:57,592] {logging_mixin.py:115} INFO - [2022-05-24 21:13:57,592] {dagbag.py:507} INFO - Filling up the DagBag from /home/airflow/.local/lib/python3.7/site-packages/airflow/example_dags/example_short_circuit_operator.py
[2022-05-24 21:13:57,653] {processor.py:651} INFO - DAG(s) dict_keys(['example_short_circuit_operator']) retrieved from /home/airflow/.local/lib/python3.7/site-packages/airflow/example_dags/example_short_circuit_operator.py
[2022-05-24 21:13:58,391] {logging_mixin.py:115} INFO - [2022-05-24 21:13:58,390] {manager.py:508} INFO - Created Permission View: can read on DAG:example_short_circuit_operator
[2022-05-24 21:13:58,406] {logging_mixin.py:115} INFO - [2022-05-24 21:13:58,405] {manager.py:508} INFO - Created Permission View: can delete on DAG:example_short_circuit_operator
[2022-05-24 21:13:58,473] {logging_mixin.py:115} INFO - [2022-05-24 21:13:58,472] {manager.py:508} INFO - Created Permission View: can edit on DAG:example_short_circuit_operator
[2022-05-24 21:13:58,493] {logging_mixin.py:115} INFO - [2022-05-24 21:13:58,493] {dag.py:2371} INFO - Sync 1 DAGs
[2022-05-24 21:13:58,556] {logging_mixin.py:115} INFO - [2022-05-24 21:13:58,556] {dag.py:2390} INFO - Creating ORM DAG for example_short_circuit_operator
[2022-05-24 21:13:58,579] {logging_mixin.py:115} INFO - [2022-05-24 21:13:58,578] {dag.py:2919} INFO - Setting next_dagrun for example_short_circuit_operator to 2022-05-23T21:13:58.578382+00:00, run_after=2022-05-24T21:13:58.578382+00:00
[2022-05-24 21:13:58,636] {processor.py:161} INFO - Processing /home/airflow/.local/lib/python3.7/site-packages/airflow/example_dags/example_short_circuit_operator.py took 1.094 seconds
[2022-05-24 21:14:29,107] {processor.py:153} INFO - Started process (PID=130) to work on /home/airflow/.local/lib/python3.7/site-packages/airflow/example_dags/example_short_circuit_operator.py
[2022-05-24 21:14:29,110] {processor.py:641} INFO - Processing file /home/airflow/.local/lib/python3.7/site-packages/airflow/example_dags/example_short_circuit_operator.py for tasks to queue
[2022-05-24 21:14:29,120] {logging_mixin.py:115} INFO - [2022-05-24 21:14:29,118] {dagbag.py:507} INFO - Filling up the DagBag from /home/airflow/.local/lib/python3.7/site-packages/airflow/example_dags/example_short_circuit_operator.py
[2022-05-24 21:14:29,157] {processor.py:651} INFO - DAG(s) dict_keys(['example_short_circuit_operator']) retrieved from /home/airflow/.local/lib/python3.7/site-packages/airflow/example_dags/example_short_circuit_operator.py
[2022-05-24 21:14:29,222] {logging_mixin.py:115} INFO - [2022-05-24 21:14:29,221] {dag.py:2371} INFO - Sync 1 DAGs
[2022-05-24 21:14:29,261] {logging_mixin.py:115} INFO - [2022-05-24 21:14:29,261] {dag.py:2919} INFO - Setting next_dagrun for example_short_circuit_operator to 2022-05-23T21:14:29.260577+00:00, run_after=2022-05-24T21:14:29.260577+00:00
[2022-05-24 21:14:29,553] {processor.py:161} INFO - Processing /home/airflow/.local/lib/python3.7/site-packages/airflow/example_dags/example_short_circuit_operator.py took 0.453 seconds
[2022-05-24 21:14:59,700] {processor.py:153} INFO - Started process (PID=198) to work on /home/airflow/.local/lib/python3.7/site-packages/airflow/example_dags/example_short_circuit_operator.py
[2022-05-24 21:14:59,703] {processor.py:641} INFO - Processing file /home/airflow/.local/lib/python3.7/site-packages/airflow/example_dags/example_short_circuit_operator.py for tasks to queue
[2022-05-24 21:14:59,709] {logging_mixin.py:115} INFO - [2022-05-24 21:14:59,708] {dagbag.py:507} INFO - Filling up the DagBag from /home/airflow/.local/lib/python3.7/site-packages/airflow/example_dags/example_short_circuit_operator.py
[2022-05-24 21:14:59,737] {processor.py:651} INFO - DAG(s) dict_keys(['example_short_circuit_operator']) retrieved from /home/airflow/.local/lib/python3.7/site-packages/airflow/example_dags/example_short_circuit_operator.py
[2022-05-24 21:14:59,823] {logging_mixin.py:115} INFO - [2022-05-24 21:14:59,823] {dag.py:2371} INFO - Sync 1 DAGs
[2022-05-24 21:14:59,886] {logging_mixin.py:115} INFO - [2022-05-24 21:14:59,885] {dag.py:2919} INFO - Setting next_dagrun for example_short_circuit_operator to 2022-05-23T21:14:59.884871+00:00, run_after=2022-05-24T21:14:59.884871+00:00
[2022-05-24 21:15:00,204] {processor.py:161} INFO - Processing /home/airflow/.local/lib/python3.7/site-packages/airflow/example_dags/example_short_circuit_operator.py took 0.552 seconds
[2022-05-24 21:15:30,408] {processor.py:153} INFO - Started process (PID=268) to work on /home/airflow/.local/lib/python3.7/site-packages/airflow/example_dags/example_short_circuit_operator.py
[2022-05-24 21:15:30,411] {processor.py:641} INFO - Processing file /home/airflow/.local/lib/python3.7/site-packages/airflow/example_dags/example_short_circuit_operator.py for tasks to queue
[2022-05-24 21:15:30,413] {logging_mixin.py:115} INFO - [2022-05-24 21:15:30,413] {dagbag.py:507} INFO - Filling up the DagBag from /home/airflow/.local/lib/python3.7/site-packages/airflow/example_dags/example_short_circuit_operator.py
[2022-05-24 21:15:30,424] {processor.py:651} INFO - DAG(s) dict_keys(['example_short_circuit_operator']) retrieved from /home/airflow/.local/lib/python3.7/site-packages/airflow/example_dags/example_short_circuit_operator.py
[2022-05-24 21:15:30,460] {logging_mixin.py:115} INFO - [2022-05-24 21:15:30,460] {dag.py:2371} INFO - Sync 1 DAGs
[2022-05-24 21:15:30,487] {logging_mixin.py:115} INFO - [2022-05-24 21:15:30,487] {dag.py:2919} INFO - Setting next_dagrun for example_short_circuit_operator to 2022-05-23T21:15:30.486818+00:00, run_after=2022-05-24T21:15:30.486818+00:00
[2022-05-24 21:15:30,810] {processor.py:161} INFO - Processing /home/airflow/.local/lib/python3.7/site-packages/airflow/example_dags/example_short_circuit_operator.py took 0.407 seconds
[2022-05-24 21:16:01,063] {processor.py:153} INFO - Started process (PID=327) to work on /home/airflow/.local/lib/python3.7/site-packages/airflow/example_dags/example_short_circuit_operator.py
[2022-05-24 21:16:01,069] {processor.py:641} INFO - Processing file /home/airflow/.local/lib/python3.7/site-packages/airflow/example_dags/example_short_circuit_operator.py for tasks to queue
[2022-05-24 21:16:01,071] {logging_mixin.py:115} INFO - [2022-05-24 21:16:01,071] {dagbag.py:507} INFO - Filling up the DagBag from /home/airflow/.local/lib/python3.7/site-packages/airflow/example_dags/example_short_circuit_operator.py
[2022-05-24 21:16:01,081] {processor.py:651} INFO - DAG(s) dict_keys(['example_short_circuit_operator']) retrieved from /home/airflow/.local/lib/python3.7/site-packages/airflow/example_dags/example_short_circuit_operator.py
[2022-05-24 21:16:01,106] {logging_mixin.py:115} INFO - [2022-05-24 21:16:01,106] {dag.py:2371} INFO - Sync 1 DAGs
[2022-05-24 21:16:01,127] {logging_mixin.py:115} INFO - [2022-05-24 21:16:01,127] {dag.py:2919} INFO - Setting next_dagrun for example_short_circuit_operator to 2022-05-23T21:16:01.127650+00:00, run_after=2022-05-24T21:16:01.127650+00:00
[2022-05-24 21:16:01,281] {processor.py:161} INFO - Processing /home/airflow/.local/lib/python3.7/site-packages/airflow/example_dags/example_short_circuit_operator.py took 0.224 seconds
[2022-05-24 21:16:31,749] {processor.py:153} INFO - Started process (PID=394) to work on /home/airflow/.local/lib/python3.7/site-packages/airflow/example_dags/example_short_circuit_operator.py
[2022-05-24 21:16:31,751] {processor.py:641} INFO - Processing file /home/airflow/.local/lib/python3.7/site-packages/airflow/example_dags/example_short_circuit_operator.py for tasks to queue
[2022-05-24 21:16:31,752] {logging_mixin.py:115} INFO - [2022-05-24 21:16:31,752] {dagbag.py:507} INFO - Filling up the DagBag from /home/airflow/.local/lib/python3.7/site-packages/airflow/example_dags/example_short_circuit_operator.py
[2022-05-24 21:16:31,768] {processor.py:651} INFO - DAG(s) dict_keys(['example_short_circuit_operator']) retrieved from /home/airflow/.local/lib/python3.7/site-packages/airflow/example_dags/example_short_circuit_operator.py
[2022-05-24 21:16:31,801] {logging_mixin.py:115} INFO - [2022-05-24 21:16:31,801] {dag.py:2371} INFO - Sync 1 DAGs
[2022-05-24 21:16:31,832] {logging_mixin.py:115} INFO - [2022-05-24 21:16:31,832] {dag.py:2919} INFO - Setting next_dagrun for example_short_circuit_operator to 2022-05-23T21:16:31.831961+00:00, run_after=2022-05-24T21:16:31.831961+00:00
[2022-05-24 21:16:31,994] {processor.py:161} INFO - Processing /home/airflow/.local/lib/python3.7/site-packages/airflow/example_dags/example_short_circuit_operator.py took 0.249 seconds
[2022-05-24 21:17:02,268] {processor.py:153} INFO - Started process (PID=459) to work on /home/airflow/.local/lib/python3.7/site-packages/airflow/example_dags/example_short_circuit_operator.py
[2022-05-24 21:17:02,269] {processor.py:641} INFO - Processing file /home/airflow/.local/lib/python3.7/site-packages/airflow/example_dags/example_short_circuit_operator.py for tasks to queue
[2022-05-24 21:17:02,270] {logging_mixin.py:115} INFO - [2022-05-24 21:17:02,270] {dagbag.py:507} INFO - Filling up the DagBag from /home/airflow/.local/lib/python3.7/site-packages/airflow/example_dags/example_short_circuit_operator.py
[2022-05-24 21:17:02,277] {processor.py:651} INFO - DAG(s) dict_keys(['example_short_circuit_operator']) retrieved from /home/airflow/.local/lib/python3.7/site-packages/airflow/example_dags/example_short_circuit_operator.py
[2022-05-24 21:17:02,294] {logging_mixin.py:115} INFO - [2022-05-24 21:17:02,294] {dag.py:2371} INFO - Sync 1 DAGs
[2022-05-24 21:17:02,310] {logging_mixin.py:115} INFO - [2022-05-24 21:17:02,309] {dag.py:2919} INFO - Setting next_dagrun for example_short_circuit_operator to 2022-05-23T21:17:02.309756+00:00, run_after=2022-05-24T21:17:02.309756+00:00
[2022-05-24 21:17:02,417] {processor.py:161} INFO - Processing /home/airflow/.local/lib/python3.7/site-packages/airflow/example_dags/example_short_circuit_operator.py took 0.151 seconds
[2022-05-24 21:17:32,759] {processor.py:153} INFO - Started process (PID=529) to work on /home/airflow/.local/lib/python3.7/site-packages/airflow/example_dags/example_short_circuit_operator.py
[2022-05-24 21:17:32,761] {processor.py:641} INFO - Processing file /home/airflow/.local/lib/python3.7/site-packages/airflow/example_dags/example_short_circuit_operator.py for tasks to queue
[2022-05-24 21:17:32,762] {logging_mixin.py:115} INFO - [2022-05-24 21:17:32,762] {dagbag.py:507} INFO - Filling up the DagBag from /home/airflow/.local/lib/python3.7/site-packages/airflow/example_dags/example_short_circuit_operator.py
[2022-05-24 21:17:32,768] {processor.py:651} INFO - DAG(s) dict_keys(['example_short_circuit_operator']) retrieved from /home/airflow/.local/lib/python3.7/site-packages/airflow/example_dags/example_short_circuit_operator.py
[2022-05-24 21:17:32,794] {logging_mixin.py:115} INFO - [2022-05-24 21:17:32,794] {dag.py:2371} INFO - Sync 1 DAGs
[2022-05-24 21:17:32,813] {logging_mixin.py:115} INFO - [2022-05-24 21:17:32,812] {dag.py:2919} INFO - Setting next_dagrun for example_short_circuit_operator to 2022-05-23T21:17:32.812805+00:00, run_after=2022-05-24T21:17:32.812805+00:00
[2022-05-24 21:17:32,919] {processor.py:161} INFO - Processing /home/airflow/.local/lib/python3.7/site-packages/airflow/example_dags/example_short_circuit_operator.py took 0.162 seconds
[2022-05-24 21:18:04,691] {processor.py:153} INFO - Started process (PID=595) to work on /home/airflow/.local/lib/python3.7/site-packages/airflow/example_dags/example_short_circuit_operator.py
[2022-05-24 21:18:04,692] {processor.py:641} INFO - Processing file /home/airflow/.local/lib/python3.7/site-packages/airflow/example_dags/example_short_circuit_operator.py for tasks to queue
[2022-05-24 21:18:04,694] {logging_mixin.py:115} INFO - [2022-05-24 21:18:04,694] {dagbag.py:507} INFO - Filling up the DagBag from /home/airflow/.local/lib/python3.7/site-packages/airflow/example_dags/example_short_circuit_operator.py
[2022-05-24 21:18:04,715] {processor.py:651} INFO - DAG(s) dict_keys(['example_short_circuit_operator']) retrieved from /home/airflow/.local/lib/python3.7/site-packages/airflow/example_dags/example_short_circuit_operator.py
[2022-05-24 21:18:04,748] {logging_mixin.py:115} INFO - [2022-05-24 21:18:04,748] {dag.py:2371} INFO - Sync 1 DAGs
[2022-05-24 21:18:04,774] {logging_mixin.py:115} INFO - [2022-05-24 21:18:04,773] {dag.py:2919} INFO - Setting next_dagrun for example_short_circuit_operator to 2022-05-23T21:18:04.773579+00:00, run_after=2022-05-24T21:18:04.773579+00:00
[2022-05-24 21:18:05,059] {processor.py:161} INFO - Processing /home/airflow/.local/lib/python3.7/site-packages/airflow/example_dags/example_short_circuit_operator.py took 0.377 seconds
[2022-05-24 21:18:35,157] {processor.py:153} INFO - Started process (PID=654) to work on /home/airflow/.local/lib/python3.7/site-packages/airflow/example_dags/example_short_circuit_operator.py
[2022-05-24 21:18:35,159] {processor.py:641} INFO - Processing file /home/airflow/.local/lib/python3.7/site-packages/airflow/example_dags/example_short_circuit_operator.py for tasks to queue
[2022-05-24 21:18:35,159] {logging_mixin.py:115} INFO - [2022-05-24 21:18:35,159] {dagbag.py:507} INFO - Filling up the DagBag from /home/airflow/.local/lib/python3.7/site-packages/airflow/example_dags/example_short_circuit_operator.py
[2022-05-24 21:18:35,166] {processor.py:651} INFO - DAG(s) dict_keys(['example_short_circuit_operator']) retrieved from /home/airflow/.local/lib/python3.7/site-packages/airflow/example_dags/example_short_circuit_operator.py
[2022-05-24 21:18:35,187] {logging_mixin.py:115} INFO - [2022-05-24 21:18:35,187] {dag.py:2371} INFO - Sync 1 DAGs
[2022-05-24 21:18:35,204] {logging_mixin.py:115} INFO - [2022-05-24 21:18:35,204] {dag.py:2919} INFO - Setting next_dagrun for example_short_circuit_operator to 2022-05-23T21:18:35.204383+00:00, run_after=2022-05-24T21:18:35.204383+00:00
[2022-05-24 21:18:35,297] {processor.py:161} INFO - Processing /home/airflow/.local/lib/python3.7/site-packages/airflow/example_dags/example_short_circuit_operator.py took 0.142 seconds
[2022-05-24 21:19:05,456] {processor.py:153} INFO - Started process (PID=720) to work on /home/airflow/.local/lib/python3.7/site-packages/airflow/example_dags/example_short_circuit_operator.py
[2022-05-24 21:19:05,461] {processor.py:641} INFO - Processing file /home/airflow/.local/lib/python3.7/site-packages/airflow/example_dags/example_short_circuit_operator.py for tasks to queue
[2022-05-24 21:19:05,462] {logging_mixin.py:115} INFO - [2022-05-24 21:19:05,462] {dagbag.py:507} INFO - Filling up the DagBag from /home/airflow/.local/lib/python3.7/site-packages/airflow/example_dags/example_short_circuit_operator.py
[2022-05-24 21:19:05,469] {processor.py:651} INFO - DAG(s) dict_keys(['example_short_circuit_operator']) retrieved from /home/airflow/.local/lib/python3.7/site-packages/airflow/example_dags/example_short_circuit_operator.py
[2022-05-24 21:19:05,490] {logging_mixin.py:115} INFO - [2022-05-24 21:19:05,490] {dag.py:2371} INFO - Sync 1 DAGs
[2022-05-24 21:19:05,610] {logging_mixin.py:115} INFO - [2022-05-24 21:19:05,610] {dag.py:2919} INFO - Setting next_dagrun for example_short_circuit_operator to 2022-05-23T21:19:05.610635+00:00, run_after=2022-05-24T21:19:05.610635+00:00
[2022-05-24 21:19:05,618] {processor.py:161} INFO - Processing /home/airflow/.local/lib/python3.7/site-packages/airflow/example_dags/example_short_circuit_operator.py took 0.165 seconds
[2022-05-24 21:19:36,176] {processor.py:153} INFO - Started process (PID=789) to work on /home/airflow/.local/lib/python3.7/site-packages/airflow/example_dags/example_short_circuit_operator.py
[2022-05-24 21:19:36,177] {processor.py:641} INFO - Processing file /home/airflow/.local/lib/python3.7/site-packages/airflow/example_dags/example_short_circuit_operator.py for tasks to queue
[2022-05-24 21:19:36,178] {logging_mixin.py:115} INFO - [2022-05-24 21:19:36,178] {dagbag.py:507} INFO - Filling up the DagBag from /home/airflow/.local/lib/python3.7/site-packages/airflow/example_dags/example_short_circuit_operator.py
[2022-05-24 21:19:36,186] {processor.py:651} INFO - DAG(s) dict_keys(['example_short_circuit_operator']) retrieved from /home/airflow/.local/lib/python3.7/site-packages/airflow/example_dags/example_short_circuit_operator.py
[2022-05-24 21:19:36,203] {logging_mixin.py:115} INFO - [2022-05-24 21:19:36,203] {dag.py:2371} INFO - Sync 1 DAGs
[2022-05-24 21:19:36,298] {logging_mixin.py:115} INFO - [2022-05-24 21:19:36,298] {dag.py:2919} INFO - Setting next_dagrun for example_short_circuit_operator to 2022-05-23T21:19:36.298411+00:00, run_after=2022-05-24T21:19:36.298411+00:00
[2022-05-24 21:19:36,305] {processor.py:161} INFO - Processing /home/airflow/.local/lib/python3.7/site-packages/airflow/example_dags/example_short_circuit_operator.py took 0.132 seconds
[2022-05-24 21:20:06,896] {processor.py:153} INFO - Started process (PID=849) to work on /home/airflow/.local/lib/python3.7/site-packages/airflow/example_dags/example_short_circuit_operator.py
[2022-05-24 21:20:06,897] {processor.py:641} INFO - Processing file /home/airflow/.local/lib/python3.7/site-packages/airflow/example_dags/example_short_circuit_operator.py for tasks to queue
[2022-05-24 21:20:06,898] {logging_mixin.py:115} INFO - [2022-05-24 21:20:06,898] {dagbag.py:507} INFO - Filling up the DagBag from /home/airflow/.local/lib/python3.7/site-packages/airflow/example_dags/example_short_circuit_operator.py
[2022-05-24 21:20:06,907] {processor.py:651} INFO - DAG(s) dict_keys(['example_short_circuit_operator']) retrieved from /home/airflow/.local/lib/python3.7/site-packages/airflow/example_dags/example_short_circuit_operator.py
[2022-05-24 21:20:06,931] {logging_mixin.py:115} INFO - [2022-05-24 21:20:06,931] {dag.py:2371} INFO - Sync 1 DAGs
[2022-05-24 21:20:07,056] {logging_mixin.py:115} INFO - [2022-05-24 21:20:07,056] {dag.py:2919} INFO - Setting next_dagrun for example_short_circuit_operator to 2022-05-23T21:20:07.056578+00:00, run_after=2022-05-24T21:20:07.056578+00:00
[2022-05-24 21:20:07,063] {processor.py:161} INFO - Processing /home/airflow/.local/lib/python3.7/site-packages/airflow/example_dags/example_short_circuit_operator.py took 0.170 seconds
[2022-05-24 21:20:37,555] {processor.py:153} INFO - Started process (PID=920) to work on /home/airflow/.local/lib/python3.7/site-packages/airflow/example_dags/example_short_circuit_operator.py
[2022-05-24 21:20:37,557] {processor.py:641} INFO - Processing file /home/airflow/.local/lib/python3.7/site-packages/airflow/example_dags/example_short_circuit_operator.py for tasks to queue
[2022-05-24 21:20:37,558] {logging_mixin.py:115} INFO - [2022-05-24 21:20:37,558] {dagbag.py:507} INFO - Filling up the DagBag from /home/airflow/.local/lib/python3.7/site-packages/airflow/example_dags/example_short_circuit_operator.py
[2022-05-24 21:20:37,564] {processor.py:651} INFO - DAG(s) dict_keys(['example_short_circuit_operator']) retrieved from /home/airflow/.local/lib/python3.7/site-packages/airflow/example_dags/example_short_circuit_operator.py
[2022-05-24 21:20:37,580] {logging_mixin.py:115} INFO - [2022-05-24 21:20:37,580] {dag.py:2371} INFO - Sync 1 DAGs
[2022-05-24 21:20:37,675] {logging_mixin.py:115} INFO - [2022-05-24 21:20:37,675] {dag.py:2919} INFO - Setting next_dagrun for example_short_circuit_operator to 2022-05-23T21:20:37.675688+00:00, run_after=2022-05-24T21:20:37.675688+00:00
[2022-05-24 21:20:37,683] {processor.py:161} INFO - Processing /home/airflow/.local/lib/python3.7/site-packages/airflow/example_dags/example_short_circuit_operator.py took 0.130 seconds
[2022-05-24 21:21:08,117] {processor.py:153} INFO - Started process (PID=988) to work on /home/airflow/.local/lib/python3.7/site-packages/airflow/example_dags/example_short_circuit_operator.py
[2022-05-24 21:21:08,119] {processor.py:641} INFO - Processing file /home/airflow/.local/lib/python3.7/site-packages/airflow/example_dags/example_short_circuit_operator.py for tasks to queue
[2022-05-24 21:21:08,121] {logging_mixin.py:115} INFO - [2022-05-24 21:21:08,121] {dagbag.py:507} INFO - Filling up the DagBag from /home/airflow/.local/lib/python3.7/site-packages/airflow/example_dags/example_short_circuit_operator.py
[2022-05-24 21:21:08,131] {processor.py:651} INFO - DAG(s) dict_keys(['example_short_circuit_operator']) retrieved from /home/airflow/.local/lib/python3.7/site-packages/airflow/example_dags/example_short_circuit_operator.py
[2022-05-24 21:21:08,150] {logging_mixin.py:115} INFO - [2022-05-24 21:21:08,150] {dag.py:2371} INFO - Sync 1 DAGs
[2022-05-24 21:21:08,252] {logging_mixin.py:115} INFO - [2022-05-24 21:21:08,252] {dag.py:2919} INFO - Setting next_dagrun for example_short_circuit_operator to 2022-05-23T21:21:08.252331+00:00, run_after=2022-05-24T21:21:08.252331+00:00
[2022-05-24 21:21:08,260] {processor.py:161} INFO - Processing /home/airflow/.local/lib/python3.7/site-packages/airflow/example_dags/example_short_circuit_operator.py took 0.145 seconds
[2022-05-24 21:21:38,709] {processor.py:153} INFO - Started process (PID=1054) to work on /home/airflow/.local/lib/python3.7/site-packages/airflow/example_dags/example_short_circuit_operator.py
[2022-05-24 21:21:38,710] {processor.py:641} INFO - Processing file /home/airflow/.local/lib/python3.7/site-packages/airflow/example_dags/example_short_circuit_operator.py for tasks to queue
[2022-05-24 21:21:38,711] {logging_mixin.py:115} INFO - [2022-05-24 21:21:38,711] {dagbag.py:507} INFO - Filling up the DagBag from /home/airflow/.local/lib/python3.7/site-packages/airflow/example_dags/example_short_circuit_operator.py
[2022-05-24 21:21:38,718] {processor.py:651} INFO - DAG(s) dict_keys(['example_short_circuit_operator']) retrieved from /home/airflow/.local/lib/python3.7/site-packages/airflow/example_dags/example_short_circuit_operator.py
[2022-05-24 21:21:38,742] {logging_mixin.py:115} INFO - [2022-05-24 21:21:38,742] {dag.py:2371} INFO - Sync 1 DAGs
[2022-05-24 21:21:38,851] {logging_mixin.py:115} INFO - [2022-05-24 21:21:38,851] {dag.py:2919} INFO - Setting next_dagrun for example_short_circuit_operator to 2022-05-23T21:21:38.851166+00:00, run_after=2022-05-24T21:21:38.851166+00:00
[2022-05-24 21:21:38,860] {processor.py:161} INFO - Processing /home/airflow/.local/lib/python3.7/site-packages/airflow/example_dags/example_short_circuit_operator.py took 0.153 seconds
[2022-05-24 21:22:10,161] {processor.py:153} INFO - Started process (PID=1128) to work on /home/airflow/.local/lib/python3.7/site-packages/airflow/example_dags/example_short_circuit_operator.py
[2022-05-24 21:22:10,172] {processor.py:641} INFO - Processing file /home/airflow/.local/lib/python3.7/site-packages/airflow/example_dags/example_short_circuit_operator.py for tasks to queue
[2022-05-24 21:22:10,179] {logging_mixin.py:115} INFO - [2022-05-24 21:22:10,179] {dagbag.py:507} INFO - Filling up the DagBag from /home/airflow/.local/lib/python3.7/site-packages/airflow/example_dags/example_short_circuit_operator.py
[2022-05-24 21:22:10,203] {processor.py:651} INFO - DAG(s) dict_keys(['example_short_circuit_operator']) retrieved from /home/airflow/.local/lib/python3.7/site-packages/airflow/example_dags/example_short_circuit_operator.py
[2022-05-24 21:22:10,284] {logging_mixin.py:115} INFO - [2022-05-24 21:22:10,283] {dag.py:2371} INFO - Sync 1 DAGs
[2022-05-24 21:22:10,621] {logging_mixin.py:115} INFO - [2022-05-24 21:22:10,621] {dag.py:2919} INFO - Setting next_dagrun for example_short_circuit_operator to 2022-05-23T21:22:10.618286+00:00, run_after=2022-05-24T21:22:10.618286+00:00
[2022-05-24 21:22:10,772] {processor.py:161} INFO - Processing /home/airflow/.local/lib/python3.7/site-packages/airflow/example_dags/example_short_circuit_operator.py took 0.630 seconds
