[2022-05-24 21:13:46,897] {processor.py:153} INFO - Started process (PID=48) to work on /home/airflow/.local/lib/python3.7/site-packages/airflow/example_dags/example_branch_labels.py
[2022-05-24 21:13:46,909] {processor.py:641} INFO - Processing file /home/airflow/.local/lib/python3.7/site-packages/airflow/example_dags/example_branch_labels.py for tasks to queue
[2022-05-24 21:13:46,915] {logging_mixin.py:115} INFO - [2022-05-24 21:13:46,915] {dagbag.py:507} INFO - Filling up the DagBag from /home/airflow/.local/lib/python3.7/site-packages/airflow/example_dags/example_branch_labels.py
[2022-05-24 21:13:46,965] {processor.py:651} INFO - DAG(s) dict_keys(['example_branch_labels']) retrieved from /home/airflow/.local/lib/python3.7/site-packages/airflow/example_dags/example_branch_labels.py
[2022-05-24 21:13:48,552] {logging_mixin.py:115} INFO - [2022-05-24 21:13:48,552] {manager.py:508} INFO - Created Permission View: can read on DAG:example_branch_labels
[2022-05-24 21:13:48,577] {logging_mixin.py:115} INFO - [2022-05-24 21:13:48,577] {manager.py:508} INFO - Created Permission View: can delete on DAG:example_branch_labels
[2022-05-24 21:13:48,597] {logging_mixin.py:115} INFO - [2022-05-24 21:13:48,597] {manager.py:508} INFO - Created Permission View: can edit on DAG:example_branch_labels
[2022-05-24 21:13:48,600] {logging_mixin.py:115} INFO - [2022-05-24 21:13:48,599] {dag.py:2371} INFO - Sync 1 DAGs
[2022-05-24 21:13:48,627] {logging_mixin.py:115} INFO - [2022-05-24 21:13:48,627] {dag.py:2390} INFO - Creating ORM DAG for example_branch_labels
[2022-05-24 21:13:48,675] {logging_mixin.py:115} INFO - [2022-05-24 21:13:48,674] {dag.py:2919} INFO - Setting next_dagrun for example_branch_labels to 2022-05-23T00:00:00+00:00, run_after=2022-05-24T00:00:00+00:00
[2022-05-24 21:13:48,725] {processor.py:161} INFO - Processing /home/airflow/.local/lib/python3.7/site-packages/airflow/example_dags/example_branch_labels.py took 1.832 seconds
[2022-05-24 21:14:19,816] {processor.py:153} INFO - Started process (PID=106) to work on /home/airflow/.local/lib/python3.7/site-packages/airflow/example_dags/example_branch_labels.py
[2022-05-24 21:14:19,820] {processor.py:641} INFO - Processing file /home/airflow/.local/lib/python3.7/site-packages/airflow/example_dags/example_branch_labels.py for tasks to queue
[2022-05-24 21:14:19,822] {logging_mixin.py:115} INFO - [2022-05-24 21:14:19,822] {dagbag.py:507} INFO - Filling up the DagBag from /home/airflow/.local/lib/python3.7/site-packages/airflow/example_dags/example_branch_labels.py
[2022-05-24 21:14:19,841] {processor.py:651} INFO - DAG(s) dict_keys(['example_branch_labels']) retrieved from /home/airflow/.local/lib/python3.7/site-packages/airflow/example_dags/example_branch_labels.py
[2022-05-24 21:14:19,886] {logging_mixin.py:115} INFO - [2022-05-24 21:14:19,886] {dag.py:2371} INFO - Sync 1 DAGs
[2022-05-24 21:14:19,916] {logging_mixin.py:115} INFO - [2022-05-24 21:14:19,916] {dag.py:2919} INFO - Setting next_dagrun for example_branch_labels to 2022-05-23T00:00:00+00:00, run_after=2022-05-24T00:00:00+00:00
[2022-05-24 21:14:19,933] {processor.py:161} INFO - Processing /home/airflow/.local/lib/python3.7/site-packages/airflow/example_dags/example_branch_labels.py took 0.123 seconds
[2022-05-24 21:14:50,333] {processor.py:153} INFO - Started process (PID=173) to work on /home/airflow/.local/lib/python3.7/site-packages/airflow/example_dags/example_branch_labels.py
[2022-05-24 21:14:50,335] {processor.py:641} INFO - Processing file /home/airflow/.local/lib/python3.7/site-packages/airflow/example_dags/example_branch_labels.py for tasks to queue
[2022-05-24 21:14:50,337] {logging_mixin.py:115} INFO - [2022-05-24 21:14:50,336] {dagbag.py:507} INFO - Filling up the DagBag from /home/airflow/.local/lib/python3.7/site-packages/airflow/example_dags/example_branch_labels.py
[2022-05-24 21:14:50,351] {processor.py:651} INFO - DAG(s) dict_keys(['example_branch_labels']) retrieved from /home/airflow/.local/lib/python3.7/site-packages/airflow/example_dags/example_branch_labels.py
[2022-05-24 21:14:50,402] {logging_mixin.py:115} INFO - [2022-05-24 21:14:50,402] {dag.py:2371} INFO - Sync 1 DAGs
[2022-05-24 21:14:50,425] {logging_mixin.py:115} INFO - [2022-05-24 21:14:50,425] {dag.py:2919} INFO - Setting next_dagrun for example_branch_labels to 2022-05-23T00:00:00+00:00, run_after=2022-05-24T00:00:00+00:00
[2022-05-24 21:14:50,438] {processor.py:161} INFO - Processing /home/airflow/.local/lib/python3.7/site-packages/airflow/example_dags/example_branch_labels.py took 0.110 seconds
[2022-05-24 21:15:20,674] {processor.py:153} INFO - Started process (PID=243) to work on /home/airflow/.local/lib/python3.7/site-packages/airflow/example_dags/example_branch_labels.py
[2022-05-24 21:15:20,677] {processor.py:641} INFO - Processing file /home/airflow/.local/lib/python3.7/site-packages/airflow/example_dags/example_branch_labels.py for tasks to queue
[2022-05-24 21:15:20,679] {logging_mixin.py:115} INFO - [2022-05-24 21:15:20,679] {dagbag.py:507} INFO - Filling up the DagBag from /home/airflow/.local/lib/python3.7/site-packages/airflow/example_dags/example_branch_labels.py
[2022-05-24 21:15:20,692] {processor.py:651} INFO - DAG(s) dict_keys(['example_branch_labels']) retrieved from /home/airflow/.local/lib/python3.7/site-packages/airflow/example_dags/example_branch_labels.py
[2022-05-24 21:15:20,731] {logging_mixin.py:115} INFO - [2022-05-24 21:15:20,731] {dag.py:2371} INFO - Sync 1 DAGs
[2022-05-24 21:15:20,769] {logging_mixin.py:115} INFO - [2022-05-24 21:15:20,769] {dag.py:2919} INFO - Setting next_dagrun for example_branch_labels to 2022-05-23T00:00:00+00:00, run_after=2022-05-24T00:00:00+00:00
[2022-05-24 21:15:20,779] {processor.py:161} INFO - Processing /home/airflow/.local/lib/python3.7/site-packages/airflow/example_dags/example_branch_labels.py took 0.117 seconds
[2022-05-24 21:15:51,051] {processor.py:153} INFO - Started process (PID=311) to work on /home/airflow/.local/lib/python3.7/site-packages/airflow/example_dags/example_branch_labels.py
[2022-05-24 21:15:51,053] {processor.py:641} INFO - Processing file /home/airflow/.local/lib/python3.7/site-packages/airflow/example_dags/example_branch_labels.py for tasks to queue
[2022-05-24 21:15:51,055] {logging_mixin.py:115} INFO - [2022-05-24 21:15:51,055] {dagbag.py:507} INFO - Filling up the DagBag from /home/airflow/.local/lib/python3.7/site-packages/airflow/example_dags/example_branch_labels.py
[2022-05-24 21:15:51,071] {processor.py:651} INFO - DAG(s) dict_keys(['example_branch_labels']) retrieved from /home/airflow/.local/lib/python3.7/site-packages/airflow/example_dags/example_branch_labels.py
[2022-05-24 21:15:51,116] {logging_mixin.py:115} INFO - [2022-05-24 21:15:51,116] {dag.py:2371} INFO - Sync 1 DAGs
[2022-05-24 21:15:51,152] {logging_mixin.py:115} INFO - [2022-05-24 21:15:51,151] {dag.py:2919} INFO - Setting next_dagrun for example_branch_labels to 2022-05-23T00:00:00+00:00, run_after=2022-05-24T00:00:00+00:00
[2022-05-24 21:15:51,174] {processor.py:161} INFO - Processing /home/airflow/.local/lib/python3.7/site-packages/airflow/example_dags/example_branch_labels.py took 0.129 seconds
[2022-05-24 21:16:21,320] {processor.py:153} INFO - Started process (PID=370) to work on /home/airflow/.local/lib/python3.7/site-packages/airflow/example_dags/example_branch_labels.py
[2022-05-24 21:16:21,323] {processor.py:641} INFO - Processing file /home/airflow/.local/lib/python3.7/site-packages/airflow/example_dags/example_branch_labels.py for tasks to queue
[2022-05-24 21:16:21,329] {logging_mixin.py:115} INFO - [2022-05-24 21:16:21,329] {dagbag.py:507} INFO - Filling up the DagBag from /home/airflow/.local/lib/python3.7/site-packages/airflow/example_dags/example_branch_labels.py
[2022-05-24 21:16:21,342] {processor.py:651} INFO - DAG(s) dict_keys(['example_branch_labels']) retrieved from /home/airflow/.local/lib/python3.7/site-packages/airflow/example_dags/example_branch_labels.py
[2022-05-24 21:16:21,401] {logging_mixin.py:115} INFO - [2022-05-24 21:16:21,400] {dag.py:2371} INFO - Sync 1 DAGs
[2022-05-24 21:16:21,431] {logging_mixin.py:115} INFO - [2022-05-24 21:16:21,431] {dag.py:2919} INFO - Setting next_dagrun for example_branch_labels to 2022-05-23T00:00:00+00:00, run_after=2022-05-24T00:00:00+00:00
[2022-05-24 21:16:21,465] {processor.py:161} INFO - Processing /home/airflow/.local/lib/python3.7/site-packages/airflow/example_dags/example_branch_labels.py took 0.151 seconds
[2022-05-24 21:16:51,636] {processor.py:153} INFO - Started process (PID=435) to work on /home/airflow/.local/lib/python3.7/site-packages/airflow/example_dags/example_branch_labels.py
[2022-05-24 21:16:51,642] {processor.py:641} INFO - Processing file /home/airflow/.local/lib/python3.7/site-packages/airflow/example_dags/example_branch_labels.py for tasks to queue
[2022-05-24 21:16:51,651] {logging_mixin.py:115} INFO - [2022-05-24 21:16:51,651] {dagbag.py:507} INFO - Filling up the DagBag from /home/airflow/.local/lib/python3.7/site-packages/airflow/example_dags/example_branch_labels.py
[2022-05-24 21:16:51,672] {processor.py:651} INFO - DAG(s) dict_keys(['example_branch_labels']) retrieved from /home/airflow/.local/lib/python3.7/site-packages/airflow/example_dags/example_branch_labels.py
[2022-05-24 21:16:51,744] {logging_mixin.py:115} INFO - [2022-05-24 21:16:51,744] {dag.py:2371} INFO - Sync 1 DAGs
[2022-05-24 21:16:51,772] {logging_mixin.py:115} INFO - [2022-05-24 21:16:51,771] {dag.py:2919} INFO - Setting next_dagrun for example_branch_labels to 2022-05-23T00:00:00+00:00, run_after=2022-05-24T00:00:00+00:00
[2022-05-24 21:16:51,790] {processor.py:161} INFO - Processing /home/airflow/.local/lib/python3.7/site-packages/airflow/example_dags/example_branch_labels.py took 0.164 seconds
[2022-05-24 21:17:22,274] {processor.py:153} INFO - Started process (PID=505) to work on /home/airflow/.local/lib/python3.7/site-packages/airflow/example_dags/example_branch_labels.py
[2022-05-24 21:17:22,276] {processor.py:641} INFO - Processing file /home/airflow/.local/lib/python3.7/site-packages/airflow/example_dags/example_branch_labels.py for tasks to queue
[2022-05-24 21:17:22,278] {logging_mixin.py:115} INFO - [2022-05-24 21:17:22,278] {dagbag.py:507} INFO - Filling up the DagBag from /home/airflow/.local/lib/python3.7/site-packages/airflow/example_dags/example_branch_labels.py
[2022-05-24 21:17:22,296] {processor.py:651} INFO - DAG(s) dict_keys(['example_branch_labels']) retrieved from /home/airflow/.local/lib/python3.7/site-packages/airflow/example_dags/example_branch_labels.py
[2022-05-24 21:17:22,344] {logging_mixin.py:115} INFO - [2022-05-24 21:17:22,344] {dag.py:2371} INFO - Sync 1 DAGs
[2022-05-24 21:17:22,366] {logging_mixin.py:115} INFO - [2022-05-24 21:17:22,366] {dag.py:2919} INFO - Setting next_dagrun for example_branch_labels to 2022-05-23T00:00:00+00:00, run_after=2022-05-24T00:00:00+00:00
[2022-05-24 21:17:22,377] {processor.py:161} INFO - Processing /home/airflow/.local/lib/python3.7/site-packages/airflow/example_dags/example_branch_labels.py took 0.108 seconds
[2022-05-24 21:17:52,439] {processor.py:153} INFO - Started process (PID=562) to work on /home/airflow/.local/lib/python3.7/site-packages/airflow/example_dags/example_branch_labels.py
[2022-05-24 21:17:52,442] {processor.py:641} INFO - Processing file /home/airflow/.local/lib/python3.7/site-packages/airflow/example_dags/example_branch_labels.py for tasks to queue
[2022-05-24 21:17:52,444] {logging_mixin.py:115} INFO - [2022-05-24 21:17:52,444] {dagbag.py:507} INFO - Filling up the DagBag from /home/airflow/.local/lib/python3.7/site-packages/airflow/example_dags/example_branch_labels.py
[2022-05-24 21:17:52,450] {processor.py:651} INFO - DAG(s) dict_keys(['example_branch_labels']) retrieved from /home/airflow/.local/lib/python3.7/site-packages/airflow/example_dags/example_branch_labels.py
[2022-05-24 21:17:52,476] {logging_mixin.py:115} INFO - [2022-05-24 21:17:52,476] {dag.py:2371} INFO - Sync 1 DAGs
[2022-05-24 21:17:52,496] {logging_mixin.py:115} INFO - [2022-05-24 21:17:52,495] {dag.py:2919} INFO - Setting next_dagrun for example_branch_labels to 2022-05-23T00:00:00+00:00, run_after=2022-05-24T00:00:00+00:00
[2022-05-24 21:17:52,504] {processor.py:161} INFO - Processing /home/airflow/.local/lib/python3.7/site-packages/airflow/example_dags/example_branch_labels.py took 0.068 seconds
[2022-05-24 21:18:22,586] {processor.py:153} INFO - Started process (PID=629) to work on /home/airflow/.local/lib/python3.7/site-packages/airflow/example_dags/example_branch_labels.py
[2022-05-24 21:18:22,590] {processor.py:641} INFO - Processing file /home/airflow/.local/lib/python3.7/site-packages/airflow/example_dags/example_branch_labels.py for tasks to queue
[2022-05-24 21:18:22,593] {logging_mixin.py:115} INFO - [2022-05-24 21:18:22,593] {dagbag.py:507} INFO - Filling up the DagBag from /home/airflow/.local/lib/python3.7/site-packages/airflow/example_dags/example_branch_labels.py
[2022-05-24 21:18:22,602] {processor.py:651} INFO - DAG(s) dict_keys(['example_branch_labels']) retrieved from /home/airflow/.local/lib/python3.7/site-packages/airflow/example_dags/example_branch_labels.py
[2022-05-24 21:18:22,642] {logging_mixin.py:115} INFO - [2022-05-24 21:18:22,642] {dag.py:2371} INFO - Sync 1 DAGs
[2022-05-24 21:18:22,662] {logging_mixin.py:115} INFO - [2022-05-24 21:18:22,662] {dag.py:2919} INFO - Setting next_dagrun for example_branch_labels to 2022-05-23T00:00:00+00:00, run_after=2022-05-24T00:00:00+00:00
[2022-05-24 21:18:22,671] {processor.py:161} INFO - Processing /home/airflow/.local/lib/python3.7/site-packages/airflow/example_dags/example_branch_labels.py took 0.090 seconds
[2022-05-24 21:18:53,398] {processor.py:153} INFO - Started process (PID=696) to work on /home/airflow/.local/lib/python3.7/site-packages/airflow/example_dags/example_branch_labels.py
[2022-05-24 21:18:53,405] {processor.py:641} INFO - Processing file /home/airflow/.local/lib/python3.7/site-packages/airflow/example_dags/example_branch_labels.py for tasks to queue
[2022-05-24 21:18:53,407] {logging_mixin.py:115} INFO - [2022-05-24 21:18:53,407] {dagbag.py:507} INFO - Filling up the DagBag from /home/airflow/.local/lib/python3.7/site-packages/airflow/example_dags/example_branch_labels.py
[2022-05-24 21:18:53,415] {processor.py:651} INFO - DAG(s) dict_keys(['example_branch_labels']) retrieved from /home/airflow/.local/lib/python3.7/site-packages/airflow/example_dags/example_branch_labels.py
[2022-05-24 21:18:53,462] {logging_mixin.py:115} INFO - [2022-05-24 21:18:53,462] {dag.py:2371} INFO - Sync 1 DAGs
[2022-05-24 21:18:53,934] {logging_mixin.py:115} INFO - [2022-05-24 21:18:53,933] {dag.py:2919} INFO - Setting next_dagrun for example_branch_labels to 2022-05-23T00:00:00+00:00, run_after=2022-05-24T00:00:00+00:00
[2022-05-24 21:18:53,954] {processor.py:161} INFO - Processing /home/airflow/.local/lib/python3.7/site-packages/airflow/example_dags/example_branch_labels.py took 0.559 seconds
[2022-05-24 21:19:24,120] {processor.py:153} INFO - Started process (PID=766) to work on /home/airflow/.local/lib/python3.7/site-packages/airflow/example_dags/example_branch_labels.py
[2022-05-24 21:19:24,123] {processor.py:641} INFO - Processing file /home/airflow/.local/lib/python3.7/site-packages/airflow/example_dags/example_branch_labels.py for tasks to queue
[2022-05-24 21:19:24,124] {logging_mixin.py:115} INFO - [2022-05-24 21:19:24,124] {dagbag.py:507} INFO - Filling up the DagBag from /home/airflow/.local/lib/python3.7/site-packages/airflow/example_dags/example_branch_labels.py
[2022-05-24 21:19:24,131] {processor.py:651} INFO - DAG(s) dict_keys(['example_branch_labels']) retrieved from /home/airflow/.local/lib/python3.7/site-packages/airflow/example_dags/example_branch_labels.py
[2022-05-24 21:19:24,152] {logging_mixin.py:115} INFO - [2022-05-24 21:19:24,152] {dag.py:2371} INFO - Sync 1 DAGs
[2022-05-24 21:19:24,253] {logging_mixin.py:115} INFO - [2022-05-24 21:19:24,253] {dag.py:2919} INFO - Setting next_dagrun for example_branch_labels to 2022-05-23T00:00:00+00:00, run_after=2022-05-24T00:00:00+00:00
[2022-05-24 21:19:24,260] {processor.py:161} INFO - Processing /home/airflow/.local/lib/python3.7/site-packages/airflow/example_dags/example_branch_labels.py took 0.144 seconds
[2022-05-24 21:19:55,129] {processor.py:153} INFO - Started process (PID=825) to work on /home/airflow/.local/lib/python3.7/site-packages/airflow/example_dags/example_branch_labels.py
[2022-05-24 21:19:55,132] {processor.py:641} INFO - Processing file /home/airflow/.local/lib/python3.7/site-packages/airflow/example_dags/example_branch_labels.py for tasks to queue
[2022-05-24 21:19:55,134] {logging_mixin.py:115} INFO - [2022-05-24 21:19:55,134] {dagbag.py:507} INFO - Filling up the DagBag from /home/airflow/.local/lib/python3.7/site-packages/airflow/example_dags/example_branch_labels.py
[2022-05-24 21:19:55,144] {processor.py:651} INFO - DAG(s) dict_keys(['example_branch_labels']) retrieved from /home/airflow/.local/lib/python3.7/site-packages/airflow/example_dags/example_branch_labels.py
[2022-05-24 21:19:55,180] {logging_mixin.py:115} INFO - [2022-05-24 21:19:55,179] {dag.py:2371} INFO - Sync 1 DAGs
[2022-05-24 21:19:55,285] {logging_mixin.py:115} INFO - [2022-05-24 21:19:55,285] {dag.py:2919} INFO - Setting next_dagrun for example_branch_labels to 2022-05-23T00:00:00+00:00, run_after=2022-05-24T00:00:00+00:00
[2022-05-24 21:19:55,296] {processor.py:161} INFO - Processing /home/airflow/.local/lib/python3.7/site-packages/airflow/example_dags/example_branch_labels.py took 0.173 seconds
[2022-05-24 21:20:25,898] {processor.py:153} INFO - Started process (PID=895) to work on /home/airflow/.local/lib/python3.7/site-packages/airflow/example_dags/example_branch_labels.py
[2022-05-24 21:20:25,899] {processor.py:641} INFO - Processing file /home/airflow/.local/lib/python3.7/site-packages/airflow/example_dags/example_branch_labels.py for tasks to queue
[2022-05-24 21:20:25,900] {logging_mixin.py:115} INFO - [2022-05-24 21:20:25,900] {dagbag.py:507} INFO - Filling up the DagBag from /home/airflow/.local/lib/python3.7/site-packages/airflow/example_dags/example_branch_labels.py
[2022-05-24 21:20:25,905] {processor.py:651} INFO - DAG(s) dict_keys(['example_branch_labels']) retrieved from /home/airflow/.local/lib/python3.7/site-packages/airflow/example_dags/example_branch_labels.py
[2022-05-24 21:20:25,924] {logging_mixin.py:115} INFO - [2022-05-24 21:20:25,924] {dag.py:2371} INFO - Sync 1 DAGs
[2022-05-24 21:20:26,022] {logging_mixin.py:115} INFO - [2022-05-24 21:20:26,022] {dag.py:2919} INFO - Setting next_dagrun for example_branch_labels to 2022-05-23T00:00:00+00:00, run_after=2022-05-24T00:00:00+00:00
[2022-05-24 21:20:26,029] {processor.py:161} INFO - Processing /home/airflow/.local/lib/python3.7/site-packages/airflow/example_dags/example_branch_labels.py took 0.134 seconds
[2022-05-24 21:20:56,288] {processor.py:153} INFO - Started process (PID=965) to work on /home/airflow/.local/lib/python3.7/site-packages/airflow/example_dags/example_branch_labels.py
[2022-05-24 21:20:56,291] {processor.py:641} INFO - Processing file /home/airflow/.local/lib/python3.7/site-packages/airflow/example_dags/example_branch_labels.py for tasks to queue
[2022-05-24 21:20:56,294] {logging_mixin.py:115} INFO - [2022-05-24 21:20:56,294] {dagbag.py:507} INFO - Filling up the DagBag from /home/airflow/.local/lib/python3.7/site-packages/airflow/example_dags/example_branch_labels.py
[2022-05-24 21:20:56,303] {processor.py:651} INFO - DAG(s) dict_keys(['example_branch_labels']) retrieved from /home/airflow/.local/lib/python3.7/site-packages/airflow/example_dags/example_branch_labels.py
[2022-05-24 21:20:56,326] {logging_mixin.py:115} INFO - [2022-05-24 21:20:56,326] {dag.py:2371} INFO - Sync 1 DAGs
[2022-05-24 21:20:56,416] {logging_mixin.py:115} INFO - [2022-05-24 21:20:56,416] {dag.py:2919} INFO - Setting next_dagrun for example_branch_labels to 2022-05-23T00:00:00+00:00, run_after=2022-05-24T00:00:00+00:00
[2022-05-24 21:20:56,423] {processor.py:161} INFO - Processing /home/airflow/.local/lib/python3.7/site-packages/airflow/example_dags/example_branch_labels.py took 0.141 seconds
[2022-05-24 21:21:26,714] {processor.py:153} INFO - Started process (PID=1031) to work on /home/airflow/.local/lib/python3.7/site-packages/airflow/example_dags/example_branch_labels.py
[2022-05-24 21:21:26,717] {processor.py:641} INFO - Processing file /home/airflow/.local/lib/python3.7/site-packages/airflow/example_dags/example_branch_labels.py for tasks to queue
[2022-05-24 21:21:26,720] {logging_mixin.py:115} INFO - [2022-05-24 21:21:26,720] {dagbag.py:507} INFO - Filling up the DagBag from /home/airflow/.local/lib/python3.7/site-packages/airflow/example_dags/example_branch_labels.py
[2022-05-24 21:21:26,730] {processor.py:651} INFO - DAG(s) dict_keys(['example_branch_labels']) retrieved from /home/airflow/.local/lib/python3.7/site-packages/airflow/example_dags/example_branch_labels.py
[2022-05-24 21:21:26,755] {logging_mixin.py:115} INFO - [2022-05-24 21:21:26,755] {dag.py:2371} INFO - Sync 1 DAGs
[2022-05-24 21:21:26,843] {logging_mixin.py:115} INFO - [2022-05-24 21:21:26,843] {dag.py:2919} INFO - Setting next_dagrun for example_branch_labels to 2022-05-23T00:00:00+00:00, run_after=2022-05-24T00:00:00+00:00
[2022-05-24 21:21:26,849] {processor.py:161} INFO - Processing /home/airflow/.local/lib/python3.7/site-packages/airflow/example_dags/example_branch_labels.py took 0.142 seconds
[2022-05-24 21:21:57,546] {processor.py:153} INFO - Started process (PID=1089) to work on /home/airflow/.local/lib/python3.7/site-packages/airflow/example_dags/example_branch_labels.py
[2022-05-24 21:21:57,549] {processor.py:641} INFO - Processing file /home/airflow/.local/lib/python3.7/site-packages/airflow/example_dags/example_branch_labels.py for tasks to queue
[2022-05-24 21:21:57,552] {logging_mixin.py:115} INFO - [2022-05-24 21:21:57,552] {dagbag.py:507} INFO - Filling up the DagBag from /home/airflow/.local/lib/python3.7/site-packages/airflow/example_dags/example_branch_labels.py
[2022-05-24 21:21:57,561] {processor.py:651} INFO - DAG(s) dict_keys(['example_branch_labels']) retrieved from /home/airflow/.local/lib/python3.7/site-packages/airflow/example_dags/example_branch_labels.py
[2022-05-24 21:21:57,588] {logging_mixin.py:115} INFO - [2022-05-24 21:21:57,588] {dag.py:2371} INFO - Sync 1 DAGs
[2022-05-24 21:21:57,691] {logging_mixin.py:115} INFO - [2022-05-24 21:21:57,691] {dag.py:2919} INFO - Setting next_dagrun for example_branch_labels to 2022-05-23T00:00:00+00:00, run_after=2022-05-24T00:00:00+00:00
[2022-05-24 21:21:57,697] {processor.py:161} INFO - Processing /home/airflow/.local/lib/python3.7/site-packages/airflow/example_dags/example_branch_labels.py took 0.157 seconds
[2022-05-24 21:22:28,602] {processor.py:153} INFO - Started process (PID=1162) to work on /home/airflow/.local/lib/python3.7/site-packages/airflow/example_dags/example_branch_labels.py
[2022-05-24 21:22:28,618] {processor.py:641} INFO - Processing file /home/airflow/.local/lib/python3.7/site-packages/airflow/example_dags/example_branch_labels.py for tasks to queue
[2022-05-24 21:22:28,626] {logging_mixin.py:115} INFO - [2022-05-24 21:22:28,625] {dagbag.py:507} INFO - Filling up the DagBag from /home/airflow/.local/lib/python3.7/site-packages/airflow/example_dags/example_branch_labels.py
[2022-05-24 21:22:28,662] {processor.py:651} INFO - DAG(s) dict_keys(['example_branch_labels']) retrieved from /home/airflow/.local/lib/python3.7/site-packages/airflow/example_dags/example_branch_labels.py
[2022-05-24 21:22:28,713] {logging_mixin.py:115} INFO - [2022-05-24 21:22:28,713] {dag.py:2371} INFO - Sync 1 DAGs
[2022-05-24 21:22:29,191] {logging_mixin.py:115} INFO - [2022-05-24 21:22:29,191] {dag.py:2919} INFO - Setting next_dagrun for example_branch_labels to 2022-05-23T00:00:00+00:00, run_after=2022-05-24T00:00:00+00:00
[2022-05-24 21:22:29,221] {processor.py:161} INFO - Processing /home/airflow/.local/lib/python3.7/site-packages/airflow/example_dags/example_branch_labels.py took 0.626 seconds
