[2022-05-24 21:14:00,895] {processor.py:153} INFO - Started process (PID=84) to work on /home/airflow/.local/lib/python3.7/site-packages/airflow/example_dags/example_branch_python_dop_operator_3.py
[2022-05-24 21:14:00,897] {processor.py:641} INFO - Processing file /home/airflow/.local/lib/python3.7/site-packages/airflow/example_dags/example_branch_python_dop_operator_3.py for tasks to queue
[2022-05-24 21:14:00,898] {logging_mixin.py:115} INFO - [2022-05-24 21:14:00,898] {dagbag.py:507} INFO - Filling up the DagBag from /home/airflow/.local/lib/python3.7/site-packages/airflow/example_dags/example_branch_python_dop_operator_3.py
[2022-05-24 21:14:00,908] {processor.py:651} INFO - DAG(s) dict_keys(['example_branch_dop_operator_v3']) retrieved from /home/airflow/.local/lib/python3.7/site-packages/airflow/example_dags/example_branch_python_dop_operator_3.py
[2022-05-24 21:14:01,075] {logging_mixin.py:115} INFO - [2022-05-24 21:14:01,074] {manager.py:508} INFO - Created Permission View: can read on DAG:example_branch_dop_operator_v3
[2022-05-24 21:14:01,082] {logging_mixin.py:115} INFO - [2022-05-24 21:14:01,082] {manager.py:508} INFO - Created Permission View: can delete on DAG:example_branch_dop_operator_v3
[2022-05-24 21:14:01,087] {logging_mixin.py:115} INFO - [2022-05-24 21:14:01,087] {manager.py:508} INFO - Created Permission View: can edit on DAG:example_branch_dop_operator_v3
[2022-05-24 21:14:01,088] {logging_mixin.py:115} INFO - [2022-05-24 21:14:01,088] {dag.py:2371} INFO - Sync 1 DAGs
[2022-05-24 21:14:01,099] {logging_mixin.py:115} INFO - [2022-05-24 21:14:01,099] {dag.py:2390} INFO - Creating ORM DAG for example_branch_dop_operator_v3
[2022-05-24 21:14:01,122] {logging_mixin.py:115} INFO - [2022-05-24 21:14:01,122] {dag.py:2919} INFO - Setting next_dagrun for example_branch_dop_operator_v3 to 2022-05-24T21:13:00+00:00, run_after=2022-05-24T21:14:00+00:00
[2022-05-24 21:14:01,149] {processor.py:161} INFO - Processing /home/airflow/.local/lib/python3.7/site-packages/airflow/example_dags/example_branch_python_dop_operator_3.py took 0.259 seconds
[2022-05-24 21:14:31,825] {processor.py:153} INFO - Started process (PID=143) to work on /home/airflow/.local/lib/python3.7/site-packages/airflow/example_dags/example_branch_python_dop_operator_3.py
[2022-05-24 21:14:31,829] {processor.py:641} INFO - Processing file /home/airflow/.local/lib/python3.7/site-packages/airflow/example_dags/example_branch_python_dop_operator_3.py for tasks to queue
[2022-05-24 21:14:31,831] {logging_mixin.py:115} INFO - [2022-05-24 21:14:31,831] {dagbag.py:507} INFO - Filling up the DagBag from /home/airflow/.local/lib/python3.7/site-packages/airflow/example_dags/example_branch_python_dop_operator_3.py
[2022-05-24 21:14:31,849] {processor.py:651} INFO - DAG(s) dict_keys(['example_branch_dop_operator_v3']) retrieved from /home/airflow/.local/lib/python3.7/site-packages/airflow/example_dags/example_branch_python_dop_operator_3.py
[2022-05-24 21:14:31,883] {logging_mixin.py:115} INFO - [2022-05-24 21:14:31,882] {dag.py:2371} INFO - Sync 1 DAGs
[2022-05-24 21:14:31,906] {logging_mixin.py:115} INFO - [2022-05-24 21:14:31,906] {dag.py:2919} INFO - Setting next_dagrun for example_branch_dop_operator_v3 to 2022-05-24T21:13:00+00:00, run_after=2022-05-24T21:14:00+00:00
[2022-05-24 21:14:32,034] {processor.py:161} INFO - Processing /home/airflow/.local/lib/python3.7/site-packages/airflow/example_dags/example_branch_python_dop_operator_3.py took 0.215 seconds
[2022-05-24 21:15:02,779] {processor.py:153} INFO - Started process (PID=211) to work on /home/airflow/.local/lib/python3.7/site-packages/airflow/example_dags/example_branch_python_dop_operator_3.py
[2022-05-24 21:15:02,781] {processor.py:641} INFO - Processing file /home/airflow/.local/lib/python3.7/site-packages/airflow/example_dags/example_branch_python_dop_operator_3.py for tasks to queue
[2022-05-24 21:15:02,785] {logging_mixin.py:115} INFO - [2022-05-24 21:15:02,785] {dagbag.py:507} INFO - Filling up the DagBag from /home/airflow/.local/lib/python3.7/site-packages/airflow/example_dags/example_branch_python_dop_operator_3.py
[2022-05-24 21:15:02,795] {processor.py:651} INFO - DAG(s) dict_keys(['example_branch_dop_operator_v3']) retrieved from /home/airflow/.local/lib/python3.7/site-packages/airflow/example_dags/example_branch_python_dop_operator_3.py
[2022-05-24 21:15:02,825] {logging_mixin.py:115} INFO - [2022-05-24 21:15:02,825] {dag.py:2371} INFO - Sync 1 DAGs
[2022-05-24 21:15:02,852] {logging_mixin.py:115} INFO - [2022-05-24 21:15:02,852] {dag.py:2919} INFO - Setting next_dagrun for example_branch_dop_operator_v3 to 2022-05-24T21:14:00+00:00, run_after=2022-05-24T21:15:00+00:00
[2022-05-24 21:15:02,972] {processor.py:161} INFO - Processing /home/airflow/.local/lib/python3.7/site-packages/airflow/example_dags/example_branch_python_dop_operator_3.py took 0.195 seconds
[2022-05-24 21:15:33,592] {processor.py:153} INFO - Started process (PID=281) to work on /home/airflow/.local/lib/python3.7/site-packages/airflow/example_dags/example_branch_python_dop_operator_3.py
[2022-05-24 21:15:33,598] {processor.py:641} INFO - Processing file /home/airflow/.local/lib/python3.7/site-packages/airflow/example_dags/example_branch_python_dop_operator_3.py for tasks to queue
[2022-05-24 21:15:33,600] {logging_mixin.py:115} INFO - [2022-05-24 21:15:33,600] {dagbag.py:507} INFO - Filling up the DagBag from /home/airflow/.local/lib/python3.7/site-packages/airflow/example_dags/example_branch_python_dop_operator_3.py
[2022-05-24 21:15:33,617] {processor.py:651} INFO - DAG(s) dict_keys(['example_branch_dop_operator_v3']) retrieved from /home/airflow/.local/lib/python3.7/site-packages/airflow/example_dags/example_branch_python_dop_operator_3.py
[2022-05-24 21:15:33,660] {logging_mixin.py:115} INFO - [2022-05-24 21:15:33,660] {dag.py:2371} INFO - Sync 1 DAGs
[2022-05-24 21:15:33,707] {logging_mixin.py:115} INFO - [2022-05-24 21:15:33,707] {dag.py:2919} INFO - Setting next_dagrun for example_branch_dop_operator_v3 to 2022-05-24T21:14:00+00:00, run_after=2022-05-24T21:15:00+00:00
[2022-05-24 21:15:34,042] {processor.py:161} INFO - Processing /home/airflow/.local/lib/python3.7/site-packages/airflow/example_dags/example_branch_python_dop_operator_3.py took 0.457 seconds
[2022-05-24 21:16:04,525] {processor.py:153} INFO - Started process (PID=350) to work on /home/airflow/.local/lib/python3.7/site-packages/airflow/example_dags/example_branch_python_dop_operator_3.py
[2022-05-24 21:16:04,527] {processor.py:641} INFO - Processing file /home/airflow/.local/lib/python3.7/site-packages/airflow/example_dags/example_branch_python_dop_operator_3.py for tasks to queue
[2022-05-24 21:16:04,528] {logging_mixin.py:115} INFO - [2022-05-24 21:16:04,528] {dagbag.py:507} INFO - Filling up the DagBag from /home/airflow/.local/lib/python3.7/site-packages/airflow/example_dags/example_branch_python_dop_operator_3.py
[2022-05-24 21:16:04,539] {processor.py:651} INFO - DAG(s) dict_keys(['example_branch_dop_operator_v3']) retrieved from /home/airflow/.local/lib/python3.7/site-packages/airflow/example_dags/example_branch_python_dop_operator_3.py
[2022-05-24 21:16:04,579] {logging_mixin.py:115} INFO - [2022-05-24 21:16:04,579] {dag.py:2371} INFO - Sync 1 DAGs
[2022-05-24 21:16:04,613] {logging_mixin.py:115} INFO - [2022-05-24 21:16:04,613] {dag.py:2919} INFO - Setting next_dagrun for example_branch_dop_operator_v3 to 2022-05-24T21:15:00+00:00, run_after=2022-05-24T21:16:00+00:00
[2022-05-24 21:16:04,737] {processor.py:161} INFO - Processing /home/airflow/.local/lib/python3.7/site-packages/airflow/example_dags/example_branch_python_dop_operator_3.py took 0.213 seconds
[2022-05-24 21:16:35,475] {processor.py:153} INFO - Started process (PID=415) to work on /home/airflow/.local/lib/python3.7/site-packages/airflow/example_dags/example_branch_python_dop_operator_3.py
[2022-05-24 21:16:35,477] {processor.py:641} INFO - Processing file /home/airflow/.local/lib/python3.7/site-packages/airflow/example_dags/example_branch_python_dop_operator_3.py for tasks to queue
[2022-05-24 21:16:35,479] {logging_mixin.py:115} INFO - [2022-05-24 21:16:35,479] {dagbag.py:507} INFO - Filling up the DagBag from /home/airflow/.local/lib/python3.7/site-packages/airflow/example_dags/example_branch_python_dop_operator_3.py
[2022-05-24 21:16:35,487] {processor.py:651} INFO - DAG(s) dict_keys(['example_branch_dop_operator_v3']) retrieved from /home/airflow/.local/lib/python3.7/site-packages/airflow/example_dags/example_branch_python_dop_operator_3.py
[2022-05-24 21:16:35,508] {logging_mixin.py:115} INFO - [2022-05-24 21:16:35,507] {dag.py:2371} INFO - Sync 1 DAGs
[2022-05-24 21:16:35,530] {logging_mixin.py:115} INFO - [2022-05-24 21:16:35,530] {dag.py:2919} INFO - Setting next_dagrun for example_branch_dop_operator_v3 to 2022-05-24T21:15:00+00:00, run_after=2022-05-24T21:16:00+00:00
[2022-05-24 21:16:35,654] {processor.py:161} INFO - Processing /home/airflow/.local/lib/python3.7/site-packages/airflow/example_dags/example_branch_python_dop_operator_3.py took 0.182 seconds
[2022-05-24 21:17:06,353] {processor.py:153} INFO - Started process (PID=472) to work on /home/airflow/.local/lib/python3.7/site-packages/airflow/example_dags/example_branch_python_dop_operator_3.py
[2022-05-24 21:17:06,355] {processor.py:641} INFO - Processing file /home/airflow/.local/lib/python3.7/site-packages/airflow/example_dags/example_branch_python_dop_operator_3.py for tasks to queue
[2022-05-24 21:17:06,356] {logging_mixin.py:115} INFO - [2022-05-24 21:17:06,356] {dagbag.py:507} INFO - Filling up the DagBag from /home/airflow/.local/lib/python3.7/site-packages/airflow/example_dags/example_branch_python_dop_operator_3.py
[2022-05-24 21:17:06,363] {processor.py:651} INFO - DAG(s) dict_keys(['example_branch_dop_operator_v3']) retrieved from /home/airflow/.local/lib/python3.7/site-packages/airflow/example_dags/example_branch_python_dop_operator_3.py
[2022-05-24 21:17:06,383] {logging_mixin.py:115} INFO - [2022-05-24 21:17:06,383] {dag.py:2371} INFO - Sync 1 DAGs
[2022-05-24 21:17:06,403] {logging_mixin.py:115} INFO - [2022-05-24 21:17:06,403] {dag.py:2919} INFO - Setting next_dagrun for example_branch_dop_operator_v3 to 2022-05-24T21:16:00+00:00, run_after=2022-05-24T21:17:00+00:00
[2022-05-24 21:17:06,500] {processor.py:161} INFO - Processing /home/airflow/.local/lib/python3.7/site-packages/airflow/example_dags/example_branch_python_dop_operator_3.py took 0.150 seconds
[2022-05-24 21:17:36,893] {processor.py:153} INFO - Started process (PID=542) to work on /home/airflow/.local/lib/python3.7/site-packages/airflow/example_dags/example_branch_python_dop_operator_3.py
[2022-05-24 21:17:36,895] {processor.py:641} INFO - Processing file /home/airflow/.local/lib/python3.7/site-packages/airflow/example_dags/example_branch_python_dop_operator_3.py for tasks to queue
[2022-05-24 21:17:36,896] {logging_mixin.py:115} INFO - [2022-05-24 21:17:36,896] {dagbag.py:507} INFO - Filling up the DagBag from /home/airflow/.local/lib/python3.7/site-packages/airflow/example_dags/example_branch_python_dop_operator_3.py
[2022-05-24 21:17:36,902] {processor.py:651} INFO - DAG(s) dict_keys(['example_branch_dop_operator_v3']) retrieved from /home/airflow/.local/lib/python3.7/site-packages/airflow/example_dags/example_branch_python_dop_operator_3.py
[2022-05-24 21:17:36,921] {logging_mixin.py:115} INFO - [2022-05-24 21:17:36,921] {dag.py:2371} INFO - Sync 1 DAGs
[2022-05-24 21:17:36,940] {logging_mixin.py:115} INFO - [2022-05-24 21:17:36,940] {dag.py:2919} INFO - Setting next_dagrun for example_branch_dop_operator_v3 to 2022-05-24T21:16:00+00:00, run_after=2022-05-24T21:17:00+00:00
[2022-05-24 21:17:37,030] {processor.py:161} INFO - Processing /home/airflow/.local/lib/python3.7/site-packages/airflow/example_dags/example_branch_python_dop_operator_3.py took 0.139 seconds
[2022-05-24 21:18:07,270] {processor.py:153} INFO - Started process (PID=608) to work on /home/airflow/.local/lib/python3.7/site-packages/airflow/example_dags/example_branch_python_dop_operator_3.py
[2022-05-24 21:18:07,271] {processor.py:641} INFO - Processing file /home/airflow/.local/lib/python3.7/site-packages/airflow/example_dags/example_branch_python_dop_operator_3.py for tasks to queue
[2022-05-24 21:18:07,273] {logging_mixin.py:115} INFO - [2022-05-24 21:18:07,273] {dagbag.py:507} INFO - Filling up the DagBag from /home/airflow/.local/lib/python3.7/site-packages/airflow/example_dags/example_branch_python_dop_operator_3.py
[2022-05-24 21:18:07,280] {processor.py:651} INFO - DAG(s) dict_keys(['example_branch_dop_operator_v3']) retrieved from /home/airflow/.local/lib/python3.7/site-packages/airflow/example_dags/example_branch_python_dop_operator_3.py
[2022-05-24 21:18:07,300] {logging_mixin.py:115} INFO - [2022-05-24 21:18:07,300] {dag.py:2371} INFO - Sync 1 DAGs
[2022-05-24 21:18:07,320] {logging_mixin.py:115} INFO - [2022-05-24 21:18:07,320] {dag.py:2919} INFO - Setting next_dagrun for example_branch_dop_operator_v3 to 2022-05-24T21:17:00+00:00, run_after=2022-05-24T21:18:00+00:00
[2022-05-24 21:18:07,424] {processor.py:161} INFO - Processing /home/airflow/.local/lib/python3.7/site-packages/airflow/example_dags/example_branch_python_dop_operator_3.py took 0.156 seconds
[2022-05-24 21:18:37,609] {processor.py:153} INFO - Started process (PID=667) to work on /home/airflow/.local/lib/python3.7/site-packages/airflow/example_dags/example_branch_python_dop_operator_3.py
[2022-05-24 21:18:37,610] {processor.py:641} INFO - Processing file /home/airflow/.local/lib/python3.7/site-packages/airflow/example_dags/example_branch_python_dop_operator_3.py for tasks to queue
[2022-05-24 21:18:37,611] {logging_mixin.py:115} INFO - [2022-05-24 21:18:37,611] {dagbag.py:507} INFO - Filling up the DagBag from /home/airflow/.local/lib/python3.7/site-packages/airflow/example_dags/example_branch_python_dop_operator_3.py
[2022-05-24 21:18:37,618] {processor.py:651} INFO - DAG(s) dict_keys(['example_branch_dop_operator_v3']) retrieved from /home/airflow/.local/lib/python3.7/site-packages/airflow/example_dags/example_branch_python_dop_operator_3.py
[2022-05-24 21:18:37,639] {logging_mixin.py:115} INFO - [2022-05-24 21:18:37,639] {dag.py:2371} INFO - Sync 1 DAGs
[2022-05-24 21:18:37,659] {logging_mixin.py:115} INFO - [2022-05-24 21:18:37,659] {dag.py:2919} INFO - Setting next_dagrun for example_branch_dop_operator_v3 to 2022-05-24T21:17:00+00:00, run_after=2022-05-24T21:18:00+00:00
[2022-05-24 21:18:37,763] {processor.py:161} INFO - Processing /home/airflow/.local/lib/python3.7/site-packages/airflow/example_dags/example_branch_python_dop_operator_3.py took 0.156 seconds
[2022-05-24 21:19:08,346] {processor.py:153} INFO - Started process (PID=733) to work on /home/airflow/.local/lib/python3.7/site-packages/airflow/example_dags/example_branch_python_dop_operator_3.py
[2022-05-24 21:19:08,348] {processor.py:641} INFO - Processing file /home/airflow/.local/lib/python3.7/site-packages/airflow/example_dags/example_branch_python_dop_operator_3.py for tasks to queue
[2022-05-24 21:19:08,349] {logging_mixin.py:115} INFO - [2022-05-24 21:19:08,349] {dagbag.py:507} INFO - Filling up the DagBag from /home/airflow/.local/lib/python3.7/site-packages/airflow/example_dags/example_branch_python_dop_operator_3.py
[2022-05-24 21:19:08,359] {processor.py:651} INFO - DAG(s) dict_keys(['example_branch_dop_operator_v3']) retrieved from /home/airflow/.local/lib/python3.7/site-packages/airflow/example_dags/example_branch_python_dop_operator_3.py
[2022-05-24 21:19:08,379] {logging_mixin.py:115} INFO - [2022-05-24 21:19:08,379] {dag.py:2371} INFO - Sync 1 DAGs
[2022-05-24 21:19:08,523] {logging_mixin.py:115} INFO - [2022-05-24 21:19:08,523] {dag.py:2919} INFO - Setting next_dagrun for example_branch_dop_operator_v3 to 2022-05-24T21:18:00+00:00, run_after=2022-05-24T21:19:00+00:00
[2022-05-24 21:19:08,534] {processor.py:161} INFO - Processing /home/airflow/.local/lib/python3.7/site-packages/airflow/example_dags/example_branch_python_dop_operator_3.py took 0.192 seconds
[2022-05-24 21:19:39,505] {processor.py:153} INFO - Started process (PID=802) to work on /home/airflow/.local/lib/python3.7/site-packages/airflow/example_dags/example_branch_python_dop_operator_3.py
[2022-05-24 21:19:39,507] {processor.py:641} INFO - Processing file /home/airflow/.local/lib/python3.7/site-packages/airflow/example_dags/example_branch_python_dop_operator_3.py for tasks to queue
[2022-05-24 21:19:39,509] {logging_mixin.py:115} INFO - [2022-05-24 21:19:39,509] {dagbag.py:507} INFO - Filling up the DagBag from /home/airflow/.local/lib/python3.7/site-packages/airflow/example_dags/example_branch_python_dop_operator_3.py
[2022-05-24 21:19:39,516] {processor.py:651} INFO - DAG(s) dict_keys(['example_branch_dop_operator_v3']) retrieved from /home/airflow/.local/lib/python3.7/site-packages/airflow/example_dags/example_branch_python_dop_operator_3.py
[2022-05-24 21:19:39,533] {logging_mixin.py:115} INFO - [2022-05-24 21:19:39,533] {dag.py:2371} INFO - Sync 1 DAGs
[2022-05-24 21:19:39,642] {logging_mixin.py:115} INFO - [2022-05-24 21:19:39,642] {dag.py:2919} INFO - Setting next_dagrun for example_branch_dop_operator_v3 to 2022-05-24T21:18:00+00:00, run_after=2022-05-24T21:19:00+00:00
[2022-05-24 21:19:39,650] {processor.py:161} INFO - Processing /home/airflow/.local/lib/python3.7/site-packages/airflow/example_dags/example_branch_python_dop_operator_3.py took 0.147 seconds
[2022-05-24 21:20:10,754] {processor.py:153} INFO - Started process (PID=873) to work on /home/airflow/.local/lib/python3.7/site-packages/airflow/example_dags/example_branch_python_dop_operator_3.py
[2022-05-24 21:20:10,758] {processor.py:641} INFO - Processing file /home/airflow/.local/lib/python3.7/site-packages/airflow/example_dags/example_branch_python_dop_operator_3.py for tasks to queue
[2022-05-24 21:20:10,759] {logging_mixin.py:115} INFO - [2022-05-24 21:20:10,759] {dagbag.py:507} INFO - Filling up the DagBag from /home/airflow/.local/lib/python3.7/site-packages/airflow/example_dags/example_branch_python_dop_operator_3.py
[2022-05-24 21:20:10,769] {processor.py:651} INFO - DAG(s) dict_keys(['example_branch_dop_operator_v3']) retrieved from /home/airflow/.local/lib/python3.7/site-packages/airflow/example_dags/example_branch_python_dop_operator_3.py
[2022-05-24 21:20:10,800] {logging_mixin.py:115} INFO - [2022-05-24 21:20:10,800] {dag.py:2371} INFO - Sync 1 DAGs
[2022-05-24 21:20:10,956] {logging_mixin.py:115} INFO - [2022-05-24 21:20:10,956] {dag.py:2919} INFO - Setting next_dagrun for example_branch_dop_operator_v3 to 2022-05-24T21:19:00+00:00, run_after=2022-05-24T21:20:00+00:00
[2022-05-24 21:20:10,965] {processor.py:161} INFO - Processing /home/airflow/.local/lib/python3.7/site-packages/airflow/example_dags/example_branch_python_dop_operator_3.py took 0.214 seconds
[2022-05-24 21:20:42,077] {processor.py:153} INFO - Started process (PID=944) to work on /home/airflow/.local/lib/python3.7/site-packages/airflow/example_dags/example_branch_python_dop_operator_3.py
[2022-05-24 21:20:42,078] {processor.py:641} INFO - Processing file /home/airflow/.local/lib/python3.7/site-packages/airflow/example_dags/example_branch_python_dop_operator_3.py for tasks to queue
[2022-05-24 21:20:42,079] {logging_mixin.py:115} INFO - [2022-05-24 21:20:42,079] {dagbag.py:507} INFO - Filling up the DagBag from /home/airflow/.local/lib/python3.7/site-packages/airflow/example_dags/example_branch_python_dop_operator_3.py
[2022-05-24 21:20:42,088] {processor.py:651} INFO - DAG(s) dict_keys(['example_branch_dop_operator_v3']) retrieved from /home/airflow/.local/lib/python3.7/site-packages/airflow/example_dags/example_branch_python_dop_operator_3.py
[2022-05-24 21:20:42,105] {logging_mixin.py:115} INFO - [2022-05-24 21:20:42,104] {dag.py:2371} INFO - Sync 1 DAGs
[2022-05-24 21:20:42,195] {logging_mixin.py:115} INFO - [2022-05-24 21:20:42,195] {dag.py:2919} INFO - Setting next_dagrun for example_branch_dop_operator_v3 to 2022-05-24T21:19:00+00:00, run_after=2022-05-24T21:20:00+00:00
[2022-05-24 21:20:42,201] {processor.py:161} INFO - Processing /home/airflow/.local/lib/python3.7/site-packages/airflow/example_dags/example_branch_python_dop_operator_3.py took 0.126 seconds
[2022-05-24 21:21:12,556] {processor.py:153} INFO - Started process (PID=1001) to work on /home/airflow/.local/lib/python3.7/site-packages/airflow/example_dags/example_branch_python_dop_operator_3.py
[2022-05-24 21:21:12,558] {processor.py:641} INFO - Processing file /home/airflow/.local/lib/python3.7/site-packages/airflow/example_dags/example_branch_python_dop_operator_3.py for tasks to queue
[2022-05-24 21:21:12,559] {logging_mixin.py:115} INFO - [2022-05-24 21:21:12,559] {dagbag.py:507} INFO - Filling up the DagBag from /home/airflow/.local/lib/python3.7/site-packages/airflow/example_dags/example_branch_python_dop_operator_3.py
[2022-05-24 21:21:12,571] {processor.py:651} INFO - DAG(s) dict_keys(['example_branch_dop_operator_v3']) retrieved from /home/airflow/.local/lib/python3.7/site-packages/airflow/example_dags/example_branch_python_dop_operator_3.py
[2022-05-24 21:21:12,591] {logging_mixin.py:115} INFO - [2022-05-24 21:21:12,590] {dag.py:2371} INFO - Sync 1 DAGs
[2022-05-24 21:21:12,711] {logging_mixin.py:115} INFO - [2022-05-24 21:21:12,711] {dag.py:2919} INFO - Setting next_dagrun for example_branch_dop_operator_v3 to 2022-05-24T21:20:00+00:00, run_after=2022-05-24T21:21:00+00:00
[2022-05-24 21:21:12,723] {processor.py:161} INFO - Processing /home/airflow/.local/lib/python3.7/site-packages/airflow/example_dags/example_branch_python_dop_operator_3.py took 0.169 seconds
[2022-05-24 21:21:43,309] {processor.py:153} INFO - Started process (PID=1067) to work on /home/airflow/.local/lib/python3.7/site-packages/airflow/example_dags/example_branch_python_dop_operator_3.py
[2022-05-24 21:21:43,310] {processor.py:641} INFO - Processing file /home/airflow/.local/lib/python3.7/site-packages/airflow/example_dags/example_branch_python_dop_operator_3.py for tasks to queue
[2022-05-24 21:21:43,312] {logging_mixin.py:115} INFO - [2022-05-24 21:21:43,312] {dagbag.py:507} INFO - Filling up the DagBag from /home/airflow/.local/lib/python3.7/site-packages/airflow/example_dags/example_branch_python_dop_operator_3.py
[2022-05-24 21:21:43,319] {processor.py:651} INFO - DAG(s) dict_keys(['example_branch_dop_operator_v3']) retrieved from /home/airflow/.local/lib/python3.7/site-packages/airflow/example_dags/example_branch_python_dop_operator_3.py
[2022-05-24 21:21:43,338] {logging_mixin.py:115} INFO - [2022-05-24 21:21:43,338] {dag.py:2371} INFO - Sync 1 DAGs
[2022-05-24 21:21:43,433] {logging_mixin.py:115} INFO - [2022-05-24 21:21:43,433] {dag.py:2919} INFO - Setting next_dagrun for example_branch_dop_operator_v3 to 2022-05-24T21:20:00+00:00, run_after=2022-05-24T21:21:00+00:00
[2022-05-24 21:21:43,442] {processor.py:161} INFO - Processing /home/airflow/.local/lib/python3.7/site-packages/airflow/example_dags/example_branch_python_dop_operator_3.py took 0.136 seconds
[2022-05-24 21:22:14,320] {processor.py:153} INFO - Started process (PID=1141) to work on /home/airflow/.local/lib/python3.7/site-packages/airflow/example_dags/example_branch_python_dop_operator_3.py
[2022-05-24 21:22:14,323] {processor.py:641} INFO - Processing file /home/airflow/.local/lib/python3.7/site-packages/airflow/example_dags/example_branch_python_dop_operator_3.py for tasks to queue
[2022-05-24 21:22:14,324] {logging_mixin.py:115} INFO - [2022-05-24 21:22:14,324] {dagbag.py:507} INFO - Filling up the DagBag from /home/airflow/.local/lib/python3.7/site-packages/airflow/example_dags/example_branch_python_dop_operator_3.py
[2022-05-24 21:22:14,336] {processor.py:651} INFO - DAG(s) dict_keys(['example_branch_dop_operator_v3']) retrieved from /home/airflow/.local/lib/python3.7/site-packages/airflow/example_dags/example_branch_python_dop_operator_3.py
[2022-05-24 21:22:14,355] {logging_mixin.py:115} INFO - [2022-05-24 21:22:14,355] {dag.py:2371} INFO - Sync 1 DAGs
[2022-05-24 21:22:14,449] {logging_mixin.py:115} INFO - [2022-05-24 21:22:14,449] {dag.py:2919} INFO - Setting next_dagrun for example_branch_dop_operator_v3 to 2022-05-24T21:21:00+00:00, run_after=2022-05-24T21:22:00+00:00
[2022-05-24 21:22:14,457] {processor.py:161} INFO - Processing /home/airflow/.local/lib/python3.7/site-packages/airflow/example_dags/example_branch_python_dop_operator_3.py took 0.140 seconds
