[2022-05-24 21:18:44,304] {processor.py:153} INFO - Started process (PID=682) to work on /opt/airflow/dags/airflow_functions.py
[2022-05-24 21:18:44,305] {processor.py:641} INFO - Processing file /opt/airflow/dags/airflow_functions.py for tasks to queue
[2022-05-24 21:18:44,306] {logging_mixin.py:115} INFO - [2022-05-24 21:18:44,306] {dagbag.py:507} INFO - Filling up the DagBag from /opt/airflow/dags/airflow_functions.py
[2022-05-24 21:18:44,776] {logging_mixin.py:115} INFO - [2022-05-24 21:18:44,772] {dagbag.py:320} ERROR - Failed to import: /opt/airflow/dags/airflow_functions.py
Traceback (most recent call last):
  File "/home/airflow/.local/lib/python3.7/site-packages/airflow/models/dagbag.py", line 317, in parse
    loader.exec_module(new_module)
  File "<frozen importlib._bootstrap_external>", line 728, in exec_module
  File "<frozen importlib._bootstrap>", line 219, in _call_with_frames_removed
  File "/opt/airflow/dags/airflow_functions.py", line 7, in <module>
    from flatten_json import flatten
ModuleNotFoundError: No module named 'flatten_json'
[2022-05-24 21:18:44,777] {processor.py:653} WARNING - No viable dags retrieved from /opt/airflow/dags/airflow_functions.py
[2022-05-24 21:18:44,802] {processor.py:161} INFO - Processing /opt/airflow/dags/airflow_functions.py took 0.501 seconds
[2022-05-24 21:19:15,099] {processor.py:153} INFO - Started process (PID=751) to work on /opt/airflow/dags/airflow_functions.py
[2022-05-24 21:19:15,102] {processor.py:641} INFO - Processing file /opt/airflow/dags/airflow_functions.py for tasks to queue
[2022-05-24 21:19:15,104] {logging_mixin.py:115} INFO - [2022-05-24 21:19:15,104] {dagbag.py:507} INFO - Filling up the DagBag from /opt/airflow/dags/airflow_functions.py
[2022-05-24 21:19:15,443] {logging_mixin.py:115} INFO - [2022-05-24 21:19:15,441] {dagbag.py:320} ERROR - Failed to import: /opt/airflow/dags/airflow_functions.py
Traceback (most recent call last):
  File "/home/airflow/.local/lib/python3.7/site-packages/airflow/models/dagbag.py", line 317, in parse
    loader.exec_module(new_module)
  File "<frozen importlib._bootstrap_external>", line 728, in exec_module
  File "<frozen importlib._bootstrap>", line 219, in _call_with_frames_removed
  File "/opt/airflow/dags/airflow_functions.py", line 7, in <module>
    from flatten_json import flatten
ModuleNotFoundError: No module named 'flatten_json'
[2022-05-24 21:19:15,446] {processor.py:653} WARNING - No viable dags retrieved from /opt/airflow/dags/airflow_functions.py
[2022-05-24 21:19:15,459] {processor.py:161} INFO - Processing /opt/airflow/dags/airflow_functions.py took 0.371 seconds
[2022-05-24 21:19:46,006] {processor.py:153} INFO - Started process (PID=821) to work on /opt/airflow/dags/airflow_functions.py
[2022-05-24 21:19:46,009] {processor.py:641} INFO - Processing file /opt/airflow/dags/airflow_functions.py for tasks to queue
[2022-05-24 21:19:46,011] {logging_mixin.py:115} INFO - [2022-05-24 21:19:46,011] {dagbag.py:507} INFO - Filling up the DagBag from /opt/airflow/dags/airflow_functions.py
[2022-05-24 21:19:46,562] {logging_mixin.py:115} INFO - [2022-05-24 21:19:46,556] {dagbag.py:320} ERROR - Failed to import: /opt/airflow/dags/airflow_functions.py
Traceback (most recent call last):
  File "/home/airflow/.local/lib/python3.7/site-packages/airflow/models/dagbag.py", line 317, in parse
    loader.exec_module(new_module)
  File "<frozen importlib._bootstrap_external>", line 728, in exec_module
  File "<frozen importlib._bootstrap>", line 219, in _call_with_frames_removed
  File "/opt/airflow/dags/airflow_functions.py", line 7, in <module>
    from flatten_json import flatten
ModuleNotFoundError: No module named 'flatten_json'
[2022-05-24 21:19:46,564] {processor.py:653} WARNING - No viable dags retrieved from /opt/airflow/dags/airflow_functions.py
[2022-05-24 21:19:46,591] {processor.py:161} INFO - Processing /opt/airflow/dags/airflow_functions.py took 0.590 seconds
[2022-05-24 21:20:17,361] {processor.py:153} INFO - Started process (PID=880) to work on /opt/airflow/dags/airflow_functions.py
[2022-05-24 21:20:17,364] {processor.py:641} INFO - Processing file /opt/airflow/dags/airflow_functions.py for tasks to queue
[2022-05-24 21:20:17,368] {logging_mixin.py:115} INFO - [2022-05-24 21:20:17,368] {dagbag.py:507} INFO - Filling up the DagBag from /opt/airflow/dags/airflow_functions.py
[2022-05-24 21:20:17,791] {logging_mixin.py:115} INFO - [2022-05-24 21:20:17,788] {dagbag.py:320} ERROR - Failed to import: /opt/airflow/dags/airflow_functions.py
Traceback (most recent call last):
  File "/home/airflow/.local/lib/python3.7/site-packages/airflow/models/dagbag.py", line 317, in parse
    loader.exec_module(new_module)
  File "<frozen importlib._bootstrap_external>", line 728, in exec_module
  File "<frozen importlib._bootstrap>", line 219, in _call_with_frames_removed
  File "/opt/airflow/dags/airflow_functions.py", line 7, in <module>
    from flatten_json import flatten
ModuleNotFoundError: No module named 'flatten_json'
[2022-05-24 21:20:17,793] {processor.py:653} WARNING - No viable dags retrieved from /opt/airflow/dags/airflow_functions.py
[2022-05-24 21:20:17,813] {processor.py:161} INFO - Processing /opt/airflow/dags/airflow_functions.py took 0.459 seconds
[2022-05-24 21:20:48,750] {processor.py:153} INFO - Started process (PID=951) to work on /opt/airflow/dags/airflow_functions.py
[2022-05-24 21:20:48,752] {processor.py:641} INFO - Processing file /opt/airflow/dags/airflow_functions.py for tasks to queue
[2022-05-24 21:20:48,754] {logging_mixin.py:115} INFO - [2022-05-24 21:20:48,754] {dagbag.py:507} INFO - Filling up the DagBag from /opt/airflow/dags/airflow_functions.py
[2022-05-24 21:20:49,142] {logging_mixin.py:115} INFO - [2022-05-24 21:20:49,139] {dagbag.py:320} ERROR - Failed to import: /opt/airflow/dags/airflow_functions.py
Traceback (most recent call last):
  File "/home/airflow/.local/lib/python3.7/site-packages/airflow/models/dagbag.py", line 317, in parse
    loader.exec_module(new_module)
  File "<frozen importlib._bootstrap_external>", line 728, in exec_module
  File "<frozen importlib._bootstrap>", line 219, in _call_with_frames_removed
  File "/opt/airflow/dags/airflow_functions.py", line 7, in <module>
    from flatten_json import flatten
ModuleNotFoundError: No module named 'flatten_json'
[2022-05-24 21:20:49,143] {processor.py:653} WARNING - No viable dags retrieved from /opt/airflow/dags/airflow_functions.py
[2022-05-24 21:20:49,165] {processor.py:161} INFO - Processing /opt/airflow/dags/airflow_functions.py took 0.422 seconds
[2022-05-24 21:21:20,119] {processor.py:153} INFO - Started process (PID=1018) to work on /opt/airflow/dags/airflow_functions.py
[2022-05-24 21:21:20,121] {processor.py:641} INFO - Processing file /opt/airflow/dags/airflow_functions.py for tasks to queue
[2022-05-24 21:21:20,122] {logging_mixin.py:115} INFO - [2022-05-24 21:21:20,122] {dagbag.py:507} INFO - Filling up the DagBag from /opt/airflow/dags/airflow_functions.py
[2022-05-24 21:21:20,560] {logging_mixin.py:115} INFO - [2022-05-24 21:21:20,556] {dagbag.py:320} ERROR - Failed to import: /opt/airflow/dags/airflow_functions.py
Traceback (most recent call last):
  File "/home/airflow/.local/lib/python3.7/site-packages/airflow/models/dagbag.py", line 317, in parse
    loader.exec_module(new_module)
  File "<frozen importlib._bootstrap_external>", line 728, in exec_module
  File "<frozen importlib._bootstrap>", line 219, in _call_with_frames_removed
  File "/opt/airflow/dags/airflow_functions.py", line 7, in <module>
    from flatten_json import flatten
ModuleNotFoundError: No module named 'flatten_json'
[2022-05-24 21:21:20,561] {processor.py:653} WARNING - No viable dags retrieved from /opt/airflow/dags/airflow_functions.py
[2022-05-24 21:21:20,586] {processor.py:161} INFO - Processing /opt/airflow/dags/airflow_functions.py took 0.472 seconds
[2022-05-24 21:21:51,116] {processor.py:153} INFO - Started process (PID=1085) to work on /opt/airflow/dags/airflow_functions.py
[2022-05-24 21:21:51,119] {processor.py:641} INFO - Processing file /opt/airflow/dags/airflow_functions.py for tasks to queue
[2022-05-24 21:21:51,121] {logging_mixin.py:115} INFO - [2022-05-24 21:21:51,120] {dagbag.py:507} INFO - Filling up the DagBag from /opt/airflow/dags/airflow_functions.py
[2022-05-24 21:21:51,439] {logging_mixin.py:115} INFO - [2022-05-24 21:21:51,436] {dagbag.py:320} ERROR - Failed to import: /opt/airflow/dags/airflow_functions.py
Traceback (most recent call last):
  File "/home/airflow/.local/lib/python3.7/site-packages/airflow/models/dagbag.py", line 317, in parse
    loader.exec_module(new_module)
  File "<frozen importlib._bootstrap_external>", line 728, in exec_module
  File "<frozen importlib._bootstrap>", line 219, in _call_with_frames_removed
  File "/opt/airflow/dags/airflow_functions.py", line 7, in <module>
    from flatten_json import flatten
ModuleNotFoundError: No module named 'flatten_json'
[2022-05-24 21:21:51,440] {processor.py:653} WARNING - No viable dags retrieved from /opt/airflow/dags/airflow_functions.py
[2022-05-24 21:21:51,452] {processor.py:161} INFO - Processing /opt/airflow/dags/airflow_functions.py took 0.343 seconds
[2022-05-24 21:22:22,063] {processor.py:153} INFO - Started process (PID=1158) to work on /opt/airflow/dags/airflow_functions.py
[2022-05-24 21:22:22,069] {processor.py:641} INFO - Processing file /opt/airflow/dags/airflow_functions.py for tasks to queue
[2022-05-24 21:22:22,072] {logging_mixin.py:115} INFO - [2022-05-24 21:22:22,072] {dagbag.py:507} INFO - Filling up the DagBag from /opt/airflow/dags/airflow_functions.py
[2022-05-24 21:22:22,497] {logging_mixin.py:115} INFO - [2022-05-24 21:22:22,492] {dagbag.py:320} ERROR - Failed to import: /opt/airflow/dags/airflow_functions.py
Traceback (most recent call last):
  File "/home/airflow/.local/lib/python3.7/site-packages/airflow/models/dagbag.py", line 317, in parse
    loader.exec_module(new_module)
  File "<frozen importlib._bootstrap_external>", line 728, in exec_module
  File "<frozen importlib._bootstrap>", line 219, in _call_with_frames_removed
  File "/opt/airflow/dags/airflow_functions.py", line 7, in <module>
    from flatten_json import flatten
ModuleNotFoundError: No module named 'flatten_json'
[2022-05-24 21:22:22,499] {processor.py:653} WARNING - No viable dags retrieved from /opt/airflow/dags/airflow_functions.py
[2022-05-24 21:22:22,514] {processor.py:161} INFO - Processing /opt/airflow/dags/airflow_functions.py took 0.459 seconds
